2015-09-17 15:30:43 Log4jImpl.java DEBUG Retrieving column information for table "booksales.bsuser"
2015-09-17 15:30:43 Log4jImpl.java DEBUG Found column "UserId", data type 4, in table "booksales..bsuser"
2015-09-17 15:30:43 Log4jImpl.java DEBUG Found column "UserName", data type 12, in table "booksales..bsuser"
2015-09-17 15:30:43 Log4jImpl.java DEBUG Found column "Password", data type 12, in table "booksales..bsuser"
2015-09-17 15:30:43 Log4jImpl.java DEBUG Found column "Credit", data type 4, in table "booksales..bsuser"
2015-09-17 15:30:43 Log4jImpl.java DEBUG Found column "Email", data type 12, in table "booksales..bsuser"
2015-09-17 15:30:43 Log4jImpl.java DEBUG Found column "IsRoot", data type 1, in table "booksales..bsuser"
2015-09-17 15:30:43 Log4jImpl.java DEBUG Retrieving column information for table "booksales.bsbook"
2015-09-17 15:30:43 Log4jImpl.java DEBUG Found column "BookId", data type 4, in table "booksales..bsbook"
2015-09-17 15:30:43 Log4jImpl.java DEBUG Found column "BookName", data type 12, in table "booksales..bsbook"
2015-09-17 15:30:43 Log4jImpl.java DEBUG Found column "Author", data type 12, in table "booksales..bsbook"
2015-09-17 15:30:43 Log4jImpl.java DEBUG Found column "Publish", data type 12, in table "booksales..bsbook"
2015-09-17 15:30:43 Log4jImpl.java DEBUG Found column "ISBN", data type 12, in table "booksales..bsbook"
2015-09-17 15:30:43 Log4jImpl.java DEBUG Found column "PublishDate", data type 12, in table "booksales..bsbook"
2015-09-17 15:30:43 Log4jImpl.java DEBUG Found column "Picture", data type 12, in table "booksales..bsbook"
2015-09-17 15:30:43 Log4jImpl.java DEBUG Found column "Intro", data type -1, in table "booksales..bsbook"
2015-09-17 15:30:43 Log4jImpl.java DEBUG Found column "Repertory", data type 1, in table "booksales..bsbook"
2015-09-17 15:30:43 Log4jImpl.java DEBUG Found column "Price", data type 3, in table "booksales..bsbook"
2015-09-17 15:30:43 Log4jImpl.java DEBUG Found column "Stock", data type 4, in table "booksales..bsbook"
2015-09-17 15:30:43 Log4jImpl.java DEBUG Found column "Sales", data type 4, in table "booksales..bsbook"
2015-09-17 15:30:43 Log4jImpl.java DEBUG Found column "BookClassId", data type 4, in table "booksales..bsbook"
2015-09-17 15:30:43 Log4jImpl.java DEBUG Found column "IsRecommend", data type 1, in table "booksales..bsbook"
2015-09-17 15:30:43 Log4jImpl.java DEBUG Retrieving column information for table "booksales.bscart"
2015-09-17 15:30:43 Log4jImpl.java DEBUG Found column "CartId", data type 4, in table "booksales..bscart"
2015-09-17 15:30:43 Log4jImpl.java DEBUG Found column "UserId", data type 4, in table "booksales..bscart"
2015-09-17 15:30:43 Log4jImpl.java DEBUG Found column "UserName", data type 12, in table "booksales..bscart"
2015-09-17 15:30:43 Log4jImpl.java DEBUG Found column "BookId", data type 4, in table "booksales..bscart"
2015-09-17 15:30:43 Log4jImpl.java DEBUG Found column "BookName", data type 12, in table "booksales..bscart"
2015-09-17 15:30:43 Log4jImpl.java DEBUG Found column "BookNum", data type 4, in table "booksales..bscart"
2015-09-17 15:30:43 Log4jImpl.java DEBUG Found column "Amount", data type 3, in table "booksales..bscart"
2015-09-17 15:30:43 Log4jImpl.java DEBUG Found column "OrderId", data type 4, in table "booksales..bscart"
2015-09-17 15:30:43 Log4jImpl.java DEBUG Retrieving column information for table "booksales.bsclass"
2015-09-17 15:30:43 Log4jImpl.java DEBUG Found column "ClassId", data type 4, in table "booksales..bsclass"
2015-09-17 15:30:43 Log4jImpl.java DEBUG Found column "ClassName", data type 12, in table "booksales..bsclass"
2015-09-17 15:30:43 Log4jImpl.java DEBUG Found column "ClassFatherId", data type 4, in table "booksales..bsclass"
2015-09-17 15:30:43 Log4jImpl.java DEBUG Retrieving column information for table "booksales.bscollect"
2015-09-17 15:30:43 Log4jImpl.java DEBUG Found column "CollectId", data type 4, in table "booksales..bscollect"
2015-09-17 15:30:43 Log4jImpl.java DEBUG Found column "UserId", data type 4, in table "booksales..bscollect"
2015-09-17 15:30:43 Log4jImpl.java DEBUG Found column "BookId", data type 4, in table "booksales..bscollect"
2015-09-17 15:30:43 Log4jImpl.java DEBUG Retrieving column information for table "booksales.bsnotice"
2015-09-17 15:30:43 Log4jImpl.java DEBUG Found column "NoticeId", data type 4, in table "booksales..bsnotice"
2015-09-17 15:30:43 Log4jImpl.java DEBUG Found column "NoticTitle", data type 12, in table "booksales..bsnotice"
2015-09-17 15:30:43 Log4jImpl.java DEBUG Found column "NoticeTime", data type 93, in table "booksales..bsnotice"
2015-09-17 15:30:43 Log4jImpl.java DEBUG Found column "BookId", data type 4, in table "booksales..bsnotice"
2015-09-17 15:30:43 Log4jImpl.java DEBUG Retrieving column information for table "booksales.bsorder"
2015-09-17 15:30:43 Log4jImpl.java DEBUG Found column "OrderId", data type 4, in table "booksales..bsorder"
2015-09-17 15:30:43 Log4jImpl.java DEBUG Found column "UserId", data type 4, in table "booksales..bsorder"
2015-09-17 15:30:43 Log4jImpl.java DEBUG Found column "Sum", data type 3, in table "booksales..bsorder"
2015-09-17 15:30:43 Log4jImpl.java DEBUG Found column "ReceiverId", data type 4, in table "booksales..bsorder"
2015-09-17 15:30:43 Log4jImpl.java DEBUG Found column "OrderStates", data type 1, in table "booksales..bsorder"
2015-09-17 15:30:43 Log4jImpl.java DEBUG Found column "LogisticsStates", data type 1, in table "booksales..bsorder"
2015-09-17 15:30:43 Log4jImpl.java DEBUG Found column "PayWay", data type 1, in table "booksales..bsorder"
2015-09-17 15:30:43 Log4jImpl.java DEBUG Found column "OrderTime", data type 93, in table "booksales..bsorder"
2015-09-17 15:30:43 Log4jImpl.java DEBUG Retrieving column information for table "booksales.bsreceiver"
2015-09-17 15:30:43 Log4jImpl.java DEBUG Found column "ReceiverId", data type 4, in table "booksales..bsreceiver"
2015-09-17 15:30:43 Log4jImpl.java DEBUG Found column "UserId", data type 4, in table "booksales..bsreceiver"
2015-09-17 15:30:43 Log4jImpl.java DEBUG Found column "ReceiverName", data type 12, in table "booksales..bsreceiver"
2015-09-17 15:30:43 Log4jImpl.java DEBUG Found column "ReceiverTel", data type 1, in table "booksales..bsreceiver"
2015-09-17 15:30:43 Log4jImpl.java DEBUG Found column "ReceiverAddress", data type 12, in table "booksales..bsreceiver"
2015-09-17 15:30:43 Log4jImpl.java DEBUG Retrieving column information for table "booksales.bscomment"
2015-09-17 15:30:43 Log4jImpl.java DEBUG Found column "CommentId", data type 4, in table "booksales..bscomment"
2015-09-17 15:30:43 Log4jImpl.java DEBUG Found column "UserId", data type 4, in table "booksales..bscomment"
2015-09-17 15:30:43 Log4jImpl.java DEBUG Found column "BookId", data type 4, in table "booksales..bscomment"
2015-09-17 15:30:43 Log4jImpl.java DEBUG Found column "CommentTime", data type 93, in table "booksales..bscomment"
2015-09-17 15:30:43 Log4jImpl.java DEBUG Found column "CommentContext", data type 12, in table "booksales..bscomment"
2015-09-17 15:30:43 Log4jImpl.java DEBUG Found column "CommentLevel", data type 4, in table "booksales..bscomment"
