localhost 0:0:0:0:0:0:0:1 - - [2015-09-13 14:57:45] "GET /BBSS/login HTTP/1.1" 200 - "http://localhost:8081/BBSS/" "Mozilla/5.0 (Windows NT 10.0; WOW64) AppleWebKit/537.36 (KHTML, like Gecko) Chrome/44.0.2403.157 Safari/537.36" "JSESSIONID=10c69n7z7fe082u5stsvs4qgr"
localhost 0:0:0:0:0:0:0:1 - - [2015-09-13 14:57:45] "GET /BBSS/resources/Font-Awesome/css/bootstrap.min.css HTTP/1.1" 404 333 "http://localhost:8081/BBSS/login" "Mozilla/5.0 (Windows NT 10.0; WOW64) AppleWebKit/537.36 (KHTML, like Gecko) Chrome/44.0.2403.157 Safari/537.36" "JSESSIONID=um3mnjee25ly12qt1i1vo11e2"
localhost 0:0:0:0:0:0:0:1 - - [2015-09-13 14:57:45] "GET /BBSS/jquery.min.js HTTP/1.1" 404 302 "http://localhost:8081/BBSS/login" "Mozilla/5.0 (Windows NT 10.0; WOW64) AppleWebKit/537.36 (KHTML, like Gecko) Chrome/44.0.2403.157 Safari/537.36" "JSESSIONID=um3mnjee25ly12qt1i1vo11e2"
localhost 0:0:0:0:0:0:0:1 - - [2015-09-13 14:57:45] "GET /BBSS/js/bootstrap.min.js HTTP/1.1" 404 308 "http://localhost:8081/BBSS/login" "Mozilla/5.0 (Windows NT 10.0; WOW64) AppleWebKit/537.36 (KHTML, like Gecko) Chrome/44.0.2403.157 Safari/537.36" "JSESSIONID=um3mnjee25ly12qt1i1vo11e2"
localhost 0:0:0:0:0:0:0:1 - - [2015-09-13 14:57:45] "GET /BBSS/resources/Font-Awesome/css/font-awesome.min.css HTTP/1.1" 304 - "http://localhost:8081/BBSS/login" "Mozilla/5.0 (Windows NT 10.0; WOW64) AppleWebKit/537.36 (KHTML, like Gecko) Chrome/44.0.2403.157 Safari/537.36" "JSESSIONID=um3mnjee25ly12qt1i1vo11e2"
localhost 0:0:0:0:0:0:0:1 - - [2015-09-13 14:57:45] "GET /BBSS/resources/images/01.jpg HTTP/1.1" 304 - "http://localhost:8081/BBSS/login" "Mozilla/5.0 (Windows NT 10.0; WOW64) AppleWebKit/537.36 (KHTML, like Gecko) Chrome/44.0.2403.157 Safari/537.36" "JSESSIONID=um3mnjee25ly12qt1i1vo11e2"
localhost 0:0:0:0:0:0:0:1 - - [2015-09-13 14:57:45] "GET /BBSS/resources/css/bootstrap.min.css HTTP/1.1" 304 - "http://localhost:8081/BBSS/login" "Mozilla/5.0 (Windows NT 10.0; WOW64) AppleWebKit/537.36 (KHTML, like Gecko) Chrome/44.0.2403.157 Safari/537.36" "JSESSIONID=um3mnjee25ly12qt1i1vo11e2"
localhost 0:0:0:0:0:0:0:1 - - [2015-09-13 14:57:45] "GET /BBSS/VerifyCodeServlet HTTP/1.1" 200 - "http://localhost:8081/BBSS/login" "Mozilla/5.0 (Windows NT 10.0; WOW64) AppleWebKit/537.36 (KHTML, like Gecko) Chrome/44.0.2403.157 Safari/537.36" "JSESSIONID=um3mnjee25ly12qt1i1vo11e2"
localhost 0:0:0:0:0:0:0:1 - - [2015-09-13 14:57:46] "GET /favicon.ico HTTP/1.1" 200 1150 "http://localhost:8081/BBSS/login" "Mozilla/5.0 (Windows NT 10.0; WOW64) AppleWebKit/537.36 (KHTML, like Gecko) Chrome/44.0.2403.157 Safari/537.36" -
localhost 0:0:0:0:0:0:0:1 - - [2015-09-13 14:57:47] "POST /BBSS/login HTTP/1.1" 500 8183 "http://localhost:8081/BBSS/login" "Mozilla/5.0 (Windows NT 10.0; WOW64) AppleWebKit/537.36 (KHTML, like Gecko) Chrome/44.0.2403.157 Safari/537.36" "JSESSIONID=um3mnjee25ly12qt1i1vo11e2"
localhost 0:0:0:0:0:0:0:1 - - [2015-09-13 19:30:47] "POST /BBSS/login HTTP/1.1" 500 8183 "http://localhost:8081/BBSS/login" "Mozilla/5.0 (Windows NT 10.0; WOW64) AppleWebKit/537.36 (KHTML, like Gecko) Chrome/44.0.2403.157 Safari/537.36" "JSESSIONID=um3mnjee25ly12qt1i1vo11e2"
localhost 0:0:0:0:0:0:0:1 - - [2015-09-13 19:30:48] "GET /favicon.ico HTTP/1.1" 200 1150 "http://localhost:8081/BBSS/login" "Mozilla/5.0 (Windows NT 10.0; WOW64) AppleWebKit/537.36 (KHTML, like Gecko) Chrome/44.0.2403.157 Safari/537.36" -
localhost 0:0:0:0:0:0:0:1 - - [2015-09-13 19:30:51] "GET /BBSS/login HTTP/1.1" 200 - "http://localhost:8081/BBSS/" "Mozilla/5.0 (Windows NT 10.0; WOW64) AppleWebKit/537.36 (KHTML, like Gecko) Chrome/44.0.2403.157 Safari/537.36" "JSESSIONID=um3mnjee25ly12qt1i1vo11e2"
localhost 0:0:0:0:0:0:0:1 - - [2015-09-13 19:30:52] "GET /BBSS/resources/Font-Awesome/css/bootstrap.min.css HTTP/1.1" 404 333 "http://localhost:8081/BBSS/login" "Mozilla/5.0 (Windows NT 10.0; WOW64) AppleWebKit/537.36 (KHTML, like Gecko) Chrome/44.0.2403.157 Safari/537.36" "JSESSIONID=fsv6sp7cb1xifkieaqp55gp9"
localhost 0:0:0:0:0:0:0:1 - - [2015-09-13 19:30:52] "GET /BBSS/jquery.min.js HTTP/1.1" 404 302 "http://localhost:8081/BBSS/login" "Mozilla/5.0 (Windows NT 10.0; WOW64) AppleWebKit/537.36 (KHTML, like Gecko) Chrome/44.0.2403.157 Safari/537.36" "JSESSIONID=fsv6sp7cb1xifkieaqp55gp9"
localhost 0:0:0:0:0:0:0:1 - - [2015-09-13 19:30:52] "GET /BBSS/js/bootstrap.min.js HTTP/1.1" 404 308 "http://localhost:8081/BBSS/login" "Mozilla/5.0 (Windows NT 10.0; WOW64) AppleWebKit/537.36 (KHTML, like Gecko) Chrome/44.0.2403.157 Safari/537.36" "JSESSIONID=fsv6sp7cb1xifkieaqp55gp9"
localhost 0:0:0:0:0:0:0:1 - - [2015-09-13 19:30:52] "GET /BBSS/resources/css/bootstrap.min.css HTTP/1.1" 304 - "http://localhost:8081/BBSS/login" "Mozilla/5.0 (Windows NT 10.0; WOW64) AppleWebKit/537.36 (KHTML, like Gecko) Chrome/44.0.2403.157 Safari/537.36" "JSESSIONID=fsv6sp7cb1xifkieaqp55gp9"
localhost 0:0:0:0:0:0:0:1 - - [2015-09-13 19:30:52] "GET /BBSS/resources/images/01.jpg HTTP/1.1" 304 - "http://localhost:8081/BBSS/login" "Mozilla/5.0 (Windows NT 10.0; WOW64) AppleWebKit/537.36 (KHTML, like Gecko) Chrome/44.0.2403.157 Safari/537.36" "JSESSIONID=fsv6sp7cb1xifkieaqp55gp9"
localhost 0:0:0:0:0:0:0:1 - - [2015-09-13 19:30:52] "GET /BBSS/resources/Font-Awesome/css/font-awesome.min.css HTTP/1.1" 304 - "http://localhost:8081/BBSS/login" "Mozilla/5.0 (Windows NT 10.0; WOW64) AppleWebKit/537.36 (KHTML, like Gecko) Chrome/44.0.2403.157 Safari/537.36" "JSESSIONID=fsv6sp7cb1xifkieaqp55gp9"
localhost 0:0:0:0:0:0:0:1 - - [2015-09-13 19:30:53] "GET /favicon.ico HTTP/1.1" 200 1150 "http://localhost:8081/BBSS/login" "Mozilla/5.0 (Windows NT 10.0; WOW64) AppleWebKit/537.36 (KHTML, like Gecko) Chrome/44.0.2403.157 Safari/537.36" -
localhost 0:0:0:0:0:0:0:1 - - [2015-09-13 19:30:52] "GET /BBSS/VerifyCodeServlet HTTP/1.1" 200 - "http://localhost:8081/BBSS/login" "Mozilla/5.0 (Windows NT 10.0; WOW64) AppleWebKit/537.36 (KHTML, like Gecko) Chrome/44.0.2403.157 Safari/537.36" "JSESSIONID=fsv6sp7cb1xifkieaqp55gp9"
localhost 0:0:0:0:0:0:0:1 - - [2015-09-13 19:30:58] "POST /BBSS/login HTTP/1.1" 200 - "http://localhost:8081/BBSS/login" "Mozilla/5.0 (Windows NT 10.0; WOW64) AppleWebKit/537.36 (KHTML, like Gecko) Chrome/44.0.2403.157 Safari/537.36" "JSESSIONID=fsv6sp7cb1xifkieaqp55gp9"
localhost 0:0:0:0:0:0:0:1 - - [2015-09-13 19:31:49] "GET /BBSS/login HTTP/1.1" 200 - "http://localhost:8081/BBSS/" "Mozilla/5.0 (Windows NT 10.0; WOW64) AppleWebKit/537.36 (KHTML, like Gecko) Chrome/44.0.2403.157 Safari/537.36" "JSESSIONID=fsv6sp7cb1xifkieaqp55gp9"
localhost 0:0:0:0:0:0:0:1 - - [2015-09-13 19:31:49] "GET /BBSS/VerifyCodeServlet HTTP/1.1" 200 - "http://localhost:8081/BBSS/login" "Mozilla/5.0 (Windows NT 10.0; WOW64) AppleWebKit/537.36 (KHTML, like Gecko) Chrome/44.0.2403.157 Safari/537.36" "JSESSIONID=fsv6sp7cb1xifkieaqp55gp9"
localhost 0:0:0:0:0:0:0:1 - - [2015-09-13 19:31:54] "POST /BBSS/login HTTP/1.1" 200 - "http://localhost:8081/BBSS/login" "Mozilla/5.0 (Windows NT 10.0; WOW64) AppleWebKit/537.36 (KHTML, like Gecko) Chrome/44.0.2403.157 Safari/537.36" "JSESSIONID=fsv6sp7cb1xifkieaqp55gp9"
