localhost 0:0:0:0:0:0:0:1 - - [2015-09-18 00:27:32] "POST /BBSS/addBook HTTP/1.1" 200 - "http://localhost:8081/BBSS/addBook" "Mozilla/5.0 (Windows NT 10.0; WOW64) AppleWebKit/537.36 (KHTML, like Gecko) Chrome/42.0.2311.152 Safari/537.36" "JSESSIONID=thbh7mphh93av5p724so2x5b"
localhost 0:0:0:0:0:0:0:1 - - [2015-09-18 00:28:15] "GET /BBSS/addBook HTTP/1.1" 200 - "http://localhost:8081/BBSS/" "Mozilla/5.0 (Windows NT 10.0; WOW64) AppleWebKit/537.36 (KHTML, like Gecko) Chrome/42.0.2311.152 Safari/537.36" "JSESSIONID=thbh7mphh93av5p724so2x5b"
localhost 0:0:0:0:0:0:0:1 - - [2015-09-18 00:28:21] "POST /BBSS/addBook HTTP/1.1" 200 - "http://localhost:8081/BBSS/addBook" "Mozilla/5.0 (Windows NT 10.0; WOW64) AppleWebKit/537.36 (KHTML, like Gecko) Chrome/42.0.2311.152 Safari/537.36" "JSESSIONID=thbh7mphh93av5p724so2x5b"
localhost 0:0:0:0:0:0:0:1 - - [2015-09-18 00:28:33] "GET /BBSS/addBook HTTP/1.1" 200 - "http://localhost:8081/BBSS/" "Mozilla/5.0 (Windows NT 10.0; WOW64) AppleWebKit/537.36 (KHTML, like Gecko) Chrome/42.0.2311.152 Safari/537.36" "JSESSIONID=thbh7mphh93av5p724so2x5b"
localhost 0:0:0:0:0:0:0:1 - - [2015-09-18 00:28:36] "POST /BBSS/addBook HTTP/1.1" 200 - "http://localhost:8081/BBSS/addBook" "Mozilla/5.0 (Windows NT 10.0; WOW64) AppleWebKit/537.36 (KHTML, like Gecko) Chrome/42.0.2311.152 Safari/537.36" "JSESSIONID=thbh7mphh93av5p724so2x5b"
localhost 0:0:0:0:0:0:0:1 - - [2015-09-18 00:28:38] "GET /BBSS/addBook HTTP/1.1" 200 - "http://localhost:8081/BBSS/" "Mozilla/5.0 (Windows NT 10.0; WOW64) AppleWebKit/537.36 (KHTML, like Gecko) Chrome/42.0.2311.152 Safari/537.36" "JSESSIONID=thbh7mphh93av5p724so2x5b"
localhost 0:0:0:0:0:0:0:1 - - [2015-09-18 00:28:40] "POST /BBSS/addBook HTTP/1.1" 200 - "http://localhost:8081/BBSS/addBook" "Mozilla/5.0 (Windows NT 10.0; WOW64) AppleWebKit/537.36 (KHTML, like Gecko) Chrome/42.0.2311.152 Safari/537.36" "JSESSIONID=thbh7mphh93av5p724so2x5b"
localhost 0:0:0:0:0:0:0:1 - - [2015-09-18 00:28:42] "GET /BBSS/addBook HTTP/1.1" 200 - "http://localhost:8081/BBSS/" "Mozilla/5.0 (Windows NT 10.0; WOW64) AppleWebKit/537.36 (KHTML, like Gecko) Chrome/42.0.2311.152 Safari/537.36" "JSESSIONID=thbh7mphh93av5p724so2x5b"
localhost 0:0:0:0:0:0:0:1 - - [2015-09-18 00:28:45] "POST /BBSS/addBook HTTP/1.1" 200 - "http://localhost:8081/BBSS/addBook" "Mozilla/5.0 (Windows NT 10.0; WOW64) AppleWebKit/537.36 (KHTML, like Gecko) Chrome/42.0.2311.152 Safari/537.36" "JSESSIONID=thbh7mphh93av5p724so2x5b"
localhost 0:0:0:0:0:0:0:1 - - [2015-09-18 00:28:46] "GET /BBSS/addBook HTTP/1.1" 200 - "http://localhost:8081/BBSS/" "Mozilla/5.0 (Windows NT 10.0; WOW64) AppleWebKit/537.36 (KHTML, like Gecko) Chrome/42.0.2311.152 Safari/537.36" "JSESSIONID=thbh7mphh93av5p724so2x5b"
localhost 0:0:0:0:0:0:0:1 - - [2015-09-18 00:28:49] "POST /BBSS/addBook HTTP/1.1" 200 - "http://localhost:8081/BBSS/addBook" "Mozilla/5.0 (Windows NT 10.0; WOW64) AppleWebKit/537.36 (KHTML, like Gecko) Chrome/42.0.2311.152 Safari/537.36" "JSESSIONID=thbh7mphh93av5p724so2x5b"
localhost 0:0:0:0:0:0:0:1 - - [2015-09-18 00:28:51] "GET /BBSS/addBook HTTP/1.1" 200 - "http://localhost:8081/BBSS/" "Mozilla/5.0 (Windows NT 10.0; WOW64) AppleWebKit/537.36 (KHTML, like Gecko) Chrome/42.0.2311.152 Safari/537.36" "JSESSIONID=thbh7mphh93av5p724so2x5b"
localhost 0:0:0:0:0:0:0:1 - - [2015-09-18 00:28:58] "POST /BBSS/addBook HTTP/1.1" 200 - "http://localhost:8081/BBSS/addBook" "Mozilla/5.0 (Windows NT 10.0; WOW64) AppleWebKit/537.36 (KHTML, like Gecko) Chrome/42.0.2311.152 Safari/537.36" "JSESSIONID=thbh7mphh93av5p724so2x5b"
localhost 0:0:0:0:0:0:0:1 - - [2015-09-18 00:29:00] "GET /BBSS/addBook HTTP/1.1" 200 - "http://localhost:8081/BBSS/" "Mozilla/5.0 (Windows NT 10.0; WOW64) AppleWebKit/537.36 (KHTML, like Gecko) Chrome/42.0.2311.152 Safari/537.36" "JSESSIONID=thbh7mphh93av5p724so2x5b"
localhost 0:0:0:0:0:0:0:1 - - [2015-09-18 07:26:23] "GET /BBSS/ HTTP/1.1" 200 - "-" "Mozilla/5.0 (Windows NT 10.0; WOW64) AppleWebKit/537.36 (KHTML, like Gecko) Chrome/44.0.2403.157 Safari/537.36" -
localhost 0:0:0:0:0:0:0:1 - - [2015-09-18 07:26:25] "GET /BBSS/addBook HTTP/1.1" 200 - "http://localhost:8081/BBSS/" "Mozilla/5.0 (Windows NT 10.0; WOW64) AppleWebKit/537.36 (KHTML, like Gecko) Chrome/44.0.2403.157 Safari/537.36" "JSESSIONID=fcywxa9kl538ju817lbyx68t"
localhost 0:0:0:0:0:0:0:1 - - [2015-09-18 07:26:26] "GET /BBSS/resources/css/jquery.cxcalendar.css HTTP/1.1" 200 2820 "http://localhost:8081/BBSS/addBook" "Mozilla/5.0 (Windows NT 10.0; WOW64) AppleWebKit/537.36 (KHTML, like Gecko) Chrome/44.0.2403.157 Safari/537.36" "JSESSIONID=fcywxa9kl538ju817lbyx68t"
localhost 0:0:0:0:0:0:0:1 - - [2015-09-18 07:26:26] "GET /BBSS/resources/Font-Awesome/css/bootstrap.min.css HTTP/1.1" 404 333 "http://localhost:8081/BBSS/addBook" "Mozilla/5.0 (Windows NT 10.0; WOW64) AppleWebKit/537.36 (KHTML, like Gecko) Chrome/44.0.2403.157 Safari/537.36" "JSESSIONID=fcywxa9kl538ju817lbyx68t"
localhost 0:0:0:0:0:0:0:1 - - [2015-09-18 07:26:26] "GET /BBSS/resources/js/jquery.cxcalendar.js HTTP/1.1" 200 21535 "http://localhost:8081/BBSS/addBook" "Mozilla/5.0 (Windows NT 10.0; WOW64) AppleWebKit/537.36 (KHTML, like Gecko) Chrome/44.0.2403.157 Safari/537.36" "JSESSIONID=fcywxa9kl538ju817lbyx68t"
localhost 0:0:0:0:0:0:0:1 - - [2015-09-18 07:26:26] "GET /BBSS/resources/js/bootstrap.min.js HTTP/1.1" 304 - "http://localhost:8081/BBSS/addBook" "Mozilla/5.0 (Windows NT 10.0; WOW64) AppleWebKit/537.36 (KHTML, like Gecko) Chrome/44.0.2403.157 Safari/537.36" "JSESSIONID=fcywxa9kl538ju817lbyx68t"
localhost 0:0:0:0:0:0:0:1 - - [2015-09-18 07:26:26] "GET /BBSS/resources/js/jquery.validate.min.js HTTP/1.1" 304 - "http://localhost:8081/BBSS/addBook" "Mozilla/5.0 (Windows NT 10.0; WOW64) AppleWebKit/537.36 (KHTML, like Gecko) Chrome/44.0.2403.157 Safari/537.36" "JSESSIONID=fcywxa9kl538ju817lbyx68t"
localhost 0:0:0:0:0:0:0:1 - - [2015-09-18 07:26:26] "GET /BBSS/resources/Font-Awesome/css/font-awesome.min.css HTTP/1.1" 304 - "http://localhost:8081/BBSS/addBook" "Mozilla/5.0 (Windows NT 10.0; WOW64) AppleWebKit/537.36 (KHTML, like Gecko) Chrome/44.0.2403.157 Safari/537.36" "JSESSIONID=fcywxa9kl538ju817lbyx68t"
localhost 0:0:0:0:0:0:0:1 - - [2015-09-18 07:26:26] "GET /BBSS/resources/js/jquery.min.js HTTP/1.1" 304 - "http://localhost:8081/BBSS/addBook" "Mozilla/5.0 (Windows NT 10.0; WOW64) AppleWebKit/537.36 (KHTML, like Gecko) Chrome/44.0.2403.157 Safari/537.36" "JSESSIONID=fcywxa9kl538ju817lbyx68t"
localhost 0:0:0:0:0:0:0:1 - - [2015-09-18 07:26:26] "GET /BBSS/resources/css/bootstrap.min.css HTTP/1.1" 304 - "http://localhost:8081/BBSS/addBook" "Mozilla/5.0 (Windows NT 10.0; WOW64) AppleWebKit/537.36 (KHTML, like Gecko) Chrome/44.0.2403.157 Safari/537.36" "JSESSIONID=fcywxa9kl538ju817lbyx68t"
localhost 0:0:0:0:0:0:0:1 - - [2015-09-18 07:29:53] "GET /BBSS/addBook HTTP/1.1" 200 - "http://localhost:8081/BBSS/" "Mozilla/5.0 (Windows NT 10.0; WOW64) AppleWebKit/537.36 (KHTML, like Gecko) Chrome/44.0.2403.157 Safari/537.36" "JSESSIONID=fcywxa9kl538ju817lbyx68t"
localhost 0:0:0:0:0:0:0:1 - - [2015-09-18 07:29:53] "GET /BBSS/resources/css/bootstrap.min.css HTTP/1.1" 304 - "http://localhost:8081/BBSS/addBook" "Mozilla/5.0 (Windows NT 10.0; WOW64) AppleWebKit/537.36 (KHTML, like Gecko) Chrome/44.0.2403.157 Safari/537.36" "JSESSIONID=fcywxa9kl538ju817lbyx68t"
localhost 0:0:0:0:0:0:0:1 - - [2015-09-18 07:29:53] "GET /BBSS/resources/Font-Awesome/css/bootstrap.min.css HTTP/1.1" 404 333 "http://localhost:8081/BBSS/addBook" "Mozilla/5.0 (Windows NT 10.0; WOW64) AppleWebKit/537.36 (KHTML, like Gecko) Chrome/44.0.2403.157 Safari/537.36" "JSESSIONID=fcywxa9kl538ju817lbyx68t"
localhost 0:0:0:0:0:0:0:1 - - [2015-09-18 07:29:53] "GET /BBSS/resources/Font-Awesome/css/font-awesome.min.css HTTP/1.1" 304 - "http://localhost:8081/BBSS/addBook" "Mozilla/5.0 (Windows NT 10.0; WOW64) AppleWebKit/537.36 (KHTML, like Gecko) Chrome/44.0.2403.157 Safari/537.36" "JSESSIONID=fcywxa9kl538ju817lbyx68t"
localhost 0:0:0:0:0:0:0:1 - - [2015-09-18 07:29:53] "GET /BBSS/resources/js/jquery.min.js HTTP/1.1" 304 - "http://localhost:8081/BBSS/addBook" "Mozilla/5.0 (Windows NT 10.0; WOW64) AppleWebKit/537.36 (KHTML, like Gecko) Chrome/44.0.2403.157 Safari/537.36" "JSESSIONID=fcywxa9kl538ju817lbyx68t"
localhost 0:0:0:0:0:0:0:1 - - [2015-09-18 07:29:53] "GET /BBSS/resources/js/jquery.validate.min.js HTTP/1.1" 304 - "http://localhost:8081/BBSS/addBook" "Mozilla/5.0 (Windows NT 10.0; WOW64) AppleWebKit/537.36 (KHTML, like Gecko) Chrome/44.0.2403.157 Safari/537.36" "JSESSIONID=fcywxa9kl538ju817lbyx68t"
localhost 0:0:0:0:0:0:0:1 - - [2015-09-18 07:29:53] "GET /BBSS/resources/js/jquery.cxcalendar.js HTTP/1.1" 304 - "http://localhost:8081/BBSS/addBook" "Mozilla/5.0 (Windows NT 10.0; WOW64) AppleWebKit/537.36 (KHTML, like Gecko) Chrome/44.0.2403.157 Safari/537.36" "JSESSIONID=fcywxa9kl538ju817lbyx68t"
localhost 0:0:0:0:0:0:0:1 - - [2015-09-18 07:29:53] "GET /BBSS/resources/css/jquery.cxcalendar.css HTTP/1.1" 304 - "http://localhost:8081/BBSS/addBook" "Mozilla/5.0 (Windows NT 10.0; WOW64) AppleWebKit/537.36 (KHTML, like Gecko) Chrome/44.0.2403.157 Safari/537.36" "JSESSIONID=fcywxa9kl538ju817lbyx68t"
localhost 0:0:0:0:0:0:0:1 - - [2015-09-18 07:29:53] "GET /BBSS/resources/js/bootstrap.min.js HTTP/1.1" 304 - "http://localhost:8081/BBSS/addBook" "Mozilla/5.0 (Windows NT 10.0; WOW64) AppleWebKit/537.36 (KHTML, like Gecko) Chrome/44.0.2403.157 Safari/537.36" "JSESSIONID=fcywxa9kl538ju817lbyx68t"
localhost 0:0:0:0:0:0:0:1 - - [2015-09-18 07:29:53] "GET /favicon.ico HTTP/1.1" 200 1150 "http://localhost:8081/BBSS/addBook" "Mozilla/5.0 (Windows NT 10.0; WOW64) AppleWebKit/537.36 (KHTML, like Gecko) Chrome/44.0.2403.157 Safari/537.36" -
localhost 0:0:0:0:0:0:0:1 - - [2015-09-18 07:30:28] "GET /BBSS/addBook HTTP/1.1" 200 - "http://localhost:8081/BBSS/" "Mozilla/5.0 (Windows NT 10.0; WOW64) AppleWebKit/537.36 (KHTML, like Gecko) Chrome/44.0.2403.157 Safari/537.36" "JSESSIONID=fcywxa9kl538ju817lbyx68t"
localhost 0:0:0:0:0:0:0:1 - - [2015-09-18 07:30:29] "GET /BBSS/resources/css/bootstrap.min.css HTTP/1.1" 304 - "http://localhost:8081/BBSS/addBook" "Mozilla/5.0 (Windows NT 10.0; WOW64) AppleWebKit/537.36 (KHTML, like Gecko) Chrome/44.0.2403.157 Safari/537.36" "JSESSIONID=fcywxa9kl538ju817lbyx68t"
localhost 0:0:0:0:0:0:0:1 - - [2015-09-18 07:30:29] "GET /BBSS/resources/Font-Awesome/css/bootstrap.min.css HTTP/1.1" 404 333 "http://localhost:8081/BBSS/addBook" "Mozilla/5.0 (Windows NT 10.0; WOW64) AppleWebKit/537.36 (KHTML, like Gecko) Chrome/44.0.2403.157 Safari/537.36" "JSESSIONID=fcywxa9kl538ju817lbyx68t"
localhost 0:0:0:0:0:0:0:1 - - [2015-09-18 07:30:29] "GET /BBSS/resources/js/jquery.min.js HTTP/1.1" 304 - "http://localhost:8081/BBSS/addBook" "Mozilla/5.0 (Windows NT 10.0; WOW64) AppleWebKit/537.36 (KHTML, like Gecko) Chrome/44.0.2403.157 Safari/537.36" "JSESSIONID=fcywxa9kl538ju817lbyx68t"
localhost 0:0:0:0:0:0:0:1 - - [2015-09-18 07:30:29] "GET /BBSS/resources/css/jquery.cxcalendar.css HTTP/1.1" 304 - "http://localhost:8081/BBSS/addBook" "Mozilla/5.0 (Windows NT 10.0; WOW64) AppleWebKit/537.36 (KHTML, like Gecko) Chrome/44.0.2403.157 Safari/537.36" "JSESSIONID=fcywxa9kl538ju817lbyx68t"
localhost 0:0:0:0:0:0:0:1 - - [2015-09-18 07:30:29] "GET /BBSS/resources/js/jquery.cxcalendar.js HTTP/1.1" 304 - "http://localhost:8081/BBSS/addBook" "Mozilla/5.0 (Windows NT 10.0; WOW64) AppleWebKit/537.36 (KHTML, like Gecko) Chrome/44.0.2403.157 Safari/537.36" "JSESSIONID=fcywxa9kl538ju817lbyx68t"
localhost 0:0:0:0:0:0:0:1 - - [2015-09-18 07:30:29] "GET /BBSS/resources/js/jquery.validate.min.js HTTP/1.1" 304 - "http://localhost:8081/BBSS/addBook" "Mozilla/5.0 (Windows NT 10.0; WOW64) AppleWebKit/537.36 (KHTML, like Gecko) Chrome/44.0.2403.157 Safari/537.36" "JSESSIONID=fcywxa9kl538ju817lbyx68t"
localhost 0:0:0:0:0:0:0:1 - - [2015-09-18 07:30:29] "GET /BBSS/resources/Font-Awesome/css/font-awesome.min.css HTTP/1.1" 304 - "http://localhost:8081/BBSS/addBook" "Mozilla/5.0 (Windows NT 10.0; WOW64) AppleWebKit/537.36 (KHTML, like Gecko) Chrome/44.0.2403.157 Safari/537.36" "JSESSIONID=fcywxa9kl538ju817lbyx68t"
localhost 0:0:0:0:0:0:0:1 - - [2015-09-18 07:30:29] "GET /BBSS/resources/js/bootstrap.min.js HTTP/1.1" 304 - "http://localhost:8081/BBSS/addBook" "Mozilla/5.0 (Windows NT 10.0; WOW64) AppleWebKit/537.36 (KHTML, like Gecko) Chrome/44.0.2403.157 Safari/537.36" "JSESSIONID=fcywxa9kl538ju817lbyx68t"
localhost 0:0:0:0:0:0:0:1 - - [2015-09-18 07:30:29] "GET /favicon.ico HTTP/1.1" 200 1150 "http://localhost:8081/BBSS/addBook" "Mozilla/5.0 (Windows NT 10.0; WOW64) AppleWebKit/537.36 (KHTML, like Gecko) Chrome/44.0.2403.157 Safari/537.36" -
localhost 0:0:0:0:0:0:0:1 - - [2015-09-18 07:31:39] "GET /BBSS/addBook HTTP/1.1" 200 - "http://localhost:8081/BBSS/" "Mozilla/5.0 (Windows NT 10.0; WOW64) AppleWebKit/537.36 (KHTML, like Gecko) Chrome/44.0.2403.157 Safari/537.36" "JSESSIONID=fcywxa9kl538ju817lbyx68t"
localhost 0:0:0:0:0:0:0:1 - - [2015-09-18 07:31:39] "GET /BBSS/resources/css/bootstrap.min.css HTTP/1.1" 304 - "http://localhost:8081/BBSS/addBook" "Mozilla/5.0 (Windows NT 10.0; WOW64) AppleWebKit/537.36 (KHTML, like Gecko) Chrome/44.0.2403.157 Safari/537.36" "JSESSIONID=fcywxa9kl538ju817lbyx68t"
localhost 0:0:0:0:0:0:0:1 - - [2015-09-18 07:31:39] "GET /BBSS/resources/Font-Awesome/css/font-awesome.min.css HTTP/1.1" 304 - "http://localhost:8081/BBSS/addBook" "Mozilla/5.0 (Windows NT 10.0; WOW64) AppleWebKit/537.36 (KHTML, like Gecko) Chrome/44.0.2403.157 Safari/537.36" "JSESSIONID=fcywxa9kl538ju817lbyx68t"
localhost 0:0:0:0:0:0:0:1 - - [2015-09-18 07:31:39] "GET /BBSS/resources/Font-Awesome/css/bootstrap.min.css HTTP/1.1" 404 333 "http://localhost:8081/BBSS/addBook" "Mozilla/5.0 (Windows NT 10.0; WOW64) AppleWebKit/537.36 (KHTML, like Gecko) Chrome/44.0.2403.157 Safari/537.36" "JSESSIONID=fcywxa9kl538ju817lbyx68t"
localhost 0:0:0:0:0:0:0:1 - - [2015-09-18 07:31:39] "GET /BBSS/resources/css/jquery.cxcalendar.css HTTP/1.1" 304 - "http://localhost:8081/BBSS/addBook" "Mozilla/5.0 (Windows NT 10.0; WOW64) AppleWebKit/537.36 (KHTML, like Gecko) Chrome/44.0.2403.157 Safari/537.36" "JSESSIONID=fcywxa9kl538ju817lbyx68t"
localhost 0:0:0:0:0:0:0:1 - - [2015-09-18 07:31:39] "GET /BBSS/resources/js/jquery.min.js HTTP/1.1" 304 - "http://localhost:8081/BBSS/addBook" "Mozilla/5.0 (Windows NT 10.0; WOW64) AppleWebKit/537.36 (KHTML, like Gecko) Chrome/44.0.2403.157 Safari/537.36" "JSESSIONID=fcywxa9kl538ju817lbyx68t"
localhost 0:0:0:0:0:0:0:1 - - [2015-09-18 07:31:39] "GET /BBSS/resources/js/jquery.validate.min.js HTTP/1.1" 304 - "http://localhost:8081/BBSS/addBook" "Mozilla/5.0 (Windows NT 10.0; WOW64) AppleWebKit/537.36 (KHTML, like Gecko) Chrome/44.0.2403.157 Safari/537.36" "JSESSIONID=fcywxa9kl538ju817lbyx68t"
localhost 0:0:0:0:0:0:0:1 - - [2015-09-18 07:31:39] "GET /BBSS/resources/js/bootstrap.min.js HTTP/1.1" 304 - "http://localhost:8081/BBSS/addBook" "Mozilla/5.0 (Windows NT 10.0; WOW64) AppleWebKit/537.36 (KHTML, like Gecko) Chrome/44.0.2403.157 Safari/537.36" "JSESSIONID=fcywxa9kl538ju817lbyx68t"
localhost 0:0:0:0:0:0:0:1 - - [2015-09-18 07:31:39] "GET /BBSS/resources/js/jquery.cxcalendar.js HTTP/1.1" 304 - "http://localhost:8081/BBSS/addBook" "Mozilla/5.0 (Windows NT 10.0; WOW64) AppleWebKit/537.36 (KHTML, like Gecko) Chrome/44.0.2403.157 Safari/537.36" "JSESSIONID=fcywxa9kl538ju817lbyx68t"
localhost 0:0:0:0:0:0:0:1 - - [2015-09-18 07:31:39] "GET /favicon.ico HTTP/1.1" 200 1150 "http://localhost:8081/BBSS/addBook" "Mozilla/5.0 (Windows NT 10.0; WOW64) AppleWebKit/537.36 (KHTML, like Gecko) Chrome/44.0.2403.157 Safari/537.36" -
localhost 0:0:0:0:0:0:0:1 - - [2015-09-18 07:34:15] "GET /BBSS/addBook HTTP/1.1" 200 - "http://localhost:8081/BBSS/" "Mozilla/5.0 (Windows NT 10.0; WOW64) AppleWebKit/537.36 (KHTML, like Gecko) Chrome/44.0.2403.157 Safari/537.36" "JSESSIONID=fcywxa9kl538ju817lbyx68t"
localhost 0:0:0:0:0:0:0:1 - - [2015-09-18 07:34:15] "GET /BBSS/resources/css/bootstrap.min.css HTTP/1.1" 304 - "http://localhost:8081/BBSS/addBook" "Mozilla/5.0 (Windows NT 10.0; WOW64) AppleWebKit/537.36 (KHTML, like Gecko) Chrome/44.0.2403.157 Safari/537.36" "JSESSIONID=fcywxa9kl538ju817lbyx68t"
localhost 0:0:0:0:0:0:0:1 - - [2015-09-18 07:34:15] "GET /BBSS/resources/Font-Awesome/css/bootstrap.min.css HTTP/1.1" 404 333 "http://localhost:8081/BBSS/addBook" "Mozilla/5.0 (Windows NT 10.0; WOW64) AppleWebKit/537.36 (KHTML, like Gecko) Chrome/44.0.2403.157 Safari/537.36" "JSESSIONID=fcywxa9kl538ju817lbyx68t"
localhost 0:0:0:0:0:0:0:1 - - [2015-09-18 07:34:15] "GET /BBSS/resources/Font-Awesome/css/font-awesome.min.css HTTP/1.1" 304 - "http://localhost:8081/BBSS/addBook" "Mozilla/5.0 (Windows NT 10.0; WOW64) AppleWebKit/537.36 (KHTML, like Gecko) Chrome/44.0.2403.157 Safari/537.36" "JSESSIONID=fcywxa9kl538ju817lbyx68t"
localhost 0:0:0:0:0:0:0:1 - - [2015-09-18 07:34:15] "GET /BBSS/resources/css/jquery.cxcalendar.css HTTP/1.1" 304 - "http://localhost:8081/BBSS/addBook" "Mozilla/5.0 (Windows NT 10.0; WOW64) AppleWebKit/537.36 (KHTML, like Gecko) Chrome/44.0.2403.157 Safari/537.36" "JSESSIONID=fcywxa9kl538ju817lbyx68t"
localhost 0:0:0:0:0:0:0:1 - - [2015-09-18 07:34:15] "GET /BBSS/resources/js/jquery.validate.min.js HTTP/1.1" 304 - "http://localhost:8081/BBSS/addBook" "Mozilla/5.0 (Windows NT 10.0; WOW64) AppleWebKit/537.36 (KHTML, like Gecko) Chrome/44.0.2403.157 Safari/537.36" "JSESSIONID=fcywxa9kl538ju817lbyx68t"
localhost 0:0:0:0:0:0:0:1 - - [2015-09-18 07:34:15] "GET /BBSS/resources/js/bootstrap.min.js HTTP/1.1" 304 - "http://localhost:8081/BBSS/addBook" "Mozilla/5.0 (Windows NT 10.0; WOW64) AppleWebKit/537.36 (KHTML, like Gecko) Chrome/44.0.2403.157 Safari/537.36" "JSESSIONID=fcywxa9kl538ju817lbyx68t"
localhost 0:0:0:0:0:0:0:1 - - [2015-09-18 07:34:15] "GET /BBSS/resources/js/jquery.cxcalendar.js HTTP/1.1" 304 - "http://localhost:8081/BBSS/addBook" "Mozilla/5.0 (Windows NT 10.0; WOW64) AppleWebKit/537.36 (KHTML, like Gecko) Chrome/44.0.2403.157 Safari/537.36" "JSESSIONID=fcywxa9kl538ju817lbyx68t"
localhost 0:0:0:0:0:0:0:1 - - [2015-09-18 07:34:15] "GET /BBSS/resources/js/jquery.min.js HTTP/1.1" 304 - "http://localhost:8081/BBSS/addBook" "Mozilla/5.0 (Windows NT 10.0; WOW64) AppleWebKit/537.36 (KHTML, like Gecko) Chrome/44.0.2403.157 Safari/537.36" "JSESSIONID=fcywxa9kl538ju817lbyx68t"
localhost 0:0:0:0:0:0:0:1 - - [2015-09-18 07:34:15] "GET /favicon.ico HTTP/1.1" 200 1150 "http://localhost:8081/BBSS/addBook" "Mozilla/5.0 (Windows NT 10.0; WOW64) AppleWebKit/537.36 (KHTML, like Gecko) Chrome/44.0.2403.157 Safari/537.36" -
localhost 0:0:0:0:0:0:0:1 - - [2015-09-18 07:34:16] "GET /BBSS/addBook HTTP/1.1" 200 - "http://localhost:8081/BBSS/" "Mozilla/5.0 (Windows NT 10.0; WOW64) AppleWebKit/537.36 (KHTML, like Gecko) Chrome/44.0.2403.157 Safari/537.36" "JSESSIONID=fcywxa9kl538ju817lbyx68t"
localhost 0:0:0:0:0:0:0:1 - - [2015-09-18 07:34:16] "GET /BBSS/resources/css/bootstrap.min.css HTTP/1.1" 304 - "http://localhost:8081/BBSS/addBook" "Mozilla/5.0 (Windows NT 10.0; WOW64) AppleWebKit/537.36 (KHTML, like Gecko) Chrome/44.0.2403.157 Safari/537.36" "JSESSIONID=fcywxa9kl538ju817lbyx68t"
localhost 0:0:0:0:0:0:0:1 - - [2015-09-18 07:34:16] "GET /BBSS/resources/Font-Awesome/css/font-awesome.min.css HTTP/1.1" 304 - "http://localhost:8081/BBSS/addBook" "Mozilla/5.0 (Windows NT 10.0; WOW64) AppleWebKit/537.36 (KHTML, like Gecko) Chrome/44.0.2403.157 Safari/537.36" "JSESSIONID=fcywxa9kl538ju817lbyx68t"
localhost 0:0:0:0:0:0:0:1 - - [2015-09-18 07:34:16] "GET /BBSS/resources/Font-Awesome/css/bootstrap.min.css HTTP/1.1" 404 333 "http://localhost:8081/BBSS/addBook" "Mozilla/5.0 (Windows NT 10.0; WOW64) AppleWebKit/537.36 (KHTML, like Gecko) Chrome/44.0.2403.157 Safari/537.36" "JSESSIONID=fcywxa9kl538ju817lbyx68t"
localhost 0:0:0:0:0:0:0:1 - - [2015-09-18 07:34:16] "GET /BBSS/resources/js/jquery.validate.min.js HTTP/1.1" 304 - "http://localhost:8081/BBSS/addBook" "Mozilla/5.0 (Windows NT 10.0; WOW64) AppleWebKit/537.36 (KHTML, like Gecko) Chrome/44.0.2403.157 Safari/537.36" "JSESSIONID=fcywxa9kl538ju817lbyx68t"
localhost 0:0:0:0:0:0:0:1 - - [2015-09-18 07:34:16] "GET /BBSS/resources/js/jquery.min.js HTTP/1.1" 304 - "http://localhost:8081/BBSS/addBook" "Mozilla/5.0 (Windows NT 10.0; WOW64) AppleWebKit/537.36 (KHTML, like Gecko) Chrome/44.0.2403.157 Safari/537.36" "JSESSIONID=fcywxa9kl538ju817lbyx68t"
localhost 0:0:0:0:0:0:0:1 - - [2015-09-18 07:34:16] "GET /BBSS/resources/css/jquery.cxcalendar.css HTTP/1.1" 304 - "http://localhost:8081/BBSS/addBook" "Mozilla/5.0 (Windows NT 10.0; WOW64) AppleWebKit/537.36 (KHTML, like Gecko) Chrome/44.0.2403.157 Safari/537.36" "JSESSIONID=fcywxa9kl538ju817lbyx68t"
localhost 0:0:0:0:0:0:0:1 - - [2015-09-18 07:34:16] "GET /BBSS/resources/js/jquery.cxcalendar.js HTTP/1.1" 304 - "http://localhost:8081/BBSS/addBook" "Mozilla/5.0 (Windows NT 10.0; WOW64) AppleWebKit/537.36 (KHTML, like Gecko) Chrome/44.0.2403.157 Safari/537.36" "JSESSIONID=fcywxa9kl538ju817lbyx68t"
localhost 0:0:0:0:0:0:0:1 - - [2015-09-18 07:34:16] "GET /BBSS/resources/js/bootstrap.min.js HTTP/1.1" 304 - "http://localhost:8081/BBSS/addBook" "Mozilla/5.0 (Windows NT 10.0; WOW64) AppleWebKit/537.36 (KHTML, like Gecko) Chrome/44.0.2403.157 Safari/537.36" "JSESSIONID=fcywxa9kl538ju817lbyx68t"
localhost 0:0:0:0:0:0:0:1 - - [2015-09-18 07:34:16] "GET /favicon.ico HTTP/1.1" 200 1150 "http://localhost:8081/BBSS/addBook" "Mozilla/5.0 (Windows NT 10.0; WOW64) AppleWebKit/537.36 (KHTML, like Gecko) Chrome/44.0.2403.157 Safari/537.36" -
localhost 0:0:0:0:0:0:0:1 - - [2015-09-18 07:35:00] "GET /BBSS/addBook HTTP/1.1" 200 - "http://localhost:8081/BBSS/" "Mozilla/5.0 (Windows NT 10.0; WOW64) AppleWebKit/537.36 (KHTML, like Gecko) Chrome/44.0.2403.157 Safari/537.36" "JSESSIONID=fcywxa9kl538ju817lbyx68t"
localhost 0:0:0:0:0:0:0:1 - - [2015-09-18 07:35:00] "GET /BBSS/resources/css/bootstrap.min.css HTTP/1.1" 304 - "http://localhost:8081/BBSS/addBook" "Mozilla/5.0 (Windows NT 10.0; WOW64) AppleWebKit/537.36 (KHTML, like Gecko) Chrome/44.0.2403.157 Safari/537.36" "JSESSIONID=fcywxa9kl538ju817lbyx68t"
localhost 0:0:0:0:0:0:0:1 - - [2015-09-18 07:35:00] "GET /BBSS/resources/Font-Awesome/css/bootstrap.min.css HTTP/1.1" 404 333 "http://localhost:8081/BBSS/addBook" "Mozilla/5.0 (Windows NT 10.0; WOW64) AppleWebKit/537.36 (KHTML, like Gecko) Chrome/44.0.2403.157 Safari/537.36" "JSESSIONID=fcywxa9kl538ju817lbyx68t"
localhost 0:0:0:0:0:0:0:1 - - [2015-09-18 07:35:00] "GET /BBSS/resources/Font-Awesome/css/font-awesome.min.css HTTP/1.1" 304 - "http://localhost:8081/BBSS/addBook" "Mozilla/5.0 (Windows NT 10.0; WOW64) AppleWebKit/537.36 (KHTML, like Gecko) Chrome/44.0.2403.157 Safari/537.36" "JSESSIONID=fcywxa9kl538ju817lbyx68t"
localhost 0:0:0:0:0:0:0:1 - - [2015-09-18 07:35:00] "GET /BBSS/resources/js/jquery.cxcalendar.js HTTP/1.1" 304 - "http://localhost:8081/BBSS/addBook" "Mozilla/5.0 (Windows NT 10.0; WOW64) AppleWebKit/537.36 (KHTML, like Gecko) Chrome/44.0.2403.157 Safari/537.36" "JSESSIONID=fcywxa9kl538ju817lbyx68t"
localhost 0:0:0:0:0:0:0:1 - - [2015-09-18 07:35:00] "GET /BBSS/resources/js/jquery.min.js HTTP/1.1" 304 - "http://localhost:8081/BBSS/addBook" "Mozilla/5.0 (Windows NT 10.0; WOW64) AppleWebKit/537.36 (KHTML, like Gecko) Chrome/44.0.2403.157 Safari/537.36" "JSESSIONID=fcywxa9kl538ju817lbyx68t"
localhost 0:0:0:0:0:0:0:1 - - [2015-09-18 07:35:00] "GET /BBSS/resources/js/jquery.validate.min.js HTTP/1.1" 304 - "http://localhost:8081/BBSS/addBook" "Mozilla/5.0 (Windows NT 10.0; WOW64) AppleWebKit/537.36 (KHTML, like Gecko) Chrome/44.0.2403.157 Safari/537.36" "JSESSIONID=fcywxa9kl538ju817lbyx68t"
localhost 0:0:0:0:0:0:0:1 - - [2015-09-18 07:35:00] "GET /BBSS/resources/js/bootstrap.min.js HTTP/1.1" 304 - "http://localhost:8081/BBSS/addBook" "Mozilla/5.0 (Windows NT 10.0; WOW64) AppleWebKit/537.36 (KHTML, like Gecko) Chrome/44.0.2403.157 Safari/537.36" "JSESSIONID=fcywxa9kl538ju817lbyx68t"
localhost 0:0:0:0:0:0:0:1 - - [2015-09-18 07:35:00] "GET /BBSS/resources/css/jquery.cxcalendar.css HTTP/1.1" 304 - "http://localhost:8081/BBSS/addBook" "Mozilla/5.0 (Windows NT 10.0; WOW64) AppleWebKit/537.36 (KHTML, like Gecko) Chrome/44.0.2403.157 Safari/537.36" "JSESSIONID=fcywxa9kl538ju817lbyx68t"
localhost 0:0:0:0:0:0:0:1 - - [2015-09-18 07:35:00] "GET /favicon.ico HTTP/1.1" 200 1150 "http://localhost:8081/BBSS/addBook" "Mozilla/5.0 (Windows NT 10.0; WOW64) AppleWebKit/537.36 (KHTML, like Gecko) Chrome/44.0.2403.157 Safari/537.36" -
localhost 0:0:0:0:0:0:0:1 - - [2015-09-18 07:35:01] "GET /BBSS/addBook HTTP/1.1" 200 - "http://localhost:8081/BBSS/" "Mozilla/5.0 (Windows NT 10.0; WOW64) AppleWebKit/537.36 (KHTML, like Gecko) Chrome/44.0.2403.157 Safari/537.36" "JSESSIONID=fcywxa9kl538ju817lbyx68t"
localhost 0:0:0:0:0:0:0:1 - - [2015-09-18 07:35:01] "GET /BBSS/resources/css/bootstrap.min.css HTTP/1.1" 304 - "http://localhost:8081/BBSS/addBook" "Mozilla/5.0 (Windows NT 10.0; WOW64) AppleWebKit/537.36 (KHTML, like Gecko) Chrome/44.0.2403.157 Safari/537.36" "JSESSIONID=fcywxa9kl538ju817lbyx68t"
localhost 0:0:0:0:0:0:0:1 - - [2015-09-18 07:35:01] "GET /BBSS/resources/Font-Awesome/css/bootstrap.min.css HTTP/1.1" 404 333 "http://localhost:8081/BBSS/addBook" "Mozilla/5.0 (Windows NT 10.0; WOW64) AppleWebKit/537.36 (KHTML, like Gecko) Chrome/44.0.2403.157 Safari/537.36" "JSESSIONID=fcywxa9kl538ju817lbyx68t"
localhost 0:0:0:0:0:0:0:1 - - [2015-09-18 07:35:01] "GET /BBSS/resources/Font-Awesome/css/font-awesome.min.css HTTP/1.1" 304 - "http://localhost:8081/BBSS/addBook" "Mozilla/5.0 (Windows NT 10.0; WOW64) AppleWebKit/537.36 (KHTML, like Gecko) Chrome/44.0.2403.157 Safari/537.36" "JSESSIONID=fcywxa9kl538ju817lbyx68t"
localhost 0:0:0:0:0:0:0:1 - - [2015-09-18 07:35:01] "GET /BBSS/resources/css/jquery.cxcalendar.css HTTP/1.1" 304 - "http://localhost:8081/BBSS/addBook" "Mozilla/5.0 (Windows NT 10.0; WOW64) AppleWebKit/537.36 (KHTML, like Gecko) Chrome/44.0.2403.157 Safari/537.36" "JSESSIONID=fcywxa9kl538ju817lbyx68t"
localhost 0:0:0:0:0:0:0:1 - - [2015-09-18 07:35:01] "GET /BBSS/resources/js/jquery.min.js HTTP/1.1" 304 - "http://localhost:8081/BBSS/addBook" "Mozilla/5.0 (Windows NT 10.0; WOW64) AppleWebKit/537.36 (KHTML, like Gecko) Chrome/44.0.2403.157 Safari/537.36" "JSESSIONID=fcywxa9kl538ju817lbyx68t"
localhost 0:0:0:0:0:0:0:1 - - [2015-09-18 07:35:01] "GET /BBSS/resources/js/jquery.cxcalendar.js HTTP/1.1" 304 - "http://localhost:8081/BBSS/addBook" "Mozilla/5.0 (Windows NT 10.0; WOW64) AppleWebKit/537.36 (KHTML, like Gecko) Chrome/44.0.2403.157 Safari/537.36" "JSESSIONID=fcywxa9kl538ju817lbyx68t"
localhost 0:0:0:0:0:0:0:1 - - [2015-09-18 07:35:01] "GET /BBSS/resources/js/bootstrap.min.js HTTP/1.1" 304 - "http://localhost:8081/BBSS/addBook" "Mozilla/5.0 (Windows NT 10.0; WOW64) AppleWebKit/537.36 (KHTML, like Gecko) Chrome/44.0.2403.157 Safari/537.36" "JSESSIONID=fcywxa9kl538ju817lbyx68t"
localhost 0:0:0:0:0:0:0:1 - - [2015-09-18 07:35:01] "GET /BBSS/resources/js/jquery.validate.min.js HTTP/1.1" 304 - "http://localhost:8081/BBSS/addBook" "Mozilla/5.0 (Windows NT 10.0; WOW64) AppleWebKit/537.36 (KHTML, like Gecko) Chrome/44.0.2403.157 Safari/537.36" "JSESSIONID=fcywxa9kl538ju817lbyx68t"
localhost 0:0:0:0:0:0:0:1 - - [2015-09-18 07:35:01] "GET /favicon.ico HTTP/1.1" 200 1150 "http://localhost:8081/BBSS/addBook" "Mozilla/5.0 (Windows NT 10.0; WOW64) AppleWebKit/537.36 (KHTML, like Gecko) Chrome/44.0.2403.157 Safari/537.36" -
localhost 0:0:0:0:0:0:0:1 - - [2015-09-18 07:38:21] "GET /BBSS/addBook HTTP/1.1" 200 - "http://localhost:8081/BBSS/" "Mozilla/5.0 (Windows NT 10.0; WOW64) AppleWebKit/537.36 (KHTML, like Gecko) Chrome/44.0.2403.157 Safari/537.36" "JSESSIONID=fcywxa9kl538ju817lbyx68t"
localhost 0:0:0:0:0:0:0:1 - - [2015-09-18 07:38:21] "GET /BBSS/resources/css/bootstrap.min.css HTTP/1.1" 304 - "http://localhost:8081/BBSS/addBook" "Mozilla/5.0 (Windows NT 10.0; WOW64) AppleWebKit/537.36 (KHTML, like Gecko) Chrome/44.0.2403.157 Safari/537.36" "JSESSIONID=fcywxa9kl538ju817lbyx68t"
localhost 0:0:0:0:0:0:0:1 - - [2015-09-18 07:38:21] "GET /BBSS/resources/Font-Awesome/css/bootstrap.min.css HTTP/1.1" 404 333 "http://localhost:8081/BBSS/addBook" "Mozilla/5.0 (Windows NT 10.0; WOW64) AppleWebKit/537.36 (KHTML, like Gecko) Chrome/44.0.2403.157 Safari/537.36" "JSESSIONID=fcywxa9kl538ju817lbyx68t"
localhost 0:0:0:0:0:0:0:1 - - [2015-09-18 07:38:21] "GET /BBSS/resources/css/jquery.cxcalendar.css HTTP/1.1" 304 - "http://localhost:8081/BBSS/addBook" "Mozilla/5.0 (Windows NT 10.0; WOW64) AppleWebKit/537.36 (KHTML, like Gecko) Chrome/44.0.2403.157 Safari/537.36" "JSESSIONID=fcywxa9kl538ju817lbyx68t"
localhost 0:0:0:0:0:0:0:1 - - [2015-09-18 07:38:21] "GET /BBSS/resources/Font-Awesome/css/font-awesome.min.css HTTP/1.1" 304 - "http://localhost:8081/BBSS/addBook" "Mozilla/5.0 (Windows NT 10.0; WOW64) AppleWebKit/537.36 (KHTML, like Gecko) Chrome/44.0.2403.157 Safari/537.36" "JSESSIONID=fcywxa9kl538ju817lbyx68t"
localhost 0:0:0:0:0:0:0:1 - - [2015-09-18 07:38:21] "GET /BBSS/resources/js/jquery.min.js HTTP/1.1" 304 - "http://localhost:8081/BBSS/addBook" "Mozilla/5.0 (Windows NT 10.0; WOW64) AppleWebKit/537.36 (KHTML, like Gecko) Chrome/44.0.2403.157 Safari/537.36" "JSESSIONID=fcywxa9kl538ju817lbyx68t"
localhost 0:0:0:0:0:0:0:1 - - [2015-09-18 07:38:21] "GET /BBSS/resources/js/jquery.validate.min.js HTTP/1.1" 304 - "http://localhost:8081/BBSS/addBook" "Mozilla/5.0 (Windows NT 10.0; WOW64) AppleWebKit/537.36 (KHTML, like Gecko) Chrome/44.0.2403.157 Safari/537.36" "JSESSIONID=fcywxa9kl538ju817lbyx68t"
localhost 0:0:0:0:0:0:0:1 - - [2015-09-18 07:38:21] "GET /BBSS/resources/js/jquery.cxcalendar.js HTTP/1.1" 304 - "http://localhost:8081/BBSS/addBook" "Mozilla/5.0 (Windows NT 10.0; WOW64) AppleWebKit/537.36 (KHTML, like Gecko) Chrome/44.0.2403.157 Safari/537.36" "JSESSIONID=fcywxa9kl538ju817lbyx68t"
localhost 0:0:0:0:0:0:0:1 - - [2015-09-18 07:38:21] "GET /BBSS/resources/js/bootstrap.min.js HTTP/1.1" 304 - "http://localhost:8081/BBSS/addBook" "Mozilla/5.0 (Windows NT 10.0; WOW64) AppleWebKit/537.36 (KHTML, like Gecko) Chrome/44.0.2403.157 Safari/537.36" "JSESSIONID=fcywxa9kl538ju817lbyx68t"
localhost 0:0:0:0:0:0:0:1 - - [2015-09-18 07:38:21] "GET /BBSS/resources/js/jquery.cxcalendar.languages.js HTTP/1.1" 200 3122 "http://localhost:8081/BBSS/addBook" "Mozilla/5.0 (Windows NT 10.0; WOW64) AppleWebKit/537.36 (KHTML, like Gecko) Chrome/44.0.2403.157 Safari/537.36" "JSESSIONID=fcywxa9kl538ju817lbyx68t"
localhost 0:0:0:0:0:0:0:1 - - [2015-09-18 07:38:21] "GET /favicon.ico HTTP/1.1" 200 1150 "http://localhost:8081/BBSS/addBook" "Mozilla/5.0 (Windows NT 10.0; WOW64) AppleWebKit/537.36 (KHTML, like Gecko) Chrome/44.0.2403.157 Safari/537.36" -
localhost 0:0:0:0:0:0:0:1 - - [2015-09-18 07:40:38] "GET /BBSS/addBook HTTP/1.1" 200 - "http://localhost:8081/BBSS/" "Mozilla/5.0 (Windows NT 10.0; WOW64) AppleWebKit/537.36 (KHTML, like Gecko) Chrome/44.0.2403.157 Safari/537.36" "JSESSIONID=fcywxa9kl538ju817lbyx68t"
localhost 0:0:0:0:0:0:0:1 - - [2015-09-18 07:40:38] "GET /BBSS/resources/css/bootstrap.min.css HTTP/1.1" 304 - "http://localhost:8081/BBSS/addBook" "Mozilla/5.0 (Windows NT 10.0; WOW64) AppleWebKit/537.36 (KHTML, like Gecko) Chrome/44.0.2403.157 Safari/537.36" "JSESSIONID=fcywxa9kl538ju817lbyx68t"
localhost 0:0:0:0:0:0:0:1 - - [2015-09-18 07:40:38] "GET /BBSS/resources/Font-Awesome/css/bootstrap.min.css HTTP/1.1" 404 333 "http://localhost:8081/BBSS/addBook" "Mozilla/5.0 (Windows NT 10.0; WOW64) AppleWebKit/537.36 (KHTML, like Gecko) Chrome/44.0.2403.157 Safari/537.36" "JSESSIONID=fcywxa9kl538ju817lbyx68t"
localhost 0:0:0:0:0:0:0:1 - - [2015-09-18 07:40:38] "GET /BBSS/resources/css/jquery.cxcalendar.css HTTP/1.1" 304 - "http://localhost:8081/BBSS/addBook" "Mozilla/5.0 (Windows NT 10.0; WOW64) AppleWebKit/537.36 (KHTML, like Gecko) Chrome/44.0.2403.157 Safari/537.36" "JSESSIONID=fcywxa9kl538ju817lbyx68t"
localhost 0:0:0:0:0:0:0:1 - - [2015-09-18 07:40:38] "GET /BBSS/resources/Font-Awesome/css/font-awesome.min.css HTTP/1.1" 304 - "http://localhost:8081/BBSS/addBook" "Mozilla/5.0 (Windows NT 10.0; WOW64) AppleWebKit/537.36 (KHTML, like Gecko) Chrome/44.0.2403.157 Safari/537.36" "JSESSIONID=fcywxa9kl538ju817lbyx68t"
localhost 0:0:0:0:0:0:0:1 - - [2015-09-18 07:40:38] "GET /BBSS/resources/js/jquery.min.js HTTP/1.1" 304 - "http://localhost:8081/BBSS/addBook" "Mozilla/5.0 (Windows NT 10.0; WOW64) AppleWebKit/537.36 (KHTML, like Gecko) Chrome/44.0.2403.157 Safari/537.36" "JSESSIONID=fcywxa9kl538ju817lbyx68t"
localhost 0:0:0:0:0:0:0:1 - - [2015-09-18 07:40:38] "GET /BBSS/resources/js/jquery.cxcalendar.js HTTP/1.1" 304 - "http://localhost:8081/BBSS/addBook" "Mozilla/5.0 (Windows NT 10.0; WOW64) AppleWebKit/537.36 (KHTML, like Gecko) Chrome/44.0.2403.157 Safari/537.36" "JSESSIONID=fcywxa9kl538ju817lbyx68t"
localhost 0:0:0:0:0:0:0:1 - - [2015-09-18 07:40:38] "GET /BBSS/resources/js/jquery.validate.min.js HTTP/1.1" 304 - "http://localhost:8081/BBSS/addBook" "Mozilla/5.0 (Windows NT 10.0; WOW64) AppleWebKit/537.36 (KHTML, like Gecko) Chrome/44.0.2403.157 Safari/537.36" "JSESSIONID=fcywxa9kl538ju817lbyx68t"
localhost 0:0:0:0:0:0:0:1 - - [2015-09-18 07:40:38] "GET /BBSS/resources/js/jquery.cxcalendar.languages.js HTTP/1.1" 304 - "http://localhost:8081/BBSS/addBook" "Mozilla/5.0 (Windows NT 10.0; WOW64) AppleWebKit/537.36 (KHTML, like Gecko) Chrome/44.0.2403.157 Safari/537.36" "JSESSIONID=fcywxa9kl538ju817lbyx68t"
localhost 0:0:0:0:0:0:0:1 - - [2015-09-18 07:40:38] "GET /BBSS/resources/js/bootstrap.min.js HTTP/1.1" 304 - "http://localhost:8081/BBSS/addBook" "Mozilla/5.0 (Windows NT 10.0; WOW64) AppleWebKit/537.36 (KHTML, like Gecko) Chrome/44.0.2403.157 Safari/537.36" "JSESSIONID=fcywxa9kl538ju817lbyx68t"
localhost 0:0:0:0:0:0:0:1 - - [2015-09-18 07:40:39] "GET /favicon.ico HTTP/1.1" 200 1150 "http://localhost:8081/BBSS/addBook" "Mozilla/5.0 (Windows NT 10.0; WOW64) AppleWebKit/537.36 (KHTML, like Gecko) Chrome/44.0.2403.157 Safari/537.36" -
localhost 0:0:0:0:0:0:0:1 - - [2015-09-18 07:41:41] "GET /BBSS/addBook HTTP/1.1" 200 - "http://localhost:8081/BBSS/" "Mozilla/5.0 (Windows NT 10.0; WOW64) AppleWebKit/537.36 (KHTML, like Gecko) Chrome/44.0.2403.157 Safari/537.36" "JSESSIONID=fcywxa9kl538ju817lbyx68t"
localhost 0:0:0:0:0:0:0:1 - - [2015-09-18 07:41:41] "GET /BBSS/resources/css/bootstrap.min.css HTTP/1.1" 304 - "http://localhost:8081/BBSS/addBook" "Mozilla/5.0 (Windows NT 10.0; WOW64) AppleWebKit/537.36 (KHTML, like Gecko) Chrome/44.0.2403.157 Safari/537.36" "JSESSIONID=fcywxa9kl538ju817lbyx68t"
localhost 0:0:0:0:0:0:0:1 - - [2015-09-18 07:41:41] "GET /BBSS/resources/Font-Awesome/css/bootstrap.min.css HTTP/1.1" 404 333 "http://localhost:8081/BBSS/addBook" "Mozilla/5.0 (Windows NT 10.0; WOW64) AppleWebKit/537.36 (KHTML, like Gecko) Chrome/44.0.2403.157 Safari/537.36" "JSESSIONID=fcywxa9kl538ju817lbyx68t"
localhost 0:0:0:0:0:0:0:1 - - [2015-09-18 07:41:41] "GET /BBSS/resources/Font-Awesome/css/font-awesome.min.css HTTP/1.1" 304 - "http://localhost:8081/BBSS/addBook" "Mozilla/5.0 (Windows NT 10.0; WOW64) AppleWebKit/537.36 (KHTML, like Gecko) Chrome/44.0.2403.157 Safari/537.36" "JSESSIONID=fcywxa9kl538ju817lbyx68t"
localhost 0:0:0:0:0:0:0:1 - - [2015-09-18 07:41:41] "GET /BBSS/resources/js/jquery.min.js HTTP/1.1" 304 - "http://localhost:8081/BBSS/addBook" "Mozilla/5.0 (Windows NT 10.0; WOW64) AppleWebKit/537.36 (KHTML, like Gecko) Chrome/44.0.2403.157 Safari/537.36" "JSESSIONID=fcywxa9kl538ju817lbyx68t"
localhost 0:0:0:0:0:0:0:1 - - [2015-09-18 07:41:41] "GET /BBSS/resources/js/jquery.cxcalendar.js HTTP/1.1" 304 - "http://localhost:8081/BBSS/addBook" "Mozilla/5.0 (Windows NT 10.0; WOW64) AppleWebKit/537.36 (KHTML, like Gecko) Chrome/44.0.2403.157 Safari/537.36" "JSESSIONID=fcywxa9kl538ju817lbyx68t"
localhost 0:0:0:0:0:0:0:1 - - [2015-09-18 07:41:41] "GET /BBSS/resources/js/jquery.cxcalendar.languages.js HTTP/1.1" 304 - "http://localhost:8081/BBSS/addBook" "Mozilla/5.0 (Windows NT 10.0; WOW64) AppleWebKit/537.36 (KHTML, like Gecko) Chrome/44.0.2403.157 Safari/537.36" "JSESSIONID=fcywxa9kl538ju817lbyx68t"
localhost 0:0:0:0:0:0:0:1 - - [2015-09-18 07:41:41] "GET /BBSS/resources/js/bootstrap.min.js HTTP/1.1" 304 - "http://localhost:8081/BBSS/addBook" "Mozilla/5.0 (Windows NT 10.0; WOW64) AppleWebKit/537.36 (KHTML, like Gecko) Chrome/44.0.2403.157 Safari/537.36" "JSESSIONID=fcywxa9kl538ju817lbyx68t"
localhost 0:0:0:0:0:0:0:1 - - [2015-09-18 07:41:41] "GET /BBSS/resources/js/jquery.validate.min.js HTTP/1.1" 304 - "http://localhost:8081/BBSS/addBook" "Mozilla/5.0 (Windows NT 10.0; WOW64) AppleWebKit/537.36 (KHTML, like Gecko) Chrome/44.0.2403.157 Safari/537.36" "JSESSIONID=fcywxa9kl538ju817lbyx68t"
localhost 0:0:0:0:0:0:0:1 - - [2015-09-18 07:41:41] "GET /BBSS/resources/css/jquery.cxcalendar.css HTTP/1.1" 304 - "http://localhost:8081/BBSS/addBook" "Mozilla/5.0 (Windows NT 10.0; WOW64) AppleWebKit/537.36 (KHTML, like Gecko) Chrome/44.0.2403.157 Safari/537.36" "JSESSIONID=fcywxa9kl538ju817lbyx68t"
localhost 0:0:0:0:0:0:0:1 - - [2015-09-18 07:41:42] "GET /favicon.ico HTTP/1.1" 200 1150 "http://localhost:8081/BBSS/addBook" "Mozilla/5.0 (Windows NT 10.0; WOW64) AppleWebKit/537.36 (KHTML, like Gecko) Chrome/44.0.2403.157 Safari/537.36" -
localhost 0:0:0:0:0:0:0:1 - - [2015-09-18 07:45:35] "GET /BBSS/addBook HTTP/1.1" 200 - "http://localhost:8081/BBSS/" "Mozilla/5.0 (Windows NT 10.0; WOW64) AppleWebKit/537.36 (KHTML, like Gecko) Chrome/44.0.2403.157 Safari/537.36" "JSESSIONID=fcywxa9kl538ju817lbyx68t"
localhost 0:0:0:0:0:0:0:1 - - [2015-09-18 07:45:35] "GET /BBSS/resources/css/bootstrap.min.css HTTP/1.1" 304 - "http://localhost:8081/BBSS/addBook" "Mozilla/5.0 (Windows NT 10.0; WOW64) AppleWebKit/537.36 (KHTML, like Gecko) Chrome/44.0.2403.157 Safari/537.36" "JSESSIONID=fcywxa9kl538ju817lbyx68t"
localhost 0:0:0:0:0:0:0:1 - - [2015-09-18 07:45:35] "GET /BBSS/resources/css/jquery.cxcalendar.css HTTP/1.1" 304 - "http://localhost:8081/BBSS/addBook" "Mozilla/5.0 (Windows NT 10.0; WOW64) AppleWebKit/537.36 (KHTML, like Gecko) Chrome/44.0.2403.157 Safari/537.36" "JSESSIONID=fcywxa9kl538ju817lbyx68t"
localhost 0:0:0:0:0:0:0:1 - - [2015-09-18 07:45:35] "GET /BBSS/resources/Font-Awesome/css/bootstrap.min.css HTTP/1.1" 404 333 "http://localhost:8081/BBSS/addBook" "Mozilla/5.0 (Windows NT 10.0; WOW64) AppleWebKit/537.36 (KHTML, like Gecko) Chrome/44.0.2403.157 Safari/537.36" "JSESSIONID=fcywxa9kl538ju817lbyx68t"
localhost 0:0:0:0:0:0:0:1 - - [2015-09-18 07:45:35] "GET /BBSS/resources/js/jquery.validate.min.js HTTP/1.1" 304 - "http://localhost:8081/BBSS/addBook" "Mozilla/5.0 (Windows NT 10.0; WOW64) AppleWebKit/537.36 (KHTML, like Gecko) Chrome/44.0.2403.157 Safari/537.36" "JSESSIONID=fcywxa9kl538ju817lbyx68t"
localhost 0:0:0:0:0:0:0:1 - - [2015-09-18 07:45:35] "GET /BBSS/resources/Font-Awesome/css/font-awesome.min.css HTTP/1.1" 304 - "http://localhost:8081/BBSS/addBook" "Mozilla/5.0 (Windows NT 10.0; WOW64) AppleWebKit/537.36 (KHTML, like Gecko) Chrome/44.0.2403.157 Safari/537.36" "JSESSIONID=fcywxa9kl538ju817lbyx68t"
localhost 0:0:0:0:0:0:0:1 - - [2015-09-18 07:45:35] "GET /BBSS/resources/js/jquery.cxcalendar.js HTTP/1.1" 304 - "http://localhost:8081/BBSS/addBook" "Mozilla/5.0 (Windows NT 10.0; WOW64) AppleWebKit/537.36 (KHTML, like Gecko) Chrome/44.0.2403.157 Safari/537.36" "JSESSIONID=fcywxa9kl538ju817lbyx68t"
localhost 0:0:0:0:0:0:0:1 - - [2015-09-18 07:45:35] "GET /BBSS/resources/js/jquery.cxcalendar.languages.js HTTP/1.1" 304 - "http://localhost:8081/BBSS/addBook" "Mozilla/5.0 (Windows NT 10.0; WOW64) AppleWebKit/537.36 (KHTML, like Gecko) Chrome/44.0.2403.157 Safari/537.36" "JSESSIONID=fcywxa9kl538ju817lbyx68t"
localhost 0:0:0:0:0:0:0:1 - - [2015-09-18 07:45:35] "GET /BBSS/resources/js/bootstrap.min.js HTTP/1.1" 304 - "http://localhost:8081/BBSS/addBook" "Mozilla/5.0 (Windows NT 10.0; WOW64) AppleWebKit/537.36 (KHTML, like Gecko) Chrome/44.0.2403.157 Safari/537.36" "JSESSIONID=fcywxa9kl538ju817lbyx68t"
localhost 0:0:0:0:0:0:0:1 - - [2015-09-18 07:45:35] "GET /favicon.ico HTTP/1.1" 200 1150 "http://localhost:8081/BBSS/addBook" "Mozilla/5.0 (Windows NT 10.0; WOW64) AppleWebKit/537.36 (KHTML, like Gecko) Chrome/44.0.2403.157 Safari/537.36" -
localhost 0:0:0:0:0:0:0:1 - - [2015-09-18 07:47:06] "GET /BBSS/addBook HTTP/1.1" 200 - "http://localhost:8081/BBSS/" "Mozilla/5.0 (Windows NT 10.0; WOW64) AppleWebKit/537.36 (KHTML, like Gecko) Chrome/44.0.2403.157 Safari/537.36" "JSESSIONID=fcywxa9kl538ju817lbyx68t"
localhost 0:0:0:0:0:0:0:1 - - [2015-09-18 07:47:07] "GET /BBSS/resources/css/bootstrap.min.css HTTP/1.1" 304 - "http://localhost:8081/BBSS/addBook" "Mozilla/5.0 (Windows NT 10.0; WOW64) AppleWebKit/537.36 (KHTML, like Gecko) Chrome/44.0.2403.157 Safari/537.36" "JSESSIONID=fcywxa9kl538ju817lbyx68t"
localhost 0:0:0:0:0:0:0:1 - - [2015-09-18 07:47:07] "GET /BBSS/resources/Font-Awesome/css/font-awesome.min.css HTTP/1.1" 304 - "http://localhost:8081/BBSS/addBook" "Mozilla/5.0 (Windows NT 10.0; WOW64) AppleWebKit/537.36 (KHTML, like Gecko) Chrome/44.0.2403.157 Safari/537.36" "JSESSIONID=fcywxa9kl538ju817lbyx68t"
localhost 0:0:0:0:0:0:0:1 - - [2015-09-18 07:47:07] "GET /BBSS/resources/Font-Awesome/css/bootstrap.min.css HTTP/1.1" 404 333 "http://localhost:8081/BBSS/addBook" "Mozilla/5.0 (Windows NT 10.0; WOW64) AppleWebKit/537.36 (KHTML, like Gecko) Chrome/44.0.2403.157 Safari/537.36" "JSESSIONID=fcywxa9kl538ju817lbyx68t"
localhost 0:0:0:0:0:0:0:1 - - [2015-09-18 07:47:07] "GET /BBSS/resources/css/jquery.cxcalendar.css HTTP/1.1" 304 - "http://localhost:8081/BBSS/addBook" "Mozilla/5.0 (Windows NT 10.0; WOW64) AppleWebKit/537.36 (KHTML, like Gecko) Chrome/44.0.2403.157 Safari/537.36" "JSESSIONID=fcywxa9kl538ju817lbyx68t"
localhost 0:0:0:0:0:0:0:1 - - [2015-09-18 07:47:07] "GET /BBSS/resources/js/bootstrap.min.js HTTP/1.1" 304 - "http://localhost:8081/BBSS/addBook" "Mozilla/5.0 (Windows NT 10.0; WOW64) AppleWebKit/537.36 (KHTML, like Gecko) Chrome/44.0.2403.157 Safari/537.36" "JSESSIONID=fcywxa9kl538ju817lbyx68t"
localhost 0:0:0:0:0:0:0:1 - - [2015-09-18 07:47:07] "GET /BBSS/resources/js/jquery.validate.min.js HTTP/1.1" 304 - "http://localhost:8081/BBSS/addBook" "Mozilla/5.0 (Windows NT 10.0; WOW64) AppleWebKit/537.36 (KHTML, like Gecko) Chrome/44.0.2403.157 Safari/537.36" "JSESSIONID=fcywxa9kl538ju817lbyx68t"
localhost 0:0:0:0:0:0:0:1 - - [2015-09-18 07:47:07] "GET /BBSS/resources/js/jquery.cxcalendar.languages.js HTTP/1.1" 304 - "http://localhost:8081/BBSS/addBook" "Mozilla/5.0 (Windows NT 10.0; WOW64) AppleWebKit/537.36 (KHTML, like Gecko) Chrome/44.0.2403.157 Safari/537.36" "JSESSIONID=fcywxa9kl538ju817lbyx68t"
localhost 0:0:0:0:0:0:0:1 - - [2015-09-18 07:47:07] "GET /BBSS/resources/js/jquery.cxcalendar.js HTTP/1.1" 304 - "http://localhost:8081/BBSS/addBook" "Mozilla/5.0 (Windows NT 10.0; WOW64) AppleWebKit/537.36 (KHTML, like Gecko) Chrome/44.0.2403.157 Safari/537.36" "JSESSIONID=fcywxa9kl538ju817lbyx68t"
localhost 0:0:0:0:0:0:0:1 - - [2015-09-18 07:47:07] "GET /favicon.ico HTTP/1.1" 200 1150 "http://localhost:8081/BBSS/addBook" "Mozilla/5.0 (Windows NT 10.0; WOW64) AppleWebKit/537.36 (KHTML, like Gecko) Chrome/44.0.2403.157 Safari/537.36" -
localhost 0:0:0:0:0:0:0:1 - - [2015-09-18 07:47:10] "GET /BBSS/addBook HTTP/1.1" 200 - "http://localhost:8081/BBSS/" "Mozilla/5.0 (Windows NT 10.0; WOW64) AppleWebKit/537.36 (KHTML, like Gecko) Chrome/44.0.2403.157 Safari/537.36" "JSESSIONID=fcywxa9kl538ju817lbyx68t"
localhost 0:0:0:0:0:0:0:1 - - [2015-09-18 07:47:10] "GET /BBSS/resources/Font-Awesome/css/bootstrap.min.css HTTP/1.1" 404 333 "http://localhost:8081/BBSS/addBook" "Mozilla/5.0 (Windows NT 10.0; WOW64) AppleWebKit/537.36 (KHTML, like Gecko) Chrome/44.0.2403.157 Safari/537.36" "JSESSIONID=fcywxa9kl538ju817lbyx68t"
localhost 0:0:0:0:0:0:0:1 - - [2015-09-18 07:49:05] "GET /BBSS/addBook HTTP/1.1" 200 - "http://localhost:8081/BBSS/" "Mozilla/5.0 (Windows NT 10.0; WOW64) AppleWebKit/537.36 (KHTML, like Gecko) Chrome/44.0.2403.157 Safari/537.36" "JSESSIONID=fcywxa9kl538ju817lbyx68t"
localhost 0:0:0:0:0:0:0:1 - - [2015-09-18 07:49:06] "GET /BBSS/resources/css/bootstrap.min.css HTTP/1.1" 304 - "http://localhost:8081/BBSS/addBook" "Mozilla/5.0 (Windows NT 10.0; WOW64) AppleWebKit/537.36 (KHTML, like Gecko) Chrome/44.0.2403.157 Safari/537.36" "JSESSIONID=11zne6l5t5smf16770xw07bevh"
localhost 0:0:0:0:0:0:0:1 - - [2015-09-18 07:49:06] "GET /BBSS/resources/css/jquery.cxcalendar.css HTTP/1.1" 304 - "http://localhost:8081/BBSS/addBook" "Mozilla/5.0 (Windows NT 10.0; WOW64) AppleWebKit/537.36 (KHTML, like Gecko) Chrome/44.0.2403.157 Safari/537.36" "JSESSIONID=11zne6l5t5smf16770xw07bevh"
localhost 0:0:0:0:0:0:0:1 - - [2015-09-18 07:49:06] "GET /BBSS/resources/js/jquery.cxcalendar.js HTTP/1.1" 304 - "http://localhost:8081/BBSS/addBook" "Mozilla/5.0 (Windows NT 10.0; WOW64) AppleWebKit/537.36 (KHTML, like Gecko) Chrome/44.0.2403.157 Safari/537.36" "JSESSIONID=11zne6l5t5smf16770xw07bevh"
localhost 0:0:0:0:0:0:0:1 - - [2015-09-18 07:49:06] "GET /BBSS/resources/js/jquery.validate.min.js HTTP/1.1" 304 - "http://localhost:8081/BBSS/addBook" "Mozilla/5.0 (Windows NT 10.0; WOW64) AppleWebKit/537.36 (KHTML, like Gecko) Chrome/44.0.2403.157 Safari/537.36" "JSESSIONID=11zne6l5t5smf16770xw07bevh"
localhost 0:0:0:0:0:0:0:1 - - [2015-09-18 07:49:06] "GET /BBSS/resources/Font-Awesome/css/bootstrap.min.css HTTP/1.1" 404 333 "http://localhost:8081/BBSS/addBook" "Mozilla/5.0 (Windows NT 10.0; WOW64) AppleWebKit/537.36 (KHTML, like Gecko) Chrome/44.0.2403.157 Safari/537.36" "JSESSIONID=11zne6l5t5smf16770xw07bevh"
localhost 0:0:0:0:0:0:0:1 - - [2015-09-18 07:49:06] "GET /BBSS/resources/Font-Awesome/css/font-awesome.min.css HTTP/1.1" 304 - "http://localhost:8081/BBSS/addBook" "Mozilla/5.0 (Windows NT 10.0; WOW64) AppleWebKit/537.36 (KHTML, like Gecko) Chrome/44.0.2403.157 Safari/537.36" "JSESSIONID=11zne6l5t5smf16770xw07bevh"
localhost 0:0:0:0:0:0:0:1 - - [2015-09-18 07:49:06] "GET /BBSS/resources/js/bootstrap.min.js HTTP/1.1" 304 - "http://localhost:8081/BBSS/addBook" "Mozilla/5.0 (Windows NT 10.0; WOW64) AppleWebKit/537.36 (KHTML, like Gecko) Chrome/44.0.2403.157 Safari/537.36" "JSESSIONID=11zne6l5t5smf16770xw07bevh"
localhost 0:0:0:0:0:0:0:1 - - [2015-09-18 07:49:06] "GET /BBSS/resources/js/jquery.cxcalendar.languages.js HTTP/1.1" 304 - "http://localhost:8081/BBSS/addBook" "Mozilla/5.0 (Windows NT 10.0; WOW64) AppleWebKit/537.36 (KHTML, like Gecko) Chrome/44.0.2403.157 Safari/537.36" "JSESSIONID=11zne6l5t5smf16770xw07bevh"
localhost 0:0:0:0:0:0:0:1 - - [2015-09-18 07:49:06] "GET /favicon.ico HTTP/1.1" 200 1150 "http://localhost:8081/BBSS/addBook" "Mozilla/5.0 (Windows NT 10.0; WOW64) AppleWebKit/537.36 (KHTML, like Gecko) Chrome/44.0.2403.157 Safari/537.36" -
localhost 0:0:0:0:0:0:0:1 - - [2015-09-18 07:51:49] "GET /BBSS/addBook HTTP/1.1" 200 - "-" "Mozilla/5.0 (Windows NT 10.0; WOW64) AppleWebKit/537.36 (KHTML, like Gecko) Chrome/42.0.2311.152 Safari/537.36" -
localhost 0:0:0:0:0:0:0:1 - - [2015-09-18 07:51:49] "GET /BBSS/resources/Font-Awesome/css/bootstrap.min.css HTTP/1.1" 404 333 "http://localhost:8081/BBSS/addBook" "Mozilla/5.0 (Windows NT 10.0; WOW64) AppleWebKit/537.36 (KHTML, like Gecko) Chrome/42.0.2311.152 Safari/537.36" "JSESSIONID=vbzhh8zwg4r6kq8k7wxstdsa"
localhost 0:0:0:0:0:0:0:1 - - [2015-09-18 07:51:49] "GET /BBSS/resources/css/bootstrap.min.css HTTP/1.1" 200 122544 "http://localhost:8081/BBSS/addBook" "Mozilla/5.0 (Windows NT 10.0; WOW64) AppleWebKit/537.36 (KHTML, like Gecko) Chrome/42.0.2311.152 Safari/537.36" "JSESSIONID=vbzhh8zwg4r6kq8k7wxstdsa"
localhost 0:0:0:0:0:0:0:1 - - [2015-09-18 07:51:49] "GET /BBSS/resources/Font-Awesome/css/font-awesome.min.css HTTP/1.1" 200 22487 "http://localhost:8081/BBSS/addBook" "Mozilla/5.0 (Windows NT 10.0; WOW64) AppleWebKit/537.36 (KHTML, like Gecko) Chrome/42.0.2311.152 Safari/537.36" "JSESSIONID=vbzhh8zwg4r6kq8k7wxstdsa"
localhost 0:0:0:0:0:0:0:1 - - [2015-09-18 07:51:49] "GET /BBSS/resources/js/jquery.validate.min.js HTTP/1.1" 200 21093 "http://localhost:8081/BBSS/addBook" "Mozilla/5.0 (Windows NT 10.0; WOW64) AppleWebKit/537.36 (KHTML, like Gecko) Chrome/42.0.2311.152 Safari/537.36" "JSESSIONID=vbzhh8zwg4r6kq8k7wxstdsa"
localhost 0:0:0:0:0:0:0:1 - - [2015-09-18 07:51:49] "GET /BBSS/resources/css/jquery.cxcalendar.css HTTP/1.1" 200 2820 "http://localhost:8081/BBSS/addBook" "Mozilla/5.0 (Windows NT 10.0; WOW64) AppleWebKit/537.36 (KHTML, like Gecko) Chrome/42.0.2311.152 Safari/537.36" "JSESSIONID=vbzhh8zwg4r6kq8k7wxstdsa"
localhost 0:0:0:0:0:0:0:1 - - [2015-09-18 07:51:49] "GET /BBSS/resources/js/bootstrap.min.js HTTP/1.1" 200 36822 "http://localhost:8081/BBSS/addBook" "Mozilla/5.0 (Windows NT 10.0; WOW64) AppleWebKit/537.36 (KHTML, like Gecko) Chrome/42.0.2311.152 Safari/537.36" "JSESSIONID=vbzhh8zwg4r6kq8k7wxstdsa"
localhost 0:0:0:0:0:0:0:1 - - [2015-09-18 07:51:49] "GET /BBSS/resources/js/jquery.cxcalendar.languages.js HTTP/1.1" 200 3122 "http://localhost:8081/BBSS/addBook" "Mozilla/5.0 (Windows NT 10.0; WOW64) AppleWebKit/537.36 (KHTML, like Gecko) Chrome/42.0.2311.152 Safari/537.36" "JSESSIONID=vbzhh8zwg4r6kq8k7wxstdsa"
localhost 0:0:0:0:0:0:0:1 - - [2015-09-18 07:51:49] "GET /BBSS/resources/js/jquery.cxcalendar.js HTTP/1.1" 200 21535 "http://localhost:8081/BBSS/addBook" "Mozilla/5.0 (Windows NT 10.0; WOW64) AppleWebKit/537.36 (KHTML, like Gecko) Chrome/42.0.2311.152 Safari/537.36" "JSESSIONID=vbzhh8zwg4r6kq8k7wxstdsa"
localhost 0:0:0:0:0:0:0:1 - - [2015-09-18 07:56:40] "GET /BBSS/addBook HTTP/1.1" 200 - "http://localhost:8081/BBSS/" "Mozilla/5.0 (Windows NT 10.0; WOW64) AppleWebKit/537.36 (KHTML, like Gecko) Chrome/44.0.2403.157 Safari/537.36" "JSESSIONID=11zne6l5t5smf16770xw07bevh"
localhost 0:0:0:0:0:0:0:1 - - [2015-09-18 07:56:41] "GET /BBSS/resources/css/bootstrap.min.css HTTP/1.1" 304 - "http://localhost:8081/BBSS/addBook" "Mozilla/5.0 (Windows NT 10.0; WOW64) AppleWebKit/537.36 (KHTML, like Gecko) Chrome/44.0.2403.157 Safari/537.36" "JSESSIONID=11zne6l5t5smf16770xw07bevh"
localhost 0:0:0:0:0:0:0:1 - - [2015-09-18 07:56:41] "GET /BBSS/resources/css/jquery.cxcalendar.css HTTP/1.1" 304 - "http://localhost:8081/BBSS/addBook" "Mozilla/5.0 (Windows NT 10.0; WOW64) AppleWebKit/537.36 (KHTML, like Gecko) Chrome/44.0.2403.157 Safari/537.36" "JSESSIONID=11zne6l5t5smf16770xw07bevh"
localhost 0:0:0:0:0:0:0:1 - - [2015-09-18 07:56:41] "GET /BBSS/resources/Font-Awesome/css/font-awesome.min.css HTTP/1.1" 304 - "http://localhost:8081/BBSS/addBook" "Mozilla/5.0 (Windows NT 10.0; WOW64) AppleWebKit/537.36 (KHTML, like Gecko) Chrome/44.0.2403.157 Safari/537.36" "JSESSIONID=11zne6l5t5smf16770xw07bevh"
localhost 0:0:0:0:0:0:0:1 - - [2015-09-18 07:56:41] "GET /BBSS/resources/Font-Awesome/css/bootstrap.min.css HTTP/1.1" 404 333 "http://localhost:8081/BBSS/addBook" "Mozilla/5.0 (Windows NT 10.0; WOW64) AppleWebKit/537.36 (KHTML, like Gecko) Chrome/44.0.2403.157 Safari/537.36" "JSESSIONID=11zne6l5t5smf16770xw07bevh"
localhost 0:0:0:0:0:0:0:1 - - [2015-09-18 07:56:41] "GET /BBSS/resources/js/jquery.min.js HTTP/1.1" 304 - "http://localhost:8081/BBSS/addBook" "Mozilla/5.0 (Windows NT 10.0; WOW64) AppleWebKit/537.36 (KHTML, like Gecko) Chrome/44.0.2403.157 Safari/537.36" "JSESSIONID=11zne6l5t5smf16770xw07bevh"
localhost 0:0:0:0:0:0:0:1 - - [2015-09-18 07:56:41] "GET /BBSS/resources/js/jquery.cxcalendar.min.js HTTP/1.1" 200 10805 "http://localhost:8081/BBSS/addBook" "Mozilla/5.0 (Windows NT 10.0; WOW64) AppleWebKit/537.36 (KHTML, like Gecko) Chrome/44.0.2403.157 Safari/537.36" "JSESSIONID=11zne6l5t5smf16770xw07bevh"
localhost 0:0:0:0:0:0:0:1 - - [2015-09-18 07:56:41] "GET /BBSS/resources/js/jquery.cxcalendar.languages.js HTTP/1.1" 304 - "http://localhost:8081/BBSS/addBook" "Mozilla/5.0 (Windows NT 10.0; WOW64) AppleWebKit/537.36 (KHTML, like Gecko) Chrome/44.0.2403.157 Safari/537.36" "JSESSIONID=11zne6l5t5smf16770xw07bevh"
localhost 0:0:0:0:0:0:0:1 - - [2015-09-18 07:56:41] "GET /BBSS/resources/js/bootstrap.min.js HTTP/1.1" 304 - "http://localhost:8081/BBSS/addBook" "Mozilla/5.0 (Windows NT 10.0; WOW64) AppleWebKit/537.36 (KHTML, like Gecko) Chrome/44.0.2403.157 Safari/537.36" "JSESSIONID=11zne6l5t5smf16770xw07bevh"
localhost 0:0:0:0:0:0:0:1 - - [2015-09-18 07:56:41] "GET /BBSS/resources/js/jquery.validate.min.js HTTP/1.1" 304 - "http://localhost:8081/BBSS/addBook" "Mozilla/5.0 (Windows NT 10.0; WOW64) AppleWebKit/537.36 (KHTML, like Gecko) Chrome/44.0.2403.157 Safari/537.36" "JSESSIONID=11zne6l5t5smf16770xw07bevh"
localhost 0:0:0:0:0:0:0:1 - - [2015-09-18 07:56:41] "GET /favicon.ico HTTP/1.1" 200 1150 "http://localhost:8081/BBSS/addBook" "Mozilla/5.0 (Windows NT 10.0; WOW64) AppleWebKit/537.36 (KHTML, like Gecko) Chrome/44.0.2403.157 Safari/537.36" -
localhost 0:0:0:0:0:0:0:1 - - [2015-09-18 07:57:52] "GET /BBSS/resources/Font-Awesome/css/bootstrap.min.css HTTP/1.1" 404 333 "http://localhost:8081/BBSS/addBook" "Mozilla/5.0 (Windows NT 10.0; WOW64) AppleWebKit/537.36 (KHTML, like Gecko) Chrome/44.0.2403.157 Safari/537.36" "JSESSIONID=11zne6l5t5smf16770xw07bevh"
