localhost 0:0:0:0:0:0:0:1 - - [2015-09-14 15:58:34] "GET /BBSS HTTP/1.1" 404 282 "-" "Mozilla/5.0 (Windows NT 10.0; WOW64) AppleWebKit/537.36 (KHTML, like Gecko) Chrome/44.0.2403.157 Safari/537.36" -
localhost 0:0:0:0:0:0:0:1 - - [2015-09-14 15:58:43] "GET /BBSS HTTP/1.1" 302 - "-" "Mozilla/5.0 (Windows NT 10.0; WOW64) AppleWebKit/537.36 (KHTML, like Gecko) Chrome/44.0.2403.157 Safari/537.36" -
localhost 0:0:0:0:0:0:0:1 - - [2015-09-14 15:58:43] "GET /BBSS/ HTTP/1.1" 200 - "-" "Mozilla/5.0 (Windows NT 10.0; WOW64) AppleWebKit/537.36 (KHTML, like Gecko) Chrome/44.0.2403.157 Safari/537.36" -
localhost 0:0:0:0:0:0:0:1 - - [2015-09-14 15:58:48] "GET /BBSS/login HTTP/1.1" 200 - "http://localhost:8081/BBSS/" "Mozilla/5.0 (Windows NT 10.0; WOW64) AppleWebKit/537.36 (KHTML, like Gecko) Chrome/44.0.2403.157 Safari/537.36" "JSESSIONID=p7nzzynoqs728bshmjs5r88x"
localhost 0:0:0:0:0:0:0:1 - - [2015-09-14 15:58:49] "GET /BBSS/resources/Font-Awesome/css/bootstrap.min.css HTTP/1.1" 404 333 "http://localhost:8081/BBSS/login" "Mozilla/5.0 (Windows NT 10.0; WOW64) AppleWebKit/537.36 (KHTML, like Gecko) Chrome/44.0.2403.157 Safari/537.36" "JSESSIONID=p7nzzynoqs728bshmjs5r88x"
localhost 0:0:0:0:0:0:0:1 - - [2015-09-14 15:58:49] "GET /BBSS/resources/css/bootstrap.min.css HTTP/1.1" 304 - "http://localhost:8081/BBSS/login" "Mozilla/5.0 (Windows NT 10.0; WOW64) AppleWebKit/537.36 (KHTML, like Gecko) Chrome/44.0.2403.157 Safari/537.36" "JSESSIONID=p7nzzynoqs728bshmjs5r88x"
localhost 0:0:0:0:0:0:0:1 - - [2015-09-14 15:58:49] "GET /BBSS/resources/Font-Awesome/css/font-awesome.min.css HTTP/1.1" 304 - "http://localhost:8081/BBSS/login" "Mozilla/5.0 (Windows NT 10.0; WOW64) AppleWebKit/537.36 (KHTML, like Gecko) Chrome/44.0.2403.157 Safari/537.36" "JSESSIONID=p7nzzynoqs728bshmjs5r88x"
localhost 0:0:0:0:0:0:0:1 - - [2015-09-14 15:58:49] "GET /BBSS/resources/js/bootstrap.min.js HTTP/1.1" 304 - "http://localhost:8081/BBSS/login" "Mozilla/5.0 (Windows NT 10.0; WOW64) AppleWebKit/537.36 (KHTML, like Gecko) Chrome/44.0.2403.157 Safari/537.36" "JSESSIONID=p7nzzynoqs728bshmjs5r88x"
localhost 0:0:0:0:0:0:0:1 - - [2015-09-14 15:58:49] "GET /BBSS/resources/images/01.jpg HTTP/1.1" 304 - "http://localhost:8081/BBSS/login" "Mozilla/5.0 (Windows NT 10.0; WOW64) AppleWebKit/537.36 (KHTML, like Gecko) Chrome/44.0.2403.157 Safari/537.36" "JSESSIONID=p7nzzynoqs728bshmjs5r88x"
localhost 0:0:0:0:0:0:0:1 - - [2015-09-14 15:58:49] "GET /BBSS/resources/js/jquery.min.js HTTP/1.1" 304 - "http://localhost:8081/BBSS/login" "Mozilla/5.0 (Windows NT 10.0; WOW64) AppleWebKit/537.36 (KHTML, like Gecko) Chrome/44.0.2403.157 Safari/537.36" "JSESSIONID=p7nzzynoqs728bshmjs5r88x"
localhost 0:0:0:0:0:0:0:1 - - [2015-09-14 15:58:49] "GET /BBSS/VerifyCodeServlet HTTP/1.1" 200 - "http://localhost:8081/BBSS/login" "Mozilla/5.0 (Windows NT 10.0; WOW64) AppleWebKit/537.36 (KHTML, like Gecko) Chrome/44.0.2403.157 Safari/537.36" "JSESSIONID=p7nzzynoqs728bshmjs5r88x"
localhost 0:0:0:0:0:0:0:1 - - [2015-09-14 15:58:58] "POST /BBSS/login HTTP/1.1" 200 - "http://localhost:8081/BBSS/login" "Mozilla/5.0 (Windows NT 10.0; WOW64) AppleWebKit/537.36 (KHTML, like Gecko) Chrome/44.0.2403.157 Safari/537.36" "JSESSIONID=p7nzzynoqs728bshmjs5r88x"
localhost 0:0:0:0:0:0:0:1 - - [2015-09-14 21:53:22] "GET /BBSS HTTP/1.1" 302 - "-" "Mozilla/5.0 (Windows NT 10.0; WOW64) AppleWebKit/537.36 (KHTML, like Gecko) Chrome/44.0.2403.157 Safari/537.36" -
localhost 0:0:0:0:0:0:0:1 - - [2015-09-14 21:53:22] "GET /BBSS/ HTTP/1.1" 200 - "-" "Mozilla/5.0 (Windows NT 10.0; WOW64) AppleWebKit/537.36 (KHTML, like Gecko) Chrome/44.0.2403.157 Safari/537.36" -
localhost 0:0:0:0:0:0:0:1 - - [2015-09-14 21:53:25] "GET /BBSS/login HTTP/1.1" 200 - "http://localhost:8081/BBSS/" "Mozilla/5.0 (Windows NT 10.0; WOW64) AppleWebKit/537.36 (KHTML, like Gecko) Chrome/44.0.2403.157 Safari/537.36" "JSESSIONID=1llj6bpncowmv53wux2ojdx0a"
localhost 0:0:0:0:0:0:0:1 - - [2015-09-14 21:53:25] "GET /BBSS/resources/Font-Awesome/css/bootstrap.min.css HTTP/1.1" 404 333 "http://localhost:8081/BBSS/login" "Mozilla/5.0 (Windows NT 10.0; WOW64) AppleWebKit/537.36 (KHTML, like Gecko) Chrome/44.0.2403.157 Safari/537.36" "JSESSIONID=1llj6bpncowmv53wux2ojdx0a"
localhost 0:0:0:0:0:0:0:1 - - [2015-09-14 21:53:25] "GET /BBSS/resources/js/jquery.min.js HTTP/1.1" 200 84345 "http://localhost:8081/BBSS/login" "Mozilla/5.0 (Windows NT 10.0; WOW64) AppleWebKit/537.36 (KHTML, like Gecko) Chrome/44.0.2403.157 Safari/537.36" "JSESSIONID=1llj6bpncowmv53wux2ojdx0a"
localhost 0:0:0:0:0:0:0:1 - - [2015-09-14 21:53:25] "GET /BBSS/resources/css/bootstrap.min.css HTTP/1.1" 200 122540 "http://localhost:8081/BBSS/login" "Mozilla/5.0 (Windows NT 10.0; WOW64) AppleWebKit/537.36 (KHTML, like Gecko) Chrome/44.0.2403.157 Safari/537.36" "JSESSIONID=1llj6bpncowmv53wux2ojdx0a"
localhost 0:0:0:0:0:0:0:1 - - [2015-09-14 21:53:25] "GET /BBSS/resources/js/bootstrap.min.js HTTP/1.1" 200 36816 "http://localhost:8081/BBSS/login" "Mozilla/5.0 (Windows NT 10.0; WOW64) AppleWebKit/537.36 (KHTML, like Gecko) Chrome/44.0.2403.157 Safari/537.36" "JSESSIONID=1llj6bpncowmv53wux2ojdx0a"
localhost 0:0:0:0:0:0:0:1 - - [2015-09-14 21:53:25] "GET /BBSS/resources/Font-Awesome/css/font-awesome.min.css HTTP/1.1" 200 22084 "http://localhost:8081/BBSS/login" "Mozilla/5.0 (Windows NT 10.0; WOW64) AppleWebKit/537.36 (KHTML, like Gecko) Chrome/44.0.2403.157 Safari/537.36" "JSESSIONID=1llj6bpncowmv53wux2ojdx0a"
localhost 0:0:0:0:0:0:0:1 - - [2015-09-14 21:53:25] "GET /BBSS/resources/images/01.jpg HTTP/1.1" 200 31299 "http://localhost:8081/BBSS/login" "Mozilla/5.0 (Windows NT 10.0; WOW64) AppleWebKit/537.36 (KHTML, like Gecko) Chrome/44.0.2403.157 Safari/537.36" "JSESSIONID=1llj6bpncowmv53wux2ojdx0a"
localhost 0:0:0:0:0:0:0:1 - - [2015-09-14 21:53:26] "GET /BBSS/VerifyCodeServlet HTTP/1.1" 200 - "http://localhost:8081/BBSS/login" "Mozilla/5.0 (Windows NT 10.0; WOW64) AppleWebKit/537.36 (KHTML, like Gecko) Chrome/44.0.2403.157 Safari/537.36" "JSESSIONID=1llj6bpncowmv53wux2ojdx0a"
localhost 0:0:0:0:0:0:0:1 - - [2015-09-14 21:53:36] "POST /BBSS/login HTTP/1.1" 500 11283 "http://localhost:8081/BBSS/login" "Mozilla/5.0 (Windows NT 10.0; WOW64) AppleWebKit/537.36 (KHTML, like Gecko) Chrome/44.0.2403.157 Safari/537.36" "JSESSIONID=1llj6bpncowmv53wux2ojdx0a"
localhost 0:0:0:0:0:0:0:1 - - [2015-09-14 22:01:10] "GET /BBSS/login HTTP/1.1" 404 288 "http://localhost:8081/BBSS/" "Mozilla/5.0 (Windows NT 10.0; WOW64) AppleWebKit/537.36 (KHTML, like Gecko) Chrome/44.0.2403.157 Safari/537.36" "JSESSIONID=1llj6bpncowmv53wux2ojdx0a"
localhost 0:0:0:0:0:0:0:1 - - [2015-09-14 22:01:11] "GET /favicon.ico HTTP/1.1" 200 1150 "http://localhost:8081/BBSS/login" "Mozilla/5.0 (Windows NT 10.0; WOW64) AppleWebKit/537.36 (KHTML, like Gecko) Chrome/44.0.2403.157 Safari/537.36" -
localhost 0:0:0:0:0:0:0:1 - - [2015-09-14 22:01:14] "GET /BBSS/login HTTP/1.1" 200 - "http://localhost:8081/BBSS/" "Mozilla/5.0 (Windows NT 10.0; WOW64) AppleWebKit/537.36 (KHTML, like Gecko) Chrome/44.0.2403.157 Safari/537.36" "JSESSIONID=1llj6bpncowmv53wux2ojdx0a"
localhost 0:0:0:0:0:0:0:1 - - [2015-09-14 22:01:14] "GET /BBSS/resources/Font-Awesome/css/bootstrap.min.css HTTP/1.1" 404 333 "http://localhost:8081/BBSS/login" "Mozilla/5.0 (Windows NT 10.0; WOW64) AppleWebKit/537.36 (KHTML, like Gecko) Chrome/44.0.2403.157 Safari/537.36" "JSESSIONID=1prfsw1a3rn3ld4efcmdtfxd8"
localhost 0:0:0:0:0:0:0:1 - - [2015-09-14 22:01:14] "GET /BBSS/resources/css/bootstrap.min.css HTTP/1.1" 304 - "http://localhost:8081/BBSS/login" "Mozilla/5.0 (Windows NT 10.0; WOW64) AppleWebKit/537.36 (KHTML, like Gecko) Chrome/44.0.2403.157 Safari/537.36" "JSESSIONID=1prfsw1a3rn3ld4efcmdtfxd8"
localhost 0:0:0:0:0:0:0:1 - - [2015-09-14 22:01:14] "GET /BBSS/resources/Font-Awesome/css/font-awesome.min.css HTTP/1.1" 304 - "http://localhost:8081/BBSS/login" "Mozilla/5.0 (Windows NT 10.0; WOW64) AppleWebKit/537.36 (KHTML, like Gecko) Chrome/44.0.2403.157 Safari/537.36" "JSESSIONID=1prfsw1a3rn3ld4efcmdtfxd8"
localhost 0:0:0:0:0:0:0:1 - - [2015-09-14 22:01:14] "GET /BBSS/resources/images/01.jpg HTTP/1.1" 304 - "http://localhost:8081/BBSS/login" "Mozilla/5.0 (Windows NT 10.0; WOW64) AppleWebKit/537.36 (KHTML, like Gecko) Chrome/44.0.2403.157 Safari/537.36" "JSESSIONID=1prfsw1a3rn3ld4efcmdtfxd8"
localhost 0:0:0:0:0:0:0:1 - - [2015-09-14 22:01:14] "GET /BBSS/resources/js/jquery.min.js HTTP/1.1" 304 - "http://localhost:8081/BBSS/login" "Mozilla/5.0 (Windows NT 10.0; WOW64) AppleWebKit/537.36 (KHTML, like Gecko) Chrome/44.0.2403.157 Safari/537.36" "JSESSIONID=1prfsw1a3rn3ld4efcmdtfxd8"
localhost 0:0:0:0:0:0:0:1 - - [2015-09-14 22:01:14] "GET /BBSS/resources/js/bootstrap.min.js HTTP/1.1" 304 - "http://localhost:8081/BBSS/login" "Mozilla/5.0 (Windows NT 10.0; WOW64) AppleWebKit/537.36 (KHTML, like Gecko) Chrome/44.0.2403.157 Safari/537.36" "JSESSIONID=1prfsw1a3rn3ld4efcmdtfxd8"
localhost 0:0:0:0:0:0:0:1 - - [2015-09-14 22:01:14] "GET /BBSS/VerifyCodeServlet HTTP/1.1" 200 - "http://localhost:8081/BBSS/login" "Mozilla/5.0 (Windows NT 10.0; WOW64) AppleWebKit/537.36 (KHTML, like Gecko) Chrome/44.0.2403.157 Safari/537.36" "JSESSIONID=1prfsw1a3rn3ld4efcmdtfxd8"
localhost 0:0:0:0:0:0:0:1 - - [2015-09-14 22:01:14] "GET /favicon.ico HTTP/1.1" 200 1150 "http://localhost:8081/BBSS/login" "Mozilla/5.0 (Windows NT 10.0; WOW64) AppleWebKit/537.36 (KHTML, like Gecko) Chrome/44.0.2403.157 Safari/537.36" -
localhost 0:0:0:0:0:0:0:1 - - [2015-09-14 22:01:21] "POST /BBSS/login HTTP/1.1" 500 11283 "http://localhost:8081/BBSS/login" "Mozilla/5.0 (Windows NT 10.0; WOW64) AppleWebKit/537.36 (KHTML, like Gecko) Chrome/44.0.2403.157 Safari/537.36" "JSESSIONID=1prfsw1a3rn3ld4efcmdtfxd8"
localhost 0:0:0:0:0:0:0:1 - - [2015-09-14 22:02:20] "GET /BBSS/login HTTP/1.1" 404 288 "http://localhost:8081/BBSS/" "Mozilla/5.0 (Windows NT 10.0; WOW64) AppleWebKit/537.36 (KHTML, like Gecko) Chrome/44.0.2403.157 Safari/537.36" "JSESSIONID=1prfsw1a3rn3ld4efcmdtfxd8"
localhost 0:0:0:0:0:0:0:1 - - [2015-09-14 22:02:21] "GET /favicon.ico HTTP/1.1" 200 1150 "http://localhost:8081/BBSS/login" "Mozilla/5.0 (Windows NT 10.0; WOW64) AppleWebKit/537.36 (KHTML, like Gecko) Chrome/44.0.2403.157 Safari/537.36" -
localhost 0:0:0:0:0:0:0:1 - - [2015-09-14 22:02:23] "GET /BBSS/login HTTP/1.1" 404 288 "http://localhost:8081/BBSS/" "Mozilla/5.0 (Windows NT 10.0; WOW64) AppleWebKit/537.36 (KHTML, like Gecko) Chrome/44.0.2403.157 Safari/537.36" "JSESSIONID=1prfsw1a3rn3ld4efcmdtfxd8"
localhost 0:0:0:0:0:0:0:1 - - [2015-09-14 22:02:23] "GET /favicon.ico HTTP/1.1" 200 1150 "http://localhost:8081/BBSS/login" "Mozilla/5.0 (Windows NT 10.0; WOW64) AppleWebKit/537.36 (KHTML, like Gecko) Chrome/44.0.2403.157 Safari/537.36" -
localhost 0:0:0:0:0:0:0:1 - - [2015-09-14 22:02:27] "GET /BBSS/login HTTP/1.1" 200 - "http://localhost:8081/BBSS/" "Mozilla/5.0 (Windows NT 10.0; WOW64) AppleWebKit/537.36 (KHTML, like Gecko) Chrome/44.0.2403.157 Safari/537.36" "JSESSIONID=1prfsw1a3rn3ld4efcmdtfxd8"
localhost 0:0:0:0:0:0:0:1 - - [2015-09-14 22:02:27] "GET /BBSS/resources/Font-Awesome/css/bootstrap.min.css HTTP/1.1" 404 333 "http://localhost:8081/BBSS/login" "Mozilla/5.0 (Windows NT 10.0; WOW64) AppleWebKit/537.36 (KHTML, like Gecko) Chrome/44.0.2403.157 Safari/537.36" "JSESSIONID=7sezg1zelmpqpo35yp0mjiu8"
localhost 0:0:0:0:0:0:0:1 - - [2015-09-14 22:02:27] "GET /BBSS/resources/images/01.jpg HTTP/1.1" 304 - "http://localhost:8081/BBSS/login" "Mozilla/5.0 (Windows NT 10.0; WOW64) AppleWebKit/537.36 (KHTML, like Gecko) Chrome/44.0.2403.157 Safari/537.36" "JSESSIONID=7sezg1zelmpqpo35yp0mjiu8"
localhost 0:0:0:0:0:0:0:1 - - [2015-09-14 22:02:27] "GET /BBSS/resources/Font-Awesome/css/font-awesome.min.css HTTP/1.1" 304 - "http://localhost:8081/BBSS/login" "Mozilla/5.0 (Windows NT 10.0; WOW64) AppleWebKit/537.36 (KHTML, like Gecko) Chrome/44.0.2403.157 Safari/537.36" "JSESSIONID=7sezg1zelmpqpo35yp0mjiu8"
localhost 0:0:0:0:0:0:0:1 - - [2015-09-14 22:02:27] "GET /BBSS/resources/css/bootstrap.min.css HTTP/1.1" 304 - "http://localhost:8081/BBSS/login" "Mozilla/5.0 (Windows NT 10.0; WOW64) AppleWebKit/537.36 (KHTML, like Gecko) Chrome/44.0.2403.157 Safari/537.36" "JSESSIONID=7sezg1zelmpqpo35yp0mjiu8"
localhost 0:0:0:0:0:0:0:1 - - [2015-09-14 22:02:27] "GET /BBSS/resources/js/jquery.min.js HTTP/1.1" 304 - "http://localhost:8081/BBSS/login" "Mozilla/5.0 (Windows NT 10.0; WOW64) AppleWebKit/537.36 (KHTML, like Gecko) Chrome/44.0.2403.157 Safari/537.36" "JSESSIONID=7sezg1zelmpqpo35yp0mjiu8"
localhost 0:0:0:0:0:0:0:1 - - [2015-09-14 22:02:27] "GET /BBSS/resources/js/bootstrap.min.js HTTP/1.1" 304 - "http://localhost:8081/BBSS/login" "Mozilla/5.0 (Windows NT 10.0; WOW64) AppleWebKit/537.36 (KHTML, like Gecko) Chrome/44.0.2403.157 Safari/537.36" "JSESSIONID=7sezg1zelmpqpo35yp0mjiu8"
localhost 0:0:0:0:0:0:0:1 - - [2015-09-14 22:02:27] "GET /BBSS/VerifyCodeServlet HTTP/1.1" 200 - "http://localhost:8081/BBSS/login" "Mozilla/5.0 (Windows NT 10.0; WOW64) AppleWebKit/537.36 (KHTML, like Gecko) Chrome/44.0.2403.157 Safari/537.36" "JSESSIONID=7sezg1zelmpqpo35yp0mjiu8"
localhost 0:0:0:0:0:0:0:1 - - [2015-09-14 22:02:27] "GET /favicon.ico HTTP/1.1" 200 1150 "http://localhost:8081/BBSS/login" "Mozilla/5.0 (Windows NT 10.0; WOW64) AppleWebKit/537.36 (KHTML, like Gecko) Chrome/44.0.2403.157 Safari/537.36" -
localhost 0:0:0:0:0:0:0:1 - - [2015-09-14 22:02:33] "POST /BBSS/login HTTP/1.1" 500 11283 "http://localhost:8081/BBSS/login" "Mozilla/5.0 (Windows NT 10.0; WOW64) AppleWebKit/537.36 (KHTML, like Gecko) Chrome/44.0.2403.157 Safari/537.36" "JSESSIONID=7sezg1zelmpqpo35yp0mjiu8"
localhost 0:0:0:0:0:0:0:1 - - [2015-09-14 22:03:33] "GET /BBSS/login HTTP/1.1" 200 - "http://localhost:8081/BBSS/" "Mozilla/5.0 (Windows NT 10.0; WOW64) AppleWebKit/537.36 (KHTML, like Gecko) Chrome/44.0.2403.157 Safari/537.36" "JSESSIONID=7sezg1zelmpqpo35yp0mjiu8"
localhost 0:0:0:0:0:0:0:1 - - [2015-09-14 22:03:33] "GET /BBSS/resources/Font-Awesome/css/bootstrap.min.css HTTP/1.1" 404 333 "http://localhost:8081/BBSS/login" "Mozilla/5.0 (Windows NT 10.0; WOW64) AppleWebKit/537.36 (KHTML, like Gecko) Chrome/44.0.2403.157 Safari/537.36" "JSESSIONID=1w54gs4kbz0djld28cvu6kex9"
localhost 0:0:0:0:0:0:0:1 - - [2015-09-14 22:03:33] "GET /BBSS/resources/css/bootstrap.min.css HTTP/1.1" 304 - "http://localhost:8081/BBSS/login" "Mozilla/5.0 (Windows NT 10.0; WOW64) AppleWebKit/537.36 (KHTML, like Gecko) Chrome/44.0.2403.157 Safari/537.36" "JSESSIONID=1w54gs4kbz0djld28cvu6kex9"
localhost 0:0:0:0:0:0:0:1 - - [2015-09-14 22:03:33] "GET /BBSS/resources/images/01.jpg HTTP/1.1" 304 - "http://localhost:8081/BBSS/login" "Mozilla/5.0 (Windows NT 10.0; WOW64) AppleWebKit/537.36 (KHTML, like Gecko) Chrome/44.0.2403.157 Safari/537.36" "JSESSIONID=1w54gs4kbz0djld28cvu6kex9"
localhost 0:0:0:0:0:0:0:1 - - [2015-09-14 22:03:33] "GET /BBSS/resources/Font-Awesome/css/font-awesome.min.css HTTP/1.1" 304 - "http://localhost:8081/BBSS/login" "Mozilla/5.0 (Windows NT 10.0; WOW64) AppleWebKit/537.36 (KHTML, like Gecko) Chrome/44.0.2403.157 Safari/537.36" "JSESSIONID=1w54gs4kbz0djld28cvu6kex9"
localhost 0:0:0:0:0:0:0:1 - - [2015-09-14 22:03:33] "GET /BBSS/resources/js/bootstrap.min.js HTTP/1.1" 304 - "http://localhost:8081/BBSS/login" "Mozilla/5.0 (Windows NT 10.0; WOW64) AppleWebKit/537.36 (KHTML, like Gecko) Chrome/44.0.2403.157 Safari/537.36" "JSESSIONID=1w54gs4kbz0djld28cvu6kex9"
localhost 0:0:0:0:0:0:0:1 - - [2015-09-14 22:03:33] "GET /BBSS/resources/js/jquery.min.js HTTP/1.1" 304 - "http://localhost:8081/BBSS/login" "Mozilla/5.0 (Windows NT 10.0; WOW64) AppleWebKit/537.36 (KHTML, like Gecko) Chrome/44.0.2403.157 Safari/537.36" "JSESSIONID=1w54gs4kbz0djld28cvu6kex9"
localhost 0:0:0:0:0:0:0:1 - - [2015-09-14 22:03:33] "GET /BBSS/VerifyCodeServlet HTTP/1.1" 200 - "http://localhost:8081/BBSS/login" "Mozilla/5.0 (Windows NT 10.0; WOW64) AppleWebKit/537.36 (KHTML, like Gecko) Chrome/44.0.2403.157 Safari/537.36" "JSESSIONID=1w54gs4kbz0djld28cvu6kex9"
localhost 0:0:0:0:0:0:0:1 - - [2015-09-14 22:03:33] "GET /favicon.ico HTTP/1.1" 200 1150 "http://localhost:8081/BBSS/login" "Mozilla/5.0 (Windows NT 10.0; WOW64) AppleWebKit/537.36 (KHTML, like Gecko) Chrome/44.0.2403.157 Safari/537.36" -
localhost 0:0:0:0:0:0:0:1 - - [2015-09-14 22:03:40] "POST /BBSS/login HTTP/1.1" 500 11283 "http://localhost:8081/BBSS/login" "Mozilla/5.0 (Windows NT 10.0; WOW64) AppleWebKit/537.36 (KHTML, like Gecko) Chrome/44.0.2403.157 Safari/537.36" "JSESSIONID=1w54gs4kbz0djld28cvu6kex9"
localhost 0:0:0:0:0:0:0:1 - - [2015-09-14 22:04:17] "POST /BBSS/login HTTP/1.1" 500 11283 "http://localhost:8081/BBSS/login" "Mozilla/5.0 (Windows NT 10.0; WOW64) AppleWebKit/537.36 (KHTML, like Gecko) Chrome/44.0.2403.157 Safari/537.36" "JSESSIONID=1w54gs4kbz0djld28cvu6kex9"
localhost 0:0:0:0:0:0:0:1 - - [2015-09-14 22:04:55] "POST /BBSS/login HTTP/1.1" 500 11283 "http://localhost:8081/BBSS/login" "Mozilla/5.0 (Windows NT 10.0; WOW64) AppleWebKit/537.36 (KHTML, like Gecko) Chrome/44.0.2403.157 Safari/537.36" "JSESSIONID=1w54gs4kbz0djld28cvu6kex9"
localhost 0:0:0:0:0:0:0:1 - - [2015-09-14 22:04:55] "GET /favicon.ico HTTP/1.1" 200 1150 "http://localhost:8081/BBSS/login" "Mozilla/5.0 (Windows NT 10.0; WOW64) AppleWebKit/537.36 (KHTML, like Gecko) Chrome/44.0.2403.157 Safari/537.36" -
localhost 0:0:0:0:0:0:0:1 - - [2015-09-14 22:05:02] "GET /BBSS/ HTTP/1.1" 200 - "-" "Mozilla/5.0 (Windows NT 10.0; WOW64) AppleWebKit/537.36 (KHTML, like Gecko) Chrome/44.0.2403.157 Safari/537.36" "JSESSIONID=tp69iarcvbnu1qlafbz1ebalt"
localhost 0:0:0:0:0:0:0:1 - - [2015-09-14 22:05:04] "GET /BBSS/login HTTP/1.1" 200 - "http://localhost:8081/BBSS/" "Mozilla/5.0 (Windows NT 10.0; WOW64) AppleWebKit/537.36 (KHTML, like Gecko) Chrome/44.0.2403.157 Safari/537.36" "JSESSIONID=tp69iarcvbnu1qlafbz1ebalt"
localhost 0:0:0:0:0:0:0:1 - - [2015-09-14 22:05:05] "GET /BBSS/resources/Font-Awesome/css/bootstrap.min.css HTTP/1.1" 404 333 "http://localhost:8081/BBSS/login" "Mozilla/5.0 (Windows NT 10.0; WOW64) AppleWebKit/537.36 (KHTML, like Gecko) Chrome/44.0.2403.157 Safari/537.36" "JSESSIONID=tp69iarcvbnu1qlafbz1ebalt"
localhost 0:0:0:0:0:0:0:1 - - [2015-09-14 22:05:05] "GET /BBSS/VerifyCodeServlet HTTP/1.1" 200 - "http://localhost:8081/BBSS/login" "Mozilla/5.0 (Windows NT 10.0; WOW64) AppleWebKit/537.36 (KHTML, like Gecko) Chrome/44.0.2403.157 Safari/537.36" "JSESSIONID=tp69iarcvbnu1qlafbz1ebalt"
localhost 0:0:0:0:0:0:0:1 - - [2015-09-14 22:05:14] "POST /BBSS/login HTTP/1.1" 500 11283 "http://localhost:8081/BBSS/login" "Mozilla/5.0 (Windows NT 10.0; WOW64) AppleWebKit/537.36 (KHTML, like Gecko) Chrome/44.0.2403.157 Safari/537.36" "JSESSIONID=tp69iarcvbnu1qlafbz1ebalt"
localhost 0:0:0:0:0:0:0:1 - - [2015-09-14 22:06:41] "POST /BBSS/login HTTP/1.1" 500 11283 "http://localhost:8081/BBSS/login" "Mozilla/5.0 (Windows NT 10.0; WOW64) AppleWebKit/537.36 (KHTML, like Gecko) Chrome/44.0.2403.157 Safari/537.36" "JSESSIONID=tp69iarcvbnu1qlafbz1ebalt"
localhost 0:0:0:0:0:0:0:1 - - [2015-09-14 22:07:30] "GET /BBSS/login HTTP/1.1" 200 - "http://localhost:8081/BBSS/" "Mozilla/5.0 (Windows NT 10.0; WOW64) AppleWebKit/537.36 (KHTML, like Gecko) Chrome/44.0.2403.157 Safari/537.36" "JSESSIONID=19g7anj5czmsn1fodfubcaqmpz"
localhost 0:0:0:0:0:0:0:1 - - [2015-09-14 22:07:30] "GET /BBSS/resources/Font-Awesome/css/bootstrap.min.css HTTP/1.1" 404 333 "http://localhost:8081/BBSS/login" "Mozilla/5.0 (Windows NT 10.0; WOW64) AppleWebKit/537.36 (KHTML, like Gecko) Chrome/44.0.2403.157 Safari/537.36" "JSESSIONID=xutcb8pomvmidftmrgs52ctr"
localhost 0:0:0:0:0:0:0:1 - - [2015-09-14 22:07:30] "GET /BBSS/resources/images/01.jpg HTTP/1.1" 304 - "http://localhost:8081/BBSS/login" "Mozilla/5.0 (Windows NT 10.0; WOW64) AppleWebKit/537.36 (KHTML, like Gecko) Chrome/44.0.2403.157 Safari/537.36" "JSESSIONID=xutcb8pomvmidftmrgs52ctr"
localhost 0:0:0:0:0:0:0:1 - - [2015-09-14 22:07:30] "GET /BBSS/resources/Font-Awesome/css/font-awesome.min.css HTTP/1.1" 304 - "http://localhost:8081/BBSS/login" "Mozilla/5.0 (Windows NT 10.0; WOW64) AppleWebKit/537.36 (KHTML, like Gecko) Chrome/44.0.2403.157 Safari/537.36" "JSESSIONID=xutcb8pomvmidftmrgs52ctr"
localhost 0:0:0:0:0:0:0:1 - - [2015-09-14 22:07:30] "GET /BBSS/resources/css/bootstrap.min.css HTTP/1.1" 304 - "http://localhost:8081/BBSS/login" "Mozilla/5.0 (Windows NT 10.0; WOW64) AppleWebKit/537.36 (KHTML, like Gecko) Chrome/44.0.2403.157 Safari/537.36" "JSESSIONID=xutcb8pomvmidftmrgs52ctr"
localhost 0:0:0:0:0:0:0:1 - - [2015-09-14 22:07:30] "GET /BBSS/resources/js/jquery.min.js HTTP/1.1" 304 - "http://localhost:8081/BBSS/login" "Mozilla/5.0 (Windows NT 10.0; WOW64) AppleWebKit/537.36 (KHTML, like Gecko) Chrome/44.0.2403.157 Safari/537.36" "JSESSIONID=xutcb8pomvmidftmrgs52ctr"
localhost 0:0:0:0:0:0:0:1 - - [2015-09-14 22:07:30] "GET /BBSS/resources/js/bootstrap.min.js HTTP/1.1" 304 - "http://localhost:8081/BBSS/login" "Mozilla/5.0 (Windows NT 10.0; WOW64) AppleWebKit/537.36 (KHTML, like Gecko) Chrome/44.0.2403.157 Safari/537.36" "JSESSIONID=xutcb8pomvmidftmrgs52ctr"
localhost 0:0:0:0:0:0:0:1 - - [2015-09-14 22:07:30] "GET /BBSS/VerifyCodeServlet HTTP/1.1" 200 - "http://localhost:8081/BBSS/login" "Mozilla/5.0 (Windows NT 10.0; WOW64) AppleWebKit/537.36 (KHTML, like Gecko) Chrome/44.0.2403.157 Safari/537.36" "JSESSIONID=xutcb8pomvmidftmrgs52ctr"
localhost 0:0:0:0:0:0:0:1 - - [2015-09-14 22:07:30] "GET /favicon.ico HTTP/1.1" 200 1150 "http://localhost:8081/BBSS/login" "Mozilla/5.0 (Windows NT 10.0; WOW64) AppleWebKit/537.36 (KHTML, like Gecko) Chrome/44.0.2403.157 Safari/537.36" -
localhost 0:0:0:0:0:0:0:1 - - [2015-09-14 22:07:31] "GET /BBSS/login HTTP/1.1" 200 - "http://localhost:8081/BBSS/" "Mozilla/5.0 (Windows NT 10.0; WOW64) AppleWebKit/537.36 (KHTML, like Gecko) Chrome/44.0.2403.157 Safari/537.36" "JSESSIONID=xutcb8pomvmidftmrgs52ctr"
localhost 0:0:0:0:0:0:0:1 - - [2015-09-14 22:07:31] "GET /BBSS/resources/css/bootstrap.min.css HTTP/1.1" 304 - "http://localhost:8081/BBSS/login" "Mozilla/5.0 (Windows NT 10.0; WOW64) AppleWebKit/537.36 (KHTML, like Gecko) Chrome/44.0.2403.157 Safari/537.36" "JSESSIONID=xutcb8pomvmidftmrgs52ctr"
localhost 0:0:0:0:0:0:0:1 - - [2015-09-14 22:07:31] "GET /BBSS/resources/Font-Awesome/css/bootstrap.min.css HTTP/1.1" 404 333 "http://localhost:8081/BBSS/login" "Mozilla/5.0 (Windows NT 10.0; WOW64) AppleWebKit/537.36 (KHTML, like Gecko) Chrome/44.0.2403.157 Safari/537.36" "JSESSIONID=xutcb8pomvmidftmrgs52ctr"
localhost 0:0:0:0:0:0:0:1 - - [2015-09-14 22:07:31] "GET /BBSS/resources/Font-Awesome/css/font-awesome.min.css HTTP/1.1" 304 - "http://localhost:8081/BBSS/login" "Mozilla/5.0 (Windows NT 10.0; WOW64) AppleWebKit/537.36 (KHTML, like Gecko) Chrome/44.0.2403.157 Safari/537.36" "JSESSIONID=xutcb8pomvmidftmrgs52ctr"
localhost 0:0:0:0:0:0:0:1 - - [2015-09-14 22:07:31] "GET /BBSS/resources/images/01.jpg HTTP/1.1" 304 - "http://localhost:8081/BBSS/login" "Mozilla/5.0 (Windows NT 10.0; WOW64) AppleWebKit/537.36 (KHTML, like Gecko) Chrome/44.0.2403.157 Safari/537.36" "JSESSIONID=xutcb8pomvmidftmrgs52ctr"
localhost 0:0:0:0:0:0:0:1 - - [2015-09-14 22:07:31] "GET /BBSS/resources/js/jquery.min.js HTTP/1.1" 304 - "http://localhost:8081/BBSS/login" "Mozilla/5.0 (Windows NT 10.0; WOW64) AppleWebKit/537.36 (KHTML, like Gecko) Chrome/44.0.2403.157 Safari/537.36" "JSESSIONID=xutcb8pomvmidftmrgs52ctr"
localhost 0:0:0:0:0:0:0:1 - - [2015-09-14 22:07:31] "GET /BBSS/resources/js/bootstrap.min.js HTTP/1.1" 304 - "http://localhost:8081/BBSS/login" "Mozilla/5.0 (Windows NT 10.0; WOW64) AppleWebKit/537.36 (KHTML, like Gecko) Chrome/44.0.2403.157 Safari/537.36" "JSESSIONID=xutcb8pomvmidftmrgs52ctr"
localhost 0:0:0:0:0:0:0:1 - - [2015-09-14 22:07:31] "GET /BBSS/VerifyCodeServlet HTTP/1.1" 200 - "http://localhost:8081/BBSS/login" "Mozilla/5.0 (Windows NT 10.0; WOW64) AppleWebKit/537.36 (KHTML, like Gecko) Chrome/44.0.2403.157 Safari/537.36" "JSESSIONID=xutcb8pomvmidftmrgs52ctr"
localhost 0:0:0:0:0:0:0:1 - - [2015-09-14 22:07:31] "GET /favicon.ico HTTP/1.1" 200 1150 "http://localhost:8081/BBSS/login" "Mozilla/5.0 (Windows NT 10.0; WOW64) AppleWebKit/537.36 (KHTML, like Gecko) Chrome/44.0.2403.157 Safari/537.36" -
localhost 0:0:0:0:0:0:0:1 - - [2015-09-14 22:07:38] "POST /BBSS/login HTTP/1.1" 500 11283 "http://localhost:8081/BBSS/login" "Mozilla/5.0 (Windows NT 10.0; WOW64) AppleWebKit/537.36 (KHTML, like Gecko) Chrome/44.0.2403.157 Safari/537.36" "JSESSIONID=xutcb8pomvmidftmrgs52ctr"
localhost 0:0:0:0:0:0:0:1 - - [2015-09-14 22:09:31] "GET /BBSS/login HTTP/1.1" 200 - "http://localhost:8081/BBSS/" "Mozilla/5.0 (Windows NT 10.0; WOW64) AppleWebKit/537.36 (KHTML, like Gecko) Chrome/44.0.2403.157 Safari/537.36" "JSESSIONID=xutcb8pomvmidftmrgs52ctr"
localhost 0:0:0:0:0:0:0:1 - - [2015-09-14 22:09:32] "GET /BBSS/resources/Font-Awesome/css/bootstrap.min.css HTTP/1.1" 404 333 "http://localhost:8081/BBSS/login" "Mozilla/5.0 (Windows NT 10.0; WOW64) AppleWebKit/537.36 (KHTML, like Gecko) Chrome/44.0.2403.157 Safari/537.36" "JSESSIONID=19asyi1u5e0xq1v9iv3ydvhfu9"
localhost 0:0:0:0:0:0:0:1 - - [2015-09-14 22:09:32] "GET /BBSS/resources/js/jquery.min.js HTTP/1.1" 304 - "http://localhost:8081/BBSS/login" "Mozilla/5.0 (Windows NT 10.0; WOW64) AppleWebKit/537.36 (KHTML, like Gecko) Chrome/44.0.2403.157 Safari/537.36" "JSESSIONID=19asyi1u5e0xq1v9iv3ydvhfu9"
localhost 0:0:0:0:0:0:0:1 - - [2015-09-14 22:09:32] "GET /BBSS/resources/css/bootstrap.min.css HTTP/1.1" 304 - "http://localhost:8081/BBSS/login" "Mozilla/5.0 (Windows NT 10.0; WOW64) AppleWebKit/537.36 (KHTML, like Gecko) Chrome/44.0.2403.157 Safari/537.36" "JSESSIONID=19asyi1u5e0xq1v9iv3ydvhfu9"
localhost 0:0:0:0:0:0:0:1 - - [2015-09-14 22:09:32] "GET /BBSS/resources/Font-Awesome/css/font-awesome.min.css HTTP/1.1" 304 - "http://localhost:8081/BBSS/login" "Mozilla/5.0 (Windows NT 10.0; WOW64) AppleWebKit/537.36 (KHTML, like Gecko) Chrome/44.0.2403.157 Safari/537.36" "JSESSIONID=19asyi1u5e0xq1v9iv3ydvhfu9"
localhost 0:0:0:0:0:0:0:1 - - [2015-09-14 22:09:32] "GET /BBSS/resources/js/bootstrap.min.js HTTP/1.1" 304 - "http://localhost:8081/BBSS/login" "Mozilla/5.0 (Windows NT 10.0; WOW64) AppleWebKit/537.36 (KHTML, like Gecko) Chrome/44.0.2403.157 Safari/537.36" "JSESSIONID=19asyi1u5e0xq1v9iv3ydvhfu9"
localhost 0:0:0:0:0:0:0:1 - - [2015-09-14 22:09:32] "GET /BBSS/resources/images/01.jpg HTTP/1.1" 304 - "http://localhost:8081/BBSS/login" "Mozilla/5.0 (Windows NT 10.0; WOW64) AppleWebKit/537.36 (KHTML, like Gecko) Chrome/44.0.2403.157 Safari/537.36" "JSESSIONID=19asyi1u5e0xq1v9iv3ydvhfu9"
localhost 0:0:0:0:0:0:0:1 - - [2015-09-14 22:09:32] "GET /BBSS/VerifyCodeServlet HTTP/1.1" 200 - "http://localhost:8081/BBSS/login" "Mozilla/5.0 (Windows NT 10.0; WOW64) AppleWebKit/537.36 (KHTML, like Gecko) Chrome/44.0.2403.157 Safari/537.36" "JSESSIONID=19asyi1u5e0xq1v9iv3ydvhfu9"
localhost 0:0:0:0:0:0:0:1 - - [2015-09-14 22:09:32] "GET /favicon.ico HTTP/1.1" 200 1150 "http://localhost:8081/BBSS/login" "Mozilla/5.0 (Windows NT 10.0; WOW64) AppleWebKit/537.36 (KHTML, like Gecko) Chrome/44.0.2403.157 Safari/537.36" -
localhost 0:0:0:0:0:0:0:1 - - [2015-09-14 22:09:32] "GET /BBSS/login HTTP/1.1" 200 - "http://localhost:8081/BBSS/" "Mozilla/5.0 (Windows NT 10.0; WOW64) AppleWebKit/537.36 (KHTML, like Gecko) Chrome/44.0.2403.157 Safari/537.36" "JSESSIONID=19asyi1u5e0xq1v9iv3ydvhfu9"
localhost 0:0:0:0:0:0:0:1 - - [2015-09-14 22:09:32] "GET /BBSS/resources/css/bootstrap.min.css HTTP/1.1" 304 - "http://localhost:8081/BBSS/login" "Mozilla/5.0 (Windows NT 10.0; WOW64) AppleWebKit/537.36 (KHTML, like Gecko) Chrome/44.0.2403.157 Safari/537.36" "JSESSIONID=19asyi1u5e0xq1v9iv3ydvhfu9"
localhost 0:0:0:0:0:0:0:1 - - [2015-09-14 22:09:32] "GET /BBSS/resources/Font-Awesome/css/bootstrap.min.css HTTP/1.1" 404 333 "http://localhost:8081/BBSS/login" "Mozilla/5.0 (Windows NT 10.0; WOW64) AppleWebKit/537.36 (KHTML, like Gecko) Chrome/44.0.2403.157 Safari/537.36" "JSESSIONID=19asyi1u5e0xq1v9iv3ydvhfu9"
localhost 0:0:0:0:0:0:0:1 - - [2015-09-14 22:09:32] "GET /BBSS/resources/images/01.jpg HTTP/1.1" 304 - "http://localhost:8081/BBSS/login" "Mozilla/5.0 (Windows NT 10.0; WOW64) AppleWebKit/537.36 (KHTML, like Gecko) Chrome/44.0.2403.157 Safari/537.36" "JSESSIONID=19asyi1u5e0xq1v9iv3ydvhfu9"
localhost 0:0:0:0:0:0:0:1 - - [2015-09-14 22:09:32] "GET /BBSS/resources/Font-Awesome/css/font-awesome.min.css HTTP/1.1" 304 - "http://localhost:8081/BBSS/login" "Mozilla/5.0 (Windows NT 10.0; WOW64) AppleWebKit/537.36 (KHTML, like Gecko) Chrome/44.0.2403.157 Safari/537.36" "JSESSIONID=19asyi1u5e0xq1v9iv3ydvhfu9"
localhost 0:0:0:0:0:0:0:1 - - [2015-09-14 22:09:32] "GET /BBSS/resources/js/bootstrap.min.js HTTP/1.1" 304 - "http://localhost:8081/BBSS/login" "Mozilla/5.0 (Windows NT 10.0; WOW64) AppleWebKit/537.36 (KHTML, like Gecko) Chrome/44.0.2403.157 Safari/537.36" "JSESSIONID=19asyi1u5e0xq1v9iv3ydvhfu9"
localhost 0:0:0:0:0:0:0:1 - - [2015-09-14 22:09:32] "GET /BBSS/resources/js/jquery.min.js HTTP/1.1" 304 - "http://localhost:8081/BBSS/login" "Mozilla/5.0 (Windows NT 10.0; WOW64) AppleWebKit/537.36 (KHTML, like Gecko) Chrome/44.0.2403.157 Safari/537.36" "JSESSIONID=19asyi1u5e0xq1v9iv3ydvhfu9"
localhost 0:0:0:0:0:0:0:1 - - [2015-09-14 22:09:32] "GET /BBSS/VerifyCodeServlet HTTP/1.1" 200 - "http://localhost:8081/BBSS/login" "Mozilla/5.0 (Windows NT 10.0; WOW64) AppleWebKit/537.36 (KHTML, like Gecko) Chrome/44.0.2403.157 Safari/537.36" "JSESSIONID=19asyi1u5e0xq1v9iv3ydvhfu9"
localhost 0:0:0:0:0:0:0:1 - - [2015-09-14 22:09:32] "GET /favicon.ico HTTP/1.1" 200 1150 "http://localhost:8081/BBSS/login" "Mozilla/5.0 (Windows NT 10.0; WOW64) AppleWebKit/537.36 (KHTML, like Gecko) Chrome/44.0.2403.157 Safari/537.36" -
localhost 0:0:0:0:0:0:0:1 - - [2015-09-14 22:09:47] "GET /BBSS/VerifyCodeServlet?0.8421907527372241 HTTP/1.1" 200 - "http://localhost:8081/BBSS/login" "Mozilla/5.0 (Windows NT 10.0; WOW64) AppleWebKit/537.36 (KHTML, like Gecko) Chrome/44.0.2403.157 Safari/537.36" "JSESSIONID=19asyi1u5e0xq1v9iv3ydvhfu9"
localhost 0:0:0:0:0:0:0:1 - - [2015-09-14 22:09:48] "GET /BBSS/VerifyCodeServlet?0.6059749589767307 HTTP/1.1" 200 - "http://localhost:8081/BBSS/login" "Mozilla/5.0 (Windows NT 10.0; WOW64) AppleWebKit/537.36 (KHTML, like Gecko) Chrome/44.0.2403.157 Safari/537.36" "JSESSIONID=19asyi1u5e0xq1v9iv3ydvhfu9"
localhost 0:0:0:0:0:0:0:1 - - [2015-09-14 22:10:01] "POST /BBSS/login HTTP/1.1" 500 11283 "http://localhost:8081/BBSS/login" "Mozilla/5.0 (Windows NT 10.0; WOW64) AppleWebKit/537.36 (KHTML, like Gecko) Chrome/44.0.2403.157 Safari/537.36" "JSESSIONID=19asyi1u5e0xq1v9iv3ydvhfu9"
localhost 0:0:0:0:0:0:0:1 - - [2015-09-14 22:12:55] "POST /BBSS/login HTTP/1.1" 500 11283 "http://localhost:8081/BBSS/login" "Mozilla/5.0 (Windows NT 10.0; WOW64) AppleWebKit/537.36 (KHTML, like Gecko) Chrome/44.0.2403.157 Safari/537.36" "JSESSIONID=19asyi1u5e0xq1v9iv3ydvhfu9"
localhost 0:0:0:0:0:0:0:1 - - [2015-09-14 22:14:02] "GET /BBSS/login HTTP/1.1" 200 - "http://localhost:8081/BBSS/" "Mozilla/5.0 (Windows NT 10.0; WOW64) AppleWebKit/537.36 (KHTML, like Gecko) Chrome/44.0.2403.157 Safari/537.36" "JSESSIONID=41d8g46zngyu1l4gp1e78180c"
localhost 0:0:0:0:0:0:0:1 - - [2015-09-14 22:14:03] "GET /BBSS/resources/Font-Awesome/css/bootstrap.min.css HTTP/1.1" 404 333 "http://localhost:8081/BBSS/login" "Mozilla/5.0 (Windows NT 10.0; WOW64) AppleWebKit/537.36 (KHTML, like Gecko) Chrome/44.0.2403.157 Safari/537.36" "JSESSIONID=1i7fmfkew7aa01jeqzuryarx9x"
localhost 0:0:0:0:0:0:0:1 - - [2015-09-14 22:14:03] "GET /BBSS/resources/js/bootstrap.min.js HTTP/1.1" 304 - "http://localhost:8081/BBSS/login" "Mozilla/5.0 (Windows NT 10.0; WOW64) AppleWebKit/537.36 (KHTML, like Gecko) Chrome/44.0.2403.157 Safari/537.36" "JSESSIONID=1i7fmfkew7aa01jeqzuryarx9x"
localhost 0:0:0:0:0:0:0:1 - - [2015-09-14 22:14:03] "GET /BBSS/resources/images/01.jpg HTTP/1.1" 304 - "http://localhost:8081/BBSS/login" "Mozilla/5.0 (Windows NT 10.0; WOW64) AppleWebKit/537.36 (KHTML, like Gecko) Chrome/44.0.2403.157 Safari/537.36" "JSESSIONID=1i7fmfkew7aa01jeqzuryarx9x"
localhost 0:0:0:0:0:0:0:1 - - [2015-09-14 22:14:03] "GET /BBSS/resources/js/jquery.min.js HTTP/1.1" 304 - "http://localhost:8081/BBSS/login" "Mozilla/5.0 (Windows NT 10.0; WOW64) AppleWebKit/537.36 (KHTML, like Gecko) Chrome/44.0.2403.157 Safari/537.36" "JSESSIONID=1i7fmfkew7aa01jeqzuryarx9x"
localhost 0:0:0:0:0:0:0:1 - - [2015-09-14 22:14:03] "GET /BBSS/resources/css/bootstrap.min.css HTTP/1.1" 304 - "http://localhost:8081/BBSS/login" "Mozilla/5.0 (Windows NT 10.0; WOW64) AppleWebKit/537.36 (KHTML, like Gecko) Chrome/44.0.2403.157 Safari/537.36" "JSESSIONID=1i7fmfkew7aa01jeqzuryarx9x"
localhost 0:0:0:0:0:0:0:1 - - [2015-09-14 22:14:03] "GET /BBSS/resources/Font-Awesome/css/font-awesome.min.css HTTP/1.1" 304 - "http://localhost:8081/BBSS/login" "Mozilla/5.0 (Windows NT 10.0; WOW64) AppleWebKit/537.36 (KHTML, like Gecko) Chrome/44.0.2403.157 Safari/537.36" "JSESSIONID=1i7fmfkew7aa01jeqzuryarx9x"
localhost 0:0:0:0:0:0:0:1 - - [2015-09-14 22:14:03] "GET /BBSS/VerifyCodeServlet HTTP/1.1" 200 - "http://localhost:8081/BBSS/login" "Mozilla/5.0 (Windows NT 10.0; WOW64) AppleWebKit/537.36 (KHTML, like Gecko) Chrome/44.0.2403.157 Safari/537.36" "JSESSIONID=1i7fmfkew7aa01jeqzuryarx9x"
localhost 0:0:0:0:0:0:0:1 - - [2015-09-14 22:14:03] "GET /favicon.ico HTTP/1.1" 200 1150 "http://localhost:8081/BBSS/login" "Mozilla/5.0 (Windows NT 10.0; WOW64) AppleWebKit/537.36 (KHTML, like Gecko) Chrome/44.0.2403.157 Safari/537.36" -
localhost 0:0:0:0:0:0:0:1 - - [2015-09-14 22:14:03] "GET /BBSS/login HTTP/1.1" 200 - "http://localhost:8081/BBSS/" "Mozilla/5.0 (Windows NT 10.0; WOW64) AppleWebKit/537.36 (KHTML, like Gecko) Chrome/44.0.2403.157 Safari/537.36" "JSESSIONID=1i7fmfkew7aa01jeqzuryarx9x"
localhost 0:0:0:0:0:0:0:1 - - [2015-09-14 22:14:03] "GET /BBSS/resources/css/bootstrap.min.css HTTP/1.1" 304 - "http://localhost:8081/BBSS/login" "Mozilla/5.0 (Windows NT 10.0; WOW64) AppleWebKit/537.36 (KHTML, like Gecko) Chrome/44.0.2403.157 Safari/537.36" "JSESSIONID=1i7fmfkew7aa01jeqzuryarx9x"
localhost 0:0:0:0:0:0:0:1 - - [2015-09-14 22:14:03] "GET /BBSS/resources/Font-Awesome/css/bootstrap.min.css HTTP/1.1" 404 333 "http://localhost:8081/BBSS/login" "Mozilla/5.0 (Windows NT 10.0; WOW64) AppleWebKit/537.36 (KHTML, like Gecko) Chrome/44.0.2403.157 Safari/537.36" "JSESSIONID=1i7fmfkew7aa01jeqzuryarx9x"
localhost 0:0:0:0:0:0:0:1 - - [2015-09-14 22:14:03] "GET /BBSS/resources/Font-Awesome/css/font-awesome.min.css HTTP/1.1" 304 - "http://localhost:8081/BBSS/login" "Mozilla/5.0 (Windows NT 10.0; WOW64) AppleWebKit/537.36 (KHTML, like Gecko) Chrome/44.0.2403.157 Safari/537.36" "JSESSIONID=1i7fmfkew7aa01jeqzuryarx9x"
localhost 0:0:0:0:0:0:0:1 - - [2015-09-14 22:14:03] "GET /BBSS/resources/js/bootstrap.min.js HTTP/1.1" 304 - "http://localhost:8081/BBSS/login" "Mozilla/5.0 (Windows NT 10.0; WOW64) AppleWebKit/537.36 (KHTML, like Gecko) Chrome/44.0.2403.157 Safari/537.36" "JSESSIONID=1i7fmfkew7aa01jeqzuryarx9x"
localhost 0:0:0:0:0:0:0:1 - - [2015-09-14 22:14:03] "GET /BBSS/resources/images/01.jpg HTTP/1.1" 304 - "http://localhost:8081/BBSS/login" "Mozilla/5.0 (Windows NT 10.0; WOW64) AppleWebKit/537.36 (KHTML, like Gecko) Chrome/44.0.2403.157 Safari/537.36" "JSESSIONID=1i7fmfkew7aa01jeqzuryarx9x"
localhost 0:0:0:0:0:0:0:1 - - [2015-09-14 22:14:03] "GET /BBSS/resources/js/jquery.min.js HTTP/1.1" 304 - "http://localhost:8081/BBSS/login" "Mozilla/5.0 (Windows NT 10.0; WOW64) AppleWebKit/537.36 (KHTML, like Gecko) Chrome/44.0.2403.157 Safari/537.36" "JSESSIONID=1i7fmfkew7aa01jeqzuryarx9x"
localhost 0:0:0:0:0:0:0:1 - - [2015-09-14 22:14:03] "GET /BBSS/VerifyCodeServlet HTTP/1.1" 200 - "http://localhost:8081/BBSS/login" "Mozilla/5.0 (Windows NT 10.0; WOW64) AppleWebKit/537.36 (KHTML, like Gecko) Chrome/44.0.2403.157 Safari/537.36" "JSESSIONID=1i7fmfkew7aa01jeqzuryarx9x"
localhost 0:0:0:0:0:0:0:1 - - [2015-09-14 22:14:03] "GET /favicon.ico HTTP/1.1" 200 1150 "http://localhost:8081/BBSS/login" "Mozilla/5.0 (Windows NT 10.0; WOW64) AppleWebKit/537.36 (KHTML, like Gecko) Chrome/44.0.2403.157 Safari/537.36" -
localhost 0:0:0:0:0:0:0:1 - - [2015-09-14 22:14:11] "POST /BBSS/login HTTP/1.1" 500 11283 "http://localhost:8081/BBSS/login" "Mozilla/5.0 (Windows NT 10.0; WOW64) AppleWebKit/537.36 (KHTML, like Gecko) Chrome/44.0.2403.157 Safari/537.36" "JSESSIONID=1i7fmfkew7aa01jeqzuryarx9x"
localhost 0:0:0:0:0:0:0:1 - - [2015-09-14 22:16:30] "POST /BBSS/login HTTP/1.1" 500 11283 "http://localhost:8081/BBSS/login" "Mozilla/5.0 (Windows NT 10.0; WOW64) AppleWebKit/537.36 (KHTML, like Gecko) Chrome/44.0.2403.157 Safari/537.36" "JSESSIONID=1i7fmfkew7aa01jeqzuryarx9x"
localhost 0:0:0:0:0:0:0:1 - - [2015-09-14 22:18:51] "GET /BBSS/ HTTP/1.1" 200 - "-" "Mozilla/5.0 (Windows NT 10.0; WOW64) AppleWebKit/537.36 (KHTML, like Gecko) Chrome/44.0.2403.157 Safari/537.36" "JSESSIONID=11ezc3ein78mm1ienebth6iry"
localhost 0:0:0:0:0:0:0:1 - - [2015-09-14 22:18:53] "GET /BBSS/login HTTP/1.1" 200 - "http://localhost:8081/BBSS/" "Mozilla/5.0 (Windows NT 10.0; WOW64) AppleWebKit/537.36 (KHTML, like Gecko) Chrome/44.0.2403.157 Safari/537.36" "JSESSIONID=1k9hy4yhpiis3m3t2b0wqgg3g"
localhost 0:0:0:0:0:0:0:1 - - [2015-09-14 22:18:54] "GET /BBSS/resources/Font-Awesome/css/bootstrap.min.css HTTP/1.1" 404 333 "http://localhost:8081/BBSS/login" "Mozilla/5.0 (Windows NT 10.0; WOW64) AppleWebKit/537.36 (KHTML, like Gecko) Chrome/44.0.2403.157 Safari/537.36" "JSESSIONID=1k9hy4yhpiis3m3t2b0wqgg3g"
localhost 0:0:0:0:0:0:0:1 - - [2015-09-14 22:18:54] "GET /BBSS/VerifyCodeServlet HTTP/1.1" 200 - "http://localhost:8081/BBSS/login" "Mozilla/5.0 (Windows NT 10.0; WOW64) AppleWebKit/537.36 (KHTML, like Gecko) Chrome/44.0.2403.157 Safari/537.36" "JSESSIONID=1k9hy4yhpiis3m3t2b0wqgg3g"
localhost 0:0:0:0:0:0:0:1 - - [2015-09-14 22:19:15] "POST /BBSS/login HTTP/1.1" 500 11281 "http://localhost:8081/BBSS/login" "Mozilla/5.0 (Windows NT 10.0; WOW64) AppleWebKit/537.36 (KHTML, like Gecko) Chrome/44.0.2403.157 Safari/537.36" "JSESSIONID=1k9hy4yhpiis3m3t2b0wqgg3g"
localhost 0:0:0:0:0:0:0:1 - - [2015-09-14 22:25:22] "GET /BBSS/login HTTP/1.1" 200 - "http://localhost:8081/BBSS/" "Mozilla/5.0 (Windows NT 10.0; WOW64) AppleWebKit/537.36 (KHTML, like Gecko) Chrome/44.0.2403.157 Safari/537.36" "JSESSIONID=1k9hy4yhpiis3m3t2b0wqgg3g"
localhost 0:0:0:0:0:0:0:1 - - [2015-09-14 22:25:24] "GET /BBSS/resources/css/bootstrap.min.css HTTP/1.1" 304 - "http://localhost:8081/BBSS/login" "Mozilla/5.0 (Windows NT 10.0; WOW64) AppleWebKit/537.36 (KHTML, like Gecko) Chrome/44.0.2403.157 Safari/537.36" "JSESSIONID=1xvoauz9mhpbhnyqa8ongq0fh"
localhost 0:0:0:0:0:0:0:1 - - [2015-09-14 22:25:24] "GET /BBSS/resources/js/jquery.min.js HTTP/1.1" 304 - "http://localhost:8081/BBSS/login" "Mozilla/5.0 (Windows NT 10.0; WOW64) AppleWebKit/537.36 (KHTML, like Gecko) Chrome/44.0.2403.157 Safari/537.36" "JSESSIONID=1xvoauz9mhpbhnyqa8ongq0fh"
localhost 0:0:0:0:0:0:0:1 - - [2015-09-14 22:25:24] "GET /BBSS/resources/js/bootstrap.min.js HTTP/1.1" 304 - "http://localhost:8081/BBSS/login" "Mozilla/5.0 (Windows NT 10.0; WOW64) AppleWebKit/537.36 (KHTML, like Gecko) Chrome/44.0.2403.157 Safari/537.36" "JSESSIONID=1xvoauz9mhpbhnyqa8ongq0fh"
localhost 0:0:0:0:0:0:0:1 - - [2015-09-14 22:25:24] "GET /BBSS/resources/Font-Awesome/css/font-awesome.min.css HTTP/1.1" 304 - "http://localhost:8081/BBSS/login" "Mozilla/5.0 (Windows NT 10.0; WOW64) AppleWebKit/537.36 (KHTML, like Gecko) Chrome/44.0.2403.157 Safari/537.36" "JSESSIONID=1xvoauz9mhpbhnyqa8ongq0fh"
localhost 0:0:0:0:0:0:0:1 - - [2015-09-14 22:25:24] "GET /BBSS/resources/images/01.jpg HTTP/1.1" 304 - "http://localhost:8081/BBSS/login" "Mozilla/5.0 (Windows NT 10.0; WOW64) AppleWebKit/537.36 (KHTML, like Gecko) Chrome/44.0.2403.157 Safari/537.36" "JSESSIONID=1xvoauz9mhpbhnyqa8ongq0fh"
localhost 0:0:0:0:0:0:0:1 - - [2015-09-14 22:25:24] "GET /BBSS/resources/Font-Awesome/css/bootstrap.min.css HTTP/1.1" 404 333 "http://localhost:8081/BBSS/login" "Mozilla/5.0 (Windows NT 10.0; WOW64) AppleWebKit/537.36 (KHTML, like Gecko) Chrome/44.0.2403.157 Safari/537.36" "JSESSIONID=1xvoauz9mhpbhnyqa8ongq0fh"
localhost 0:0:0:0:0:0:0:1 - - [2015-09-14 22:25:24] "GET /BBSS/VerifyCodeServlet HTTP/1.1" 200 - "http://localhost:8081/BBSS/login" "Mozilla/5.0 (Windows NT 10.0; WOW64) AppleWebKit/537.36 (KHTML, like Gecko) Chrome/44.0.2403.157 Safari/537.36" "JSESSIONID=1xvoauz9mhpbhnyqa8ongq0fh"
localhost 0:0:0:0:0:0:0:1 - - [2015-09-14 22:25:24] "GET /favicon.ico HTTP/1.1" 200 1150 "http://localhost:8081/BBSS/login" "Mozilla/5.0 (Windows NT 10.0; WOW64) AppleWebKit/537.36 (KHTML, like Gecko) Chrome/44.0.2403.157 Safari/537.36" -
localhost 0:0:0:0:0:0:0:1 - - [2015-09-14 22:39:29] "GET /BBSS/login HTTP/1.1" 200 - "-" "Mozilla/5.0 (Windows NT 10.0; WOW64) AppleWebKit/537.36 (KHTML, like Gecko) Chrome/44.0.2403.157 Safari/537.36" "JSESSIONID=65C855B0500C30CCC389DE0648DC050C;JSESSIONID=1xvoauz9mhpbhnyqa8ongq0fh"
localhost 0:0:0:0:0:0:0:1 - - [2015-09-14 22:39:30] "GET /BBSS/resources/Font-Awesome/css/bootstrap.min.css HTTP/1.1" 404 333 "http://localhost:8081/BBSS/login" "Mozilla/5.0 (Windows NT 10.0; WOW64) AppleWebKit/537.36 (KHTML, like Gecko) Chrome/44.0.2403.157 Safari/537.36" "JSESSIONID=65C855B0500C30CCC389DE0648DC050C;JSESSIONID=7ffnapsdx7y61o0covm1uhvly"
localhost 0:0:0:0:0:0:0:1 - - [2015-09-14 22:39:30] "GET /BBSS/VerifyCodeServlet HTTP/1.1" 200 - "http://localhost:8081/BBSS/login" "Mozilla/5.0 (Windows NT 10.0; WOW64) AppleWebKit/537.36 (KHTML, like Gecko) Chrome/44.0.2403.157 Safari/537.36" "JSESSIONID=65C855B0500C30CCC389DE0648DC050C;JSESSIONID=7ffnapsdx7y61o0covm1uhvly"
localhost 0:0:0:0:0:0:0:1 - - [2015-09-14 22:39:40] "POST /BBSS/login HTTP/1.1" 500 11281 "http://localhost:8081/BBSS/login" "Mozilla/5.0 (Windows NT 10.0; WOW64) AppleWebKit/537.36 (KHTML, like Gecko) Chrome/44.0.2403.157 Safari/537.36" "JSESSIONID=65C855B0500C30CCC389DE0648DC050C;JSESSIONID=7ffnapsdx7y61o0covm1uhvly"
localhost 0:0:0:0:0:0:0:1 - - [2015-09-14 22:40:37] "POST /BBSS/login HTTP/1.1" 500 11281 "http://localhost:8081/BBSS/login" "Mozilla/5.0 (Windows NT 10.0; WOW64) AppleWebKit/537.36 (KHTML, like Gecko) Chrome/44.0.2403.157 Safari/537.36" "JSESSIONID=65C855B0500C30CCC389DE0648DC050C;JSESSIONID=7ffnapsdx7y61o0covm1uhvly"
localhost 0:0:0:0:0:0:0:1 - - [2015-09-14 22:42:32] "GET /BBSS/login HTTP/1.1" 200 - "-" "Mozilla/5.0 (Windows NT 10.0; WOW64) AppleWebKit/537.36 (KHTML, like Gecko) Chrome/44.0.2403.157 Safari/537.36" "JSESSIONID=65C855B0500C30CCC389DE0648DC050C;JSESSIONID=1dzxlq7h9b185119h9wtfdf8yb"
localhost 0:0:0:0:0:0:0:1 - - [2015-09-14 22:42:32] "GET /BBSS/resources/css/bootstrap.min.css HTTP/1.1" 304 - "http://localhost:8081/BBSS/login" "Mozilla/5.0 (Windows NT 10.0; WOW64) AppleWebKit/537.36 (KHTML, like Gecko) Chrome/44.0.2403.157 Safari/537.36" "JSESSIONID=65C855B0500C30CCC389DE0648DC050C;JSESSIONID=4ksyh14dfab5173hrleh2jl9j"
localhost 0:0:0:0:0:0:0:1 - - [2015-09-14 22:42:32] "GET /BBSS/resources/Font-Awesome/css/bootstrap.min.css HTTP/1.1" 404 333 "http://localhost:8081/BBSS/login" "Mozilla/5.0 (Windows NT 10.0; WOW64) AppleWebKit/537.36 (KHTML, like Gecko) Chrome/44.0.2403.157 Safari/537.36" "JSESSIONID=65C855B0500C30CCC389DE0648DC050C;JSESSIONID=4ksyh14dfab5173hrleh2jl9j"
localhost 0:0:0:0:0:0:0:1 - - [2015-09-14 22:42:32] "GET /BBSS/resources/Font-Awesome/css/font-awesome.min.css HTTP/1.1" 304 - "http://localhost:8081/BBSS/login" "Mozilla/5.0 (Windows NT 10.0; WOW64) AppleWebKit/537.36 (KHTML, like Gecko) Chrome/44.0.2403.157 Safari/537.36" "JSESSIONID=65C855B0500C30CCC389DE0648DC050C;JSESSIONID=4ksyh14dfab5173hrleh2jl9j"
localhost 0:0:0:0:0:0:0:1 - - [2015-09-14 22:42:32] "GET /BBSS/resources/js/jquery.min.js HTTP/1.1" 304 - "http://localhost:8081/BBSS/login" "Mozilla/5.0 (Windows NT 10.0; WOW64) AppleWebKit/537.36 (KHTML, like Gecko) Chrome/44.0.2403.157 Safari/537.36" "JSESSIONID=65C855B0500C30CCC389DE0648DC050C;JSESSIONID=4ksyh14dfab5173hrleh2jl9j"
localhost 0:0:0:0:0:0:0:1 - - [2015-09-14 22:42:32] "GET /BBSS/resources/js/bootstrap.min.js HTTP/1.1" 304 - "http://localhost:8081/BBSS/login" "Mozilla/5.0 (Windows NT 10.0; WOW64) AppleWebKit/537.36 (KHTML, like Gecko) Chrome/44.0.2403.157 Safari/537.36" "JSESSIONID=65C855B0500C30CCC389DE0648DC050C;JSESSIONID=4ksyh14dfab5173hrleh2jl9j"
localhost 0:0:0:0:0:0:0:1 - - [2015-09-14 22:42:32] "GET /BBSS/resources/images/01.jpg HTTP/1.1" 304 - "http://localhost:8081/BBSS/login" "Mozilla/5.0 (Windows NT 10.0; WOW64) AppleWebKit/537.36 (KHTML, like Gecko) Chrome/44.0.2403.157 Safari/537.36" "JSESSIONID=65C855B0500C30CCC389DE0648DC050C;JSESSIONID=4ksyh14dfab5173hrleh2jl9j"
localhost 0:0:0:0:0:0:0:1 - - [2015-09-14 22:42:32] "GET /BBSS/VerifyCodeServlet HTTP/1.1" 200 - "http://localhost:8081/BBSS/login" "Mozilla/5.0 (Windows NT 10.0; WOW64) AppleWebKit/537.36 (KHTML, like Gecko) Chrome/44.0.2403.157 Safari/537.36" "JSESSIONID=65C855B0500C30CCC389DE0648DC050C;JSESSIONID=4ksyh14dfab5173hrleh2jl9j"
localhost 0:0:0:0:0:0:0:1 - - [2015-09-14 22:42:32] "GET /favicon.ico HTTP/1.1" 200 1150 "http://localhost:8081/BBSS/login" "Mozilla/5.0 (Windows NT 10.0; WOW64) AppleWebKit/537.36 (KHTML, like Gecko) Chrome/44.0.2403.157 Safari/537.36" -
localhost 0:0:0:0:0:0:0:1 - - [2015-09-14 22:42:57] "POST /BBSS/login HTTP/1.1" 500 11283 "http://localhost:8081/BBSS/login" "Mozilla/5.0 (Windows NT 10.0; WOW64) AppleWebKit/537.36 (KHTML, like Gecko) Chrome/44.0.2403.157 Safari/537.36" "JSESSIONID=65C855B0500C30CCC389DE0648DC050C;JSESSIONID=4ksyh14dfab5173hrleh2jl9j"
localhost 0:0:0:0:0:0:0:1 - - [2015-09-14 22:44:27] "GET /BBSS/login HTTP/1.1" 200 - "-" "Mozilla/5.0 (Windows NT 10.0; WOW64) AppleWebKit/537.36 (KHTML, like Gecko) Chrome/44.0.2403.157 Safari/537.36" "JSESSIONID=65C855B0500C30CCC389DE0648DC050C;JSESSIONID=4ksyh14dfab5173hrleh2jl9j"
localhost 0:0:0:0:0:0:0:1 - - [2015-09-14 22:44:27] "GET /BBSS/resources/Font-Awesome/css/bootstrap.min.css HTTP/1.1" 404 333 "http://localhost:8081/BBSS/login" "Mozilla/5.0 (Windows NT 10.0; WOW64) AppleWebKit/537.36 (KHTML, like Gecko) Chrome/44.0.2403.157 Safari/537.36" "JSESSIONID=65C855B0500C30CCC389DE0648DC050C;JSESSIONID=15wcv95caegzniuzdl1ernc7c"
localhost 0:0:0:0:0:0:0:1 - - [2015-09-14 22:44:27] "GET /BBSS/resources/Font-Awesome/css/font-awesome.min.css HTTP/1.1" 304 - "http://localhost:8081/BBSS/login" "Mozilla/5.0 (Windows NT 10.0; WOW64) AppleWebKit/537.36 (KHTML, like Gecko) Chrome/44.0.2403.157 Safari/537.36" "JSESSIONID=65C855B0500C30CCC389DE0648DC050C;JSESSIONID=15wcv95caegzniuzdl1ernc7c"
localhost 0:0:0:0:0:0:0:1 - - [2015-09-14 22:44:27] "GET /BBSS/resources/images/01.jpg HTTP/1.1" 304 - "http://localhost:8081/BBSS/login" "Mozilla/5.0 (Windows NT 10.0; WOW64) AppleWebKit/537.36 (KHTML, like Gecko) Chrome/44.0.2403.157 Safari/537.36" "JSESSIONID=65C855B0500C30CCC389DE0648DC050C;JSESSIONID=15wcv95caegzniuzdl1ernc7c"
localhost 0:0:0:0:0:0:0:1 - - [2015-09-14 22:44:27] "GET /BBSS/resources/js/jquery.min.js HTTP/1.1" 304 - "http://localhost:8081/BBSS/login" "Mozilla/5.0 (Windows NT 10.0; WOW64) AppleWebKit/537.36 (KHTML, like Gecko) Chrome/44.0.2403.157 Safari/537.36" "JSESSIONID=65C855B0500C30CCC389DE0648DC050C;JSESSIONID=15wcv95caegzniuzdl1ernc7c"
localhost 0:0:0:0:0:0:0:1 - - [2015-09-14 22:44:27] "GET /BBSS/resources/css/bootstrap.min.css HTTP/1.1" 304 - "http://localhost:8081/BBSS/login" "Mozilla/5.0 (Windows NT 10.0; WOW64) AppleWebKit/537.36 (KHTML, like Gecko) Chrome/44.0.2403.157 Safari/537.36" "JSESSIONID=65C855B0500C30CCC389DE0648DC050C;JSESSIONID=15wcv95caegzniuzdl1ernc7c"
localhost 0:0:0:0:0:0:0:1 - - [2015-09-14 22:44:27] "GET /BBSS/resources/js/bootstrap.min.js HTTP/1.1" 304 - "http://localhost:8081/BBSS/login" "Mozilla/5.0 (Windows NT 10.0; WOW64) AppleWebKit/537.36 (KHTML, like Gecko) Chrome/44.0.2403.157 Safari/537.36" "JSESSIONID=65C855B0500C30CCC389DE0648DC050C;JSESSIONID=15wcv95caegzniuzdl1ernc7c"
localhost 0:0:0:0:0:0:0:1 - - [2015-09-14 22:44:27] "GET /BBSS/VerifyCodeServlet HTTP/1.1" 200 - "http://localhost:8081/BBSS/login" "Mozilla/5.0 (Windows NT 10.0; WOW64) AppleWebKit/537.36 (KHTML, like Gecko) Chrome/44.0.2403.157 Safari/537.36" "JSESSIONID=65C855B0500C30CCC389DE0648DC050C;JSESSIONID=15wcv95caegzniuzdl1ernc7c"
localhost 0:0:0:0:0:0:0:1 - - [2015-09-14 22:44:28] "GET /favicon.ico HTTP/1.1" 200 1150 "http://localhost:8081/BBSS/login" "Mozilla/5.0 (Windows NT 10.0; WOW64) AppleWebKit/537.36 (KHTML, like Gecko) Chrome/44.0.2403.157 Safari/537.36" -
localhost 0:0:0:0:0:0:0:1 - - [2015-09-14 22:44:28] "GET /BBSS/login HTTP/1.1" 200 - "-" "Mozilla/5.0 (Windows NT 10.0; WOW64) AppleWebKit/537.36 (KHTML, like Gecko) Chrome/44.0.2403.157 Safari/537.36" "JSESSIONID=65C855B0500C30CCC389DE0648DC050C;JSESSIONID=15wcv95caegzniuzdl1ernc7c"
localhost 0:0:0:0:0:0:0:1 - - [2015-09-14 22:44:28] "GET /BBSS/resources/Font-Awesome/css/bootstrap.min.css HTTP/1.1" 404 333 "http://localhost:8081/BBSS/login" "Mozilla/5.0 (Windows NT 10.0; WOW64) AppleWebKit/537.36 (KHTML, like Gecko) Chrome/44.0.2403.157 Safari/537.36" "JSESSIONID=65C855B0500C30CCC389DE0648DC050C;JSESSIONID=15wcv95caegzniuzdl1ernc7c"
localhost 0:0:0:0:0:0:0:1 - - [2015-09-14 22:44:28] "GET /BBSS/resources/css/bootstrap.min.css HTTP/1.1" 304 - "http://localhost:8081/BBSS/login" "Mozilla/5.0 (Windows NT 10.0; WOW64) AppleWebKit/537.36 (KHTML, like Gecko) Chrome/44.0.2403.157 Safari/537.36" "JSESSIONID=65C855B0500C30CCC389DE0648DC050C;JSESSIONID=15wcv95caegzniuzdl1ernc7c"
localhost 0:0:0:0:0:0:0:1 - - [2015-09-14 22:44:28] "GET /BBSS/resources/js/bootstrap.min.js HTTP/1.1" 304 - "http://localhost:8081/BBSS/login" "Mozilla/5.0 (Windows NT 10.0; WOW64) AppleWebKit/537.36 (KHTML, like Gecko) Chrome/44.0.2403.157 Safari/537.36" "JSESSIONID=65C855B0500C30CCC389DE0648DC050C;JSESSIONID=15wcv95caegzniuzdl1ernc7c"
localhost 0:0:0:0:0:0:0:1 - - [2015-09-14 22:44:28] "GET /BBSS/resources/images/01.jpg HTTP/1.1" 304 - "http://localhost:8081/BBSS/login" "Mozilla/5.0 (Windows NT 10.0; WOW64) AppleWebKit/537.36 (KHTML, like Gecko) Chrome/44.0.2403.157 Safari/537.36" "JSESSIONID=65C855B0500C30CCC389DE0648DC050C;JSESSIONID=15wcv95caegzniuzdl1ernc7c"
localhost 0:0:0:0:0:0:0:1 - - [2015-09-14 22:44:28] "GET /BBSS/resources/js/jquery.min.js HTTP/1.1" 304 - "http://localhost:8081/BBSS/login" "Mozilla/5.0 (Windows NT 10.0; WOW64) AppleWebKit/537.36 (KHTML, like Gecko) Chrome/44.0.2403.157 Safari/537.36" "JSESSIONID=65C855B0500C30CCC389DE0648DC050C;JSESSIONID=15wcv95caegzniuzdl1ernc7c"
localhost 0:0:0:0:0:0:0:1 - - [2015-09-14 22:44:28] "GET /BBSS/resources/Font-Awesome/css/font-awesome.min.css HTTP/1.1" 304 - "http://localhost:8081/BBSS/login" "Mozilla/5.0 (Windows NT 10.0; WOW64) AppleWebKit/537.36 (KHTML, like Gecko) Chrome/44.0.2403.157 Safari/537.36" "JSESSIONID=65C855B0500C30CCC389DE0648DC050C;JSESSIONID=15wcv95caegzniuzdl1ernc7c"
localhost 0:0:0:0:0:0:0:1 - - [2015-09-14 22:44:28] "GET /BBSS/VerifyCodeServlet HTTP/1.1" 200 - "http://localhost:8081/BBSS/login" "Mozilla/5.0 (Windows NT 10.0; WOW64) AppleWebKit/537.36 (KHTML, like Gecko) Chrome/44.0.2403.157 Safari/537.36" "JSESSIONID=65C855B0500C30CCC389DE0648DC050C;JSESSIONID=15wcv95caegzniuzdl1ernc7c"
localhost 0:0:0:0:0:0:0:1 - - [2015-09-14 22:44:28] "GET /favicon.ico HTTP/1.1" 200 1150 "http://localhost:8081/BBSS/login" "Mozilla/5.0 (Windows NT 10.0; WOW64) AppleWebKit/537.36 (KHTML, like Gecko) Chrome/44.0.2403.157 Safari/537.36" -
localhost 0:0:0:0:0:0:0:1 - - [2015-09-14 22:44:36] "POST /BBSS/login HTTP/1.1" 200 - "http://localhost:8081/BBSS/login" "Mozilla/5.0 (Windows NT 10.0; WOW64) AppleWebKit/537.36 (KHTML, like Gecko) Chrome/44.0.2403.157 Safari/537.36" "JSESSIONID=65C855B0500C30CCC389DE0648DC050C;JSESSIONID=15wcv95caegzniuzdl1ernc7c"
localhost 0:0:0:0:0:0:0:1 - - [2015-09-14 22:46:01] "GET /BBSS/login HTTP/1.1" 200 - "-" "Mozilla/5.0 (Windows NT 10.0; WOW64) AppleWebKit/537.36 (KHTML, like Gecko) Chrome/44.0.2403.157 Safari/537.36" "JSESSIONID=65C855B0500C30CCC389DE0648DC050C;JSESSIONID=15wcv95caegzniuzdl1ernc7c"
localhost 0:0:0:0:0:0:0:1 - - [2015-09-14 22:46:04] "GET /BBSS/login HTTP/1.1" 200 - "-" "Mozilla/5.0 (Windows NT 10.0; WOW64) AppleWebKit/537.36 (KHTML, like Gecko) Chrome/44.0.2403.157 Safari/537.36" "JSESSIONID=65C855B0500C30CCC389DE0648DC050C;JSESSIONID=13aiyk6vmssrt11x5tfsq3xhwm"
localhost 0:0:0:0:0:0:0:1 - - [2015-09-14 22:46:04] "GET /BBSS/resources/Font-Awesome/css/bootstrap.min.css HTTP/1.1" 404 333 "http://localhost:8081/BBSS/login" "Mozilla/5.0 (Windows NT 10.0; WOW64) AppleWebKit/537.36 (KHTML, like Gecko) Chrome/44.0.2403.157 Safari/537.36" "JSESSIONID=65C855B0500C30CCC389DE0648DC050C;JSESSIONID=13aiyk6vmssrt11x5tfsq3xhwm"
localhost 0:0:0:0:0:0:0:1 - - [2015-09-14 22:46:04] "GET /BBSS/resources/js/jquery.min.js HTTP/1.1" 304 - "http://localhost:8081/BBSS/login" "Mozilla/5.0 (Windows NT 10.0; WOW64) AppleWebKit/537.36 (KHTML, like Gecko) Chrome/44.0.2403.157 Safari/537.36" "JSESSIONID=65C855B0500C30CCC389DE0648DC050C;JSESSIONID=13aiyk6vmssrt11x5tfsq3xhwm"
localhost 0:0:0:0:0:0:0:1 - - [2015-09-14 22:46:04] "GET /BBSS/resources/js/bootstrap.min.js HTTP/1.1" 304 - "http://localhost:8081/BBSS/login" "Mozilla/5.0 (Windows NT 10.0; WOW64) AppleWebKit/537.36 (KHTML, like Gecko) Chrome/44.0.2403.157 Safari/537.36" "JSESSIONID=65C855B0500C30CCC389DE0648DC050C;JSESSIONID=13aiyk6vmssrt11x5tfsq3xhwm"
localhost 0:0:0:0:0:0:0:1 - - [2015-09-14 22:46:04] "GET /BBSS/resources/css/bootstrap.min.css HTTP/1.1" 304 - "http://localhost:8081/BBSS/login" "Mozilla/5.0 (Windows NT 10.0; WOW64) AppleWebKit/537.36 (KHTML, like Gecko) Chrome/44.0.2403.157 Safari/537.36" "JSESSIONID=65C855B0500C30CCC389DE0648DC050C;JSESSIONID=13aiyk6vmssrt11x5tfsq3xhwm"
localhost 0:0:0:0:0:0:0:1 - - [2015-09-14 22:46:04] "GET /BBSS/resources/images/01.jpg HTTP/1.1" 304 - "http://localhost:8081/BBSS/login" "Mozilla/5.0 (Windows NT 10.0; WOW64) AppleWebKit/537.36 (KHTML, like Gecko) Chrome/44.0.2403.157 Safari/537.36" "JSESSIONID=65C855B0500C30CCC389DE0648DC050C;JSESSIONID=13aiyk6vmssrt11x5tfsq3xhwm"
localhost 0:0:0:0:0:0:0:1 - - [2015-09-14 22:46:04] "GET /BBSS/resources/Font-Awesome/css/font-awesome.min.css HTTP/1.1" 304 - "http://localhost:8081/BBSS/login" "Mozilla/5.0 (Windows NT 10.0; WOW64) AppleWebKit/537.36 (KHTML, like Gecko) Chrome/44.0.2403.157 Safari/537.36" "JSESSIONID=65C855B0500C30CCC389DE0648DC050C;JSESSIONID=13aiyk6vmssrt11x5tfsq3xhwm"
localhost 0:0:0:0:0:0:0:1 - - [2015-09-14 22:46:04] "GET /BBSS/VerifyCodeServlet HTTP/1.1" 200 - "http://localhost:8081/BBSS/login" "Mozilla/5.0 (Windows NT 10.0; WOW64) AppleWebKit/537.36 (KHTML, like Gecko) Chrome/44.0.2403.157 Safari/537.36" "JSESSIONID=65C855B0500C30CCC389DE0648DC050C;JSESSIONID=13aiyk6vmssrt11x5tfsq3xhwm"
localhost 0:0:0:0:0:0:0:1 - - [2015-09-14 22:46:04] "GET /favicon.ico HTTP/1.1" 200 1150 "http://localhost:8081/BBSS/login" "Mozilla/5.0 (Windows NT 10.0; WOW64) AppleWebKit/537.36 (KHTML, like Gecko) Chrome/44.0.2403.157 Safari/537.36" -
localhost 0:0:0:0:0:0:0:1 - - [2015-09-14 22:46:11] "POST /BBSS/login HTTP/1.1" 500 11283 "http://localhost:8081/BBSS/login" "Mozilla/5.0 (Windows NT 10.0; WOW64) AppleWebKit/537.36 (KHTML, like Gecko) Chrome/44.0.2403.157 Safari/537.36" "JSESSIONID=65C855B0500C30CCC389DE0648DC050C;JSESSIONID=13aiyk6vmssrt11x5tfsq3xhwm"
localhost 0:0:0:0:0:0:0:1 - - [2015-09-14 22:49:17] "POST /BBSS/login HTTP/1.1" 500 11565 "http://localhost:8081/BBSS/login" "Mozilla/5.0 (Windows NT 10.0; WOW64) AppleWebKit/537.36 (KHTML, like Gecko) Chrome/44.0.2403.157 Safari/537.36" "JSESSIONID=65C855B0500C30CCC389DE0648DC050C;JSESSIONID=13aiyk6vmssrt11x5tfsq3xhwm"
localhost 0:0:0:0:0:0:0:1 - - [2015-09-14 22:53:57] "GET /BBSS/login HTTP/1.1" 200 - "-" "Mozilla/5.0 (Windows NT 10.0; WOW64) AppleWebKit/537.36 (KHTML, like Gecko) Chrome/44.0.2403.157 Safari/537.36" "JSESSIONID=65C855B0500C30CCC389DE0648DC050C;JSESSIONID=1tm5b43gerc4b1kutoan121ra3"
localhost 0:0:0:0:0:0:0:1 - - [2015-09-14 22:53:58] "GET /BBSS/resources/js/bootstrap.min.js HTTP/1.1" 304 - "http://localhost:8081/BBSS/login" "Mozilla/5.0 (Windows NT 10.0; WOW64) AppleWebKit/537.36 (KHTML, like Gecko) Chrome/44.0.2403.157 Safari/537.36" "JSESSIONID=65C855B0500C30CCC389DE0648DC050C;JSESSIONID=1ivww0yt5zcyj1up5s1sbu90ip"
localhost 0:0:0:0:0:0:0:1 - - [2015-09-14 22:53:58] "GET /BBSS/resources/js/jquery.min.js HTTP/1.1" 304 - "http://localhost:8081/BBSS/login" "Mozilla/5.0 (Windows NT 10.0; WOW64) AppleWebKit/537.36 (KHTML, like Gecko) Chrome/44.0.2403.157 Safari/537.36" "JSESSIONID=65C855B0500C30CCC389DE0648DC050C;JSESSIONID=1ivww0yt5zcyj1up5s1sbu90ip"
localhost 0:0:0:0:0:0:0:1 - - [2015-09-14 22:53:58] "GET /BBSS/resources/images/01.jpg HTTP/1.1" 304 - "http://localhost:8081/BBSS/login" "Mozilla/5.0 (Windows NT 10.0; WOW64) AppleWebKit/537.36 (KHTML, like Gecko) Chrome/44.0.2403.157 Safari/537.36" "JSESSIONID=65C855B0500C30CCC389DE0648DC050C;JSESSIONID=1ivww0yt5zcyj1up5s1sbu90ip"
localhost 0:0:0:0:0:0:0:1 - - [2015-09-14 22:53:58] "GET /BBSS/resources/Font-Awesome/css/bootstrap.min.css HTTP/1.1" 404 333 "http://localhost:8081/BBSS/login" "Mozilla/5.0 (Windows NT 10.0; WOW64) AppleWebKit/537.36 (KHTML, like Gecko) Chrome/44.0.2403.157 Safari/537.36" "JSESSIONID=65C855B0500C30CCC389DE0648DC050C;JSESSIONID=1ivww0yt5zcyj1up5s1sbu90ip"
localhost 0:0:0:0:0:0:0:1 - - [2015-09-14 22:53:58] "GET /BBSS/resources/Font-Awesome/css/font-awesome.min.css HTTP/1.1" 304 - "http://localhost:8081/BBSS/login" "Mozilla/5.0 (Windows NT 10.0; WOW64) AppleWebKit/537.36 (KHTML, like Gecko) Chrome/44.0.2403.157 Safari/537.36" "JSESSIONID=65C855B0500C30CCC389DE0648DC050C;JSESSIONID=1ivww0yt5zcyj1up5s1sbu90ip"
localhost 0:0:0:0:0:0:0:1 - - [2015-09-14 22:53:58] "GET /BBSS/resources/css/bootstrap.min.css HTTP/1.1" 304 - "http://localhost:8081/BBSS/login" "Mozilla/5.0 (Windows NT 10.0; WOW64) AppleWebKit/537.36 (KHTML, like Gecko) Chrome/44.0.2403.157 Safari/537.36" "JSESSIONID=65C855B0500C30CCC389DE0648DC050C;JSESSIONID=1ivww0yt5zcyj1up5s1sbu90ip"
localhost 0:0:0:0:0:0:0:1 - - [2015-09-14 22:53:58] "GET /BBSS/VerifyCodeServlet HTTP/1.1" 200 - "http://localhost:8081/BBSS/login" "Mozilla/5.0 (Windows NT 10.0; WOW64) AppleWebKit/537.36 (KHTML, like Gecko) Chrome/44.0.2403.157 Safari/537.36" "JSESSIONID=65C855B0500C30CCC389DE0648DC050C;JSESSIONID=1ivww0yt5zcyj1up5s1sbu90ip"
localhost 0:0:0:0:0:0:0:1 - - [2015-09-14 22:53:58] "GET /favicon.ico HTTP/1.1" 200 1150 "http://localhost:8081/BBSS/login" "Mozilla/5.0 (Windows NT 10.0; WOW64) AppleWebKit/537.36 (KHTML, like Gecko) Chrome/44.0.2403.157 Safari/537.36" -
localhost 0:0:0:0:0:0:0:1 - - [2015-09-14 22:53:59] "GET /BBSS/login HTTP/1.1" 200 - "-" "Mozilla/5.0 (Windows NT 10.0; WOW64) AppleWebKit/537.36 (KHTML, like Gecko) Chrome/44.0.2403.157 Safari/537.36" "JSESSIONID=65C855B0500C30CCC389DE0648DC050C;JSESSIONID=1ivww0yt5zcyj1up5s1sbu90ip"
localhost 0:0:0:0:0:0:0:1 - - [2015-09-14 22:53:59] "GET /BBSS/resources/css/bootstrap.min.css HTTP/1.1" 304 - "http://localhost:8081/BBSS/login" "Mozilla/5.0 (Windows NT 10.0; WOW64) AppleWebKit/537.36 (KHTML, like Gecko) Chrome/44.0.2403.157 Safari/537.36" "JSESSIONID=65C855B0500C30CCC389DE0648DC050C;JSESSIONID=1ivww0yt5zcyj1up5s1sbu90ip"
localhost 0:0:0:0:0:0:0:1 - - [2015-09-14 22:53:59] "GET /BBSS/resources/Font-Awesome/css/bootstrap.min.css HTTP/1.1" 404 333 "http://localhost:8081/BBSS/login" "Mozilla/5.0 (Windows NT 10.0; WOW64) AppleWebKit/537.36 (KHTML, like Gecko) Chrome/44.0.2403.157 Safari/537.36" "JSESSIONID=65C855B0500C30CCC389DE0648DC050C;JSESSIONID=1ivww0yt5zcyj1up5s1sbu90ip"
localhost 0:0:0:0:0:0:0:1 - - [2015-09-14 22:53:59] "GET /BBSS/resources/images/01.jpg HTTP/1.1" 304 - "http://localhost:8081/BBSS/login" "Mozilla/5.0 (Windows NT 10.0; WOW64) AppleWebKit/537.36 (KHTML, like Gecko) Chrome/44.0.2403.157 Safari/537.36" "JSESSIONID=65C855B0500C30CCC389DE0648DC050C;JSESSIONID=1ivww0yt5zcyj1up5s1sbu90ip"
localhost 0:0:0:0:0:0:0:1 - - [2015-09-14 22:53:59] "GET /BBSS/resources/js/jquery.min.js HTTP/1.1" 304 - "http://localhost:8081/BBSS/login" "Mozilla/5.0 (Windows NT 10.0; WOW64) AppleWebKit/537.36 (KHTML, like Gecko) Chrome/44.0.2403.157 Safari/537.36" "JSESSIONID=65C855B0500C30CCC389DE0648DC050C;JSESSIONID=1ivww0yt5zcyj1up5s1sbu90ip"
localhost 0:0:0:0:0:0:0:1 - - [2015-09-14 22:53:59] "GET /BBSS/resources/Font-Awesome/css/font-awesome.min.css HTTP/1.1" 304 - "http://localhost:8081/BBSS/login" "Mozilla/5.0 (Windows NT 10.0; WOW64) AppleWebKit/537.36 (KHTML, like Gecko) Chrome/44.0.2403.157 Safari/537.36" "JSESSIONID=65C855B0500C30CCC389DE0648DC050C;JSESSIONID=1ivww0yt5zcyj1up5s1sbu90ip"
localhost 0:0:0:0:0:0:0:1 - - [2015-09-14 22:53:59] "GET /BBSS/resources/js/bootstrap.min.js HTTP/1.1" 304 - "http://localhost:8081/BBSS/login" "Mozilla/5.0 (Windows NT 10.0; WOW64) AppleWebKit/537.36 (KHTML, like Gecko) Chrome/44.0.2403.157 Safari/537.36" "JSESSIONID=65C855B0500C30CCC389DE0648DC050C;JSESSIONID=1ivww0yt5zcyj1up5s1sbu90ip"
localhost 0:0:0:0:0:0:0:1 - - [2015-09-14 22:53:59] "GET /BBSS/VerifyCodeServlet HTTP/1.1" 200 - "http://localhost:8081/BBSS/login" "Mozilla/5.0 (Windows NT 10.0; WOW64) AppleWebKit/537.36 (KHTML, like Gecko) Chrome/44.0.2403.157 Safari/537.36" "JSESSIONID=65C855B0500C30CCC389DE0648DC050C;JSESSIONID=1ivww0yt5zcyj1up5s1sbu90ip"
localhost 0:0:0:0:0:0:0:1 - - [2015-09-14 22:54:00] "GET /favicon.ico HTTP/1.1" 200 1150 "http://localhost:8081/BBSS/login" "Mozilla/5.0 (Windows NT 10.0; WOW64) AppleWebKit/537.36 (KHTML, like Gecko) Chrome/44.0.2403.157 Safari/537.36" -
localhost 0:0:0:0:0:0:0:1 - - [2015-09-14 22:54:12] "POST /BBSS/login HTTP/1.1" 200 - "http://localhost:8081/BBSS/login" "Mozilla/5.0 (Windows NT 10.0; WOW64) AppleWebKit/537.36 (KHTML, like Gecko) Chrome/44.0.2403.157 Safari/537.36" "JSESSIONID=65C855B0500C30CCC389DE0648DC050C;JSESSIONID=1ivww0yt5zcyj1up5s1sbu90ip"
localhost 0:0:0:0:0:0:0:1 - - [2015-09-14 22:55:34] "GET /BBSS/login HTTP/1.1" 200 - "-" "Mozilla/5.0 (Windows NT 10.0; WOW64) AppleWebKit/537.36 (KHTML, like Gecko) Chrome/44.0.2403.157 Safari/537.36" "JSESSIONID=65C855B0500C30CCC389DE0648DC050C;JSESSIONID=1ivww0yt5zcyj1up5s1sbu90ip"
localhost 0:0:0:0:0:0:0:1 - - [2015-09-14 22:55:40] "POST /BBSS/login HTTP/1.1" 200 - "http://localhost:8081/BBSS/login" "Mozilla/5.0 (Windows NT 10.0; WOW64) AppleWebKit/537.36 (KHTML, like Gecko) Chrome/44.0.2403.157 Safari/537.36" "JSESSIONID=65C855B0500C30CCC389DE0648DC050C;JSESSIONID=vx3a0y92lrisepaqkoqerylg"
