localhost 0:0:0:0:0:0:0:1 - - [2015-09-20 10:23:49] "GET /BBSS/ HTTP/1.1" 200 - "-" "Mozilla/5.0 (Windows NT 10.0; WOW64) AppleWebKit/537.36 (KHTML, like Gecko) Chrome/44.0.2403.157 Safari/537.36" "JSESSIONID=1xl4bmo8vhro81v89t52otvlna"
localhost 0:0:0:0:0:0:0:1 - - [2015-09-20 10:23:50] "GET /BBSS/resources/Font-Awesome/css/bootstrap.min.css HTTP/1.1" 404 333 "http://localhost:8081/BBSS/" "Mozilla/5.0 (Windows NT 10.0; WOW64) AppleWebKit/537.36 (KHTML, like Gecko) Chrome/44.0.2403.157 Safari/537.36" "JSESSIONID=1ko8mif3jwi2dv9xiv2d31uyt"
localhost 0:0:0:0:0:0:0:1 - - [2015-09-20 10:23:50] "GET /BBSS/resources/js/jquery.validate.min.js HTTP/1.1" 304 - "http://localhost:8081/BBSS/" "Mozilla/5.0 (Windows NT 10.0; WOW64) AppleWebKit/537.36 (KHTML, like Gecko) Chrome/44.0.2403.157 Safari/537.36" "JSESSIONID=1ko8mif3jwi2dv9xiv2d31uyt"
localhost 0:0:0:0:0:0:0:1 - - [2015-09-20 10:23:50] "GET /BBSS/resources/images/01.jpg HTTP/1.1" 304 - "http://localhost:8081/BBSS/" "Mozilla/5.0 (Windows NT 10.0; WOW64) AppleWebKit/537.36 (KHTML, like Gecko) Chrome/44.0.2403.157 Safari/537.36" "JSESSIONID=1ko8mif3jwi2dv9xiv2d31uyt"
localhost 0:0:0:0:0:0:0:1 - - [2015-09-20 10:23:50] "GET /BBSS/resources/js/bootstrap.min.js HTTP/1.1" 304 - "http://localhost:8081/BBSS/" "Mozilla/5.0 (Windows NT 10.0; WOW64) AppleWebKit/537.36 (KHTML, like Gecko) Chrome/44.0.2403.157 Safari/537.36" "JSESSIONID=1ko8mif3jwi2dv9xiv2d31uyt"
localhost 0:0:0:0:0:0:0:1 - - [2015-09-20 10:23:50] "GET /BBSS/resources/js/jquery.min.js HTTP/1.1" 304 - "http://localhost:8081/BBSS/" "Mozilla/5.0 (Windows NT 10.0; WOW64) AppleWebKit/537.36 (KHTML, like Gecko) Chrome/44.0.2403.157 Safari/537.36" "JSESSIONID=1ko8mif3jwi2dv9xiv2d31uyt"
localhost 0:0:0:0:0:0:0:1 - - [2015-09-20 10:23:50] "GET /BBSS/resources/css/bootstrap.min.css HTTP/1.1" 304 - "http://localhost:8081/BBSS/" "Mozilla/5.0 (Windows NT 10.0; WOW64) AppleWebKit/537.36 (KHTML, like Gecko) Chrome/44.0.2403.157 Safari/537.36" "JSESSIONID=1ko8mif3jwi2dv9xiv2d31uyt"
localhost 0:0:0:0:0:0:0:1 - - [2015-09-20 10:23:50] "GET /BBSS/resources/Font-Awesome/css/font-awesome.min.css HTTP/1.1" 304 - "http://localhost:8081/BBSS/" "Mozilla/5.0 (Windows NT 10.0; WOW64) AppleWebKit/537.36 (KHTML, like Gecko) Chrome/44.0.2403.157 Safari/537.36" "JSESSIONID=1ko8mif3jwi2dv9xiv2d31uyt"
localhost 0:0:0:0:0:0:0:1 - - [2015-09-20 10:23:50] "GET /BBSS/VerifyCodeServlet HTTP/1.1" 200 - "http://localhost:8081/BBSS/" "Mozilla/5.0 (Windows NT 10.0; WOW64) AppleWebKit/537.36 (KHTML, like Gecko) Chrome/44.0.2403.157 Safari/537.36" "JSESSIONID=1ko8mif3jwi2dv9xiv2d31uyt"
localhost 0:0:0:0:0:0:0:1 - - [2015-09-20 10:23:53] "GET /BBSS/register HTTP/1.1" 200 - "http://localhost:8081/BBSS/" "Mozilla/5.0 (Windows NT 10.0; WOW64) AppleWebKit/537.36 (KHTML, like Gecko) Chrome/44.0.2403.157 Safari/537.36" "JSESSIONID=1ko8mif3jwi2dv9xiv2d31uyt"
localhost 0:0:0:0:0:0:0:1 - - [2015-09-20 10:23:53] "GET /BBSS/resources/Font-Awesome/css/bootstrap.min.css HTTP/1.1" 404 333 "http://localhost:8081/BBSS/register" "Mozilla/5.0 (Windows NT 10.0; WOW64) AppleWebKit/537.36 (KHTML, like Gecko) Chrome/44.0.2403.157 Safari/537.36" "JSESSIONID=1ko8mif3jwi2dv9xiv2d31uyt"
localhost 0:0:0:0:0:0:0:1 - - [2015-09-20 10:24:17] "POST /BBSS/register HTTP/1.1" 200 - "http://localhost:8081/BBSS/register" "Mozilla/5.0 (Windows NT 10.0; WOW64) AppleWebKit/537.36 (KHTML, like Gecko) Chrome/44.0.2403.157 Safari/537.36" "JSESSIONID=1ko8mif3jwi2dv9xiv2d31uyt"
localhost 0:0:0:0:0:0:0:1 - - [2015-09-20 10:24:18] "GET /BBSS/resources/Font-Awesome/css/bootstrap.min.css HTTP/1.1" 404 333 "http://localhost:8081/BBSS/register" "Mozilla/5.0 (Windows NT 10.0; WOW64) AppleWebKit/537.36 (KHTML, like Gecko) Chrome/44.0.2403.157 Safari/537.36" "JSESSIONID=1ko8mif3jwi2dv9xiv2d31uyt"
localhost 0:0:0:0:0:0:0:1 - - [2015-09-20 10:24:22] "GET /BBSS/login HTTP/1.1" 200 - "http://localhost:8081/BBSS/register" "Mozilla/5.0 (Windows NT 10.0; WOW64) AppleWebKit/537.36 (KHTML, like Gecko) Chrome/44.0.2403.157 Safari/537.36" "JSESSIONID=1ko8mif3jwi2dv9xiv2d31uyt"
localhost 0:0:0:0:0:0:0:1 - - [2015-09-20 10:24:22] "GET /BBSS/resources/Font-Awesome/css/bootstrap.min.css HTTP/1.1" 404 333 "http://localhost:8081/BBSS/login" "Mozilla/5.0 (Windows NT 10.0; WOW64) AppleWebKit/537.36 (KHTML, like Gecko) Chrome/44.0.2403.157 Safari/537.36" "JSESSIONID=1ko8mif3jwi2dv9xiv2d31uyt"
localhost 0:0:0:0:0:0:0:1 - - [2015-09-20 10:24:22] "GET /BBSS/VerifyCodeServlet HTTP/1.1" 200 - "http://localhost:8081/BBSS/login" "Mozilla/5.0 (Windows NT 10.0; WOW64) AppleWebKit/537.36 (KHTML, like Gecko) Chrome/44.0.2403.157 Safari/537.36" "JSESSIONID=1ko8mif3jwi2dv9xiv2d31uyt"
localhost 0:0:0:0:0:0:0:1 - - [2015-09-20 10:24:34] "GET /BBSS/VerifyCodeServlet?0.6365446364507079 HTTP/1.1" 200 - "http://localhost:8081/BBSS/login" "Mozilla/5.0 (Windows NT 10.0; WOW64) AppleWebKit/537.36 (KHTML, like Gecko) Chrome/44.0.2403.157 Safari/537.36" "JSESSIONID=1ko8mif3jwi2dv9xiv2d31uyt"
localhost 0:0:0:0:0:0:0:1 - - [2015-09-20 10:24:40] "POST /BBSS/login HTTP/1.1" 500 11503 "http://localhost:8081/BBSS/login" "Mozilla/5.0 (Windows NT 10.0; WOW64) AppleWebKit/537.36 (KHTML, like Gecko) Chrome/44.0.2403.157 Safari/537.36" "JSESSIONID=1ko8mif3jwi2dv9xiv2d31uyt"
localhost 0:0:0:0:0:0:0:1 - - [2015-09-20 10:28:31] "GET /BBSS/register HTTP/1.1" 200 - "http://localhost:8081/BBSS/login" "Mozilla/5.0 (Windows NT 10.0; WOW64) AppleWebKit/537.36 (KHTML, like Gecko) Chrome/44.0.2403.157 Safari/537.36" "JSESSIONID=1ko8mif3jwi2dv9xiv2d31uyt"
localhost 0:0:0:0:0:0:0:1 - - [2015-09-20 10:28:32] "GET /BBSS/resources/Font-Awesome/css/bootstrap.min.css HTTP/1.1" 404 333 "http://localhost:8081/BBSS/register" "Mozilla/5.0 (Windows NT 10.0; WOW64) AppleWebKit/537.36 (KHTML, like Gecko) Chrome/44.0.2403.157 Safari/537.36" "JSESSIONID=17f6i8p6pely31j0nzknqmgq05"
localhost 0:0:0:0:0:0:0:1 - - [2015-09-20 10:28:53] "POST /BBSS/register HTTP/1.1" 200 - "http://localhost:8081/BBSS/register" "Mozilla/5.0 (Windows NT 10.0; WOW64) AppleWebKit/537.36 (KHTML, like Gecko) Chrome/44.0.2403.157 Safari/537.36" "JSESSIONID=17f6i8p6pely31j0nzknqmgq05"
localhost 0:0:0:0:0:0:0:1 - - [2015-09-20 10:28:53] "GET /BBSS/resources/Font-Awesome/css/bootstrap.min.css HTTP/1.1" 404 333 "http://localhost:8081/BBSS/register" "Mozilla/5.0 (Windows NT 10.0; WOW64) AppleWebKit/537.36 (KHTML, like Gecko) Chrome/44.0.2403.157 Safari/537.36" "JSESSIONID=17f6i8p6pely31j0nzknqmgq05"
localhost 0:0:0:0:0:0:0:1 - - [2015-09-20 10:28:56] "GET /BBSS/login HTTP/1.1" 200 - "http://localhost:8081/BBSS/register" "Mozilla/5.0 (Windows NT 10.0; WOW64) AppleWebKit/537.36 (KHTML, like Gecko) Chrome/44.0.2403.157 Safari/537.36" "JSESSIONID=17f6i8p6pely31j0nzknqmgq05"
localhost 0:0:0:0:0:0:0:1 - - [2015-09-20 10:28:56] "GET /BBSS/resources/Font-Awesome/css/bootstrap.min.css HTTP/1.1" 404 333 "http://localhost:8081/BBSS/login" "Mozilla/5.0 (Windows NT 10.0; WOW64) AppleWebKit/537.36 (KHTML, like Gecko) Chrome/44.0.2403.157 Safari/537.36" "JSESSIONID=17f6i8p6pely31j0nzknqmgq05"
localhost 0:0:0:0:0:0:0:1 - - [2015-09-20 10:28:56] "GET /BBSS/VerifyCodeServlet HTTP/1.1" 200 - "http://localhost:8081/BBSS/login" "Mozilla/5.0 (Windows NT 10.0; WOW64) AppleWebKit/537.36 (KHTML, like Gecko) Chrome/44.0.2403.157 Safari/537.36" "JSESSIONID=17f6i8p6pely31j0nzknqmgq05"
localhost 0:0:0:0:0:0:0:1 - - [2015-09-20 10:29:11] "POST /BBSS/login HTTP/1.1" 500 11505 "http://localhost:8081/BBSS/login" "Mozilla/5.0 (Windows NT 10.0; WOW64) AppleWebKit/537.36 (KHTML, like Gecko) Chrome/44.0.2403.157 Safari/537.36" "JSESSIONID=17f6i8p6pely31j0nzknqmgq05"
localhost 0:0:0:0:0:0:0:1 - - [2015-09-20 10:32:32] "GET /BBSS/register HTTP/1.1" 200 - "http://localhost:8081/BBSS/login" "Mozilla/5.0 (Windows NT 10.0; WOW64) AppleWebKit/537.36 (KHTML, like Gecko) Chrome/44.0.2403.157 Safari/537.36" "JSESSIONID=17f6i8p6pely31j0nzknqmgq05"
localhost 0:0:0:0:0:0:0:1 - - [2015-09-20 10:32:32] "GET /BBSS/resources/Font-Awesome/css/bootstrap.min.css HTTP/1.1" 404 333 "http://localhost:8081/BBSS/register" "Mozilla/5.0 (Windows NT 10.0; WOW64) AppleWebKit/537.36 (KHTML, like Gecko) Chrome/44.0.2403.157 Safari/537.36" "JSESSIONID=1gqkzicsqzdfgdiq6oieklbnw"
localhost 0:0:0:0:0:0:0:1 - - [2015-09-20 10:32:44] "POST /BBSS/register HTTP/1.1" 200 - "http://localhost:8081/BBSS/register" "Mozilla/5.0 (Windows NT 10.0; WOW64) AppleWebKit/537.36 (KHTML, like Gecko) Chrome/44.0.2403.157 Safari/537.36" "JSESSIONID=1gqkzicsqzdfgdiq6oieklbnw"
localhost 0:0:0:0:0:0:0:1 - - [2015-09-20 10:32:44] "GET /BBSS/resources/Font-Awesome/css/bootstrap.min.css HTTP/1.1" 404 333 "http://localhost:8081/BBSS/register" "Mozilla/5.0 (Windows NT 10.0; WOW64) AppleWebKit/537.36 (KHTML, like Gecko) Chrome/44.0.2403.157 Safari/537.36" "JSESSIONID=1gqkzicsqzdfgdiq6oieklbnw"
localhost 0:0:0:0:0:0:0:1 - - [2015-09-20 10:32:46] "GET /BBSS/login HTTP/1.1" 200 - "http://localhost:8081/BBSS/register" "Mozilla/5.0 (Windows NT 10.0; WOW64) AppleWebKit/537.36 (KHTML, like Gecko) Chrome/44.0.2403.157 Safari/537.36" "JSESSIONID=1gqkzicsqzdfgdiq6oieklbnw"
localhost 0:0:0:0:0:0:0:1 - - [2015-09-20 10:32:46] "GET /BBSS/resources/Font-Awesome/css/bootstrap.min.css HTTP/1.1" 404 333 "http://localhost:8081/BBSS/login" "Mozilla/5.0 (Windows NT 10.0; WOW64) AppleWebKit/537.36 (KHTML, like Gecko) Chrome/44.0.2403.157 Safari/537.36" "JSESSIONID=1gqkzicsqzdfgdiq6oieklbnw"
localhost 0:0:0:0:0:0:0:1 - - [2015-09-20 10:32:46] "GET /BBSS/VerifyCodeServlet HTTP/1.1" 200 - "http://localhost:8081/BBSS/login" "Mozilla/5.0 (Windows NT 10.0; WOW64) AppleWebKit/537.36 (KHTML, like Gecko) Chrome/44.0.2403.157 Safari/537.36" "JSESSIONID=1gqkzicsqzdfgdiq6oieklbnw"
localhost 0:0:0:0:0:0:0:1 - - [2015-09-20 10:33:01] "POST /BBSS/login HTTP/1.1" 500 11505 "http://localhost:8081/BBSS/login" "Mozilla/5.0 (Windows NT 10.0; WOW64) AppleWebKit/537.36 (KHTML, like Gecko) Chrome/44.0.2403.157 Safari/537.36" "JSESSIONID=1gqkzicsqzdfgdiq6oieklbnw"
localhost 0:0:0:0:0:0:0:1 - - [2015-09-20 10:41:04] "GET /BBSS/ HTTP/1.1" 200 - "-" "Mozilla/5.0 (Windows NT 10.0; WOW64) AppleWebKit/537.36 (KHTML, like Gecko) Chrome/44.0.2403.157 Safari/537.36" "JSESSIONID=1gqkzicsqzdfgdiq6oieklbnw"
localhost 0:0:0:0:0:0:0:1 - - [2015-09-20 10:41:06] "GET /BBSS/resources/Font-Awesome/css/bootstrap.min.css HTTP/1.1" 404 333 "http://localhost:8081/BBSS/" "Mozilla/5.0 (Windows NT 10.0; WOW64) AppleWebKit/537.36 (KHTML, like Gecko) Chrome/44.0.2403.157 Safari/537.36" "JSESSIONID=1tyhclkbyils41hb2o95dnd0bh"
localhost 0:0:0:0:0:0:0:1 - - [2015-09-20 10:41:06] "GET /BBSS/VerifyCodeServlet HTTP/1.1" 200 - "http://localhost:8081/BBSS/" "Mozilla/5.0 (Windows NT 10.0; WOW64) AppleWebKit/537.36 (KHTML, like Gecko) Chrome/44.0.2403.157 Safari/537.36" "JSESSIONID=1tyhclkbyils41hb2o95dnd0bh"
localhost 0:0:0:0:0:0:0:1 - - [2015-09-20 10:41:11] "GET /BBSS/register HTTP/1.1" 200 - "http://localhost:8081/BBSS/" "Mozilla/5.0 (Windows NT 10.0; WOW64) AppleWebKit/537.36 (KHTML, like Gecko) Chrome/44.0.2403.157 Safari/537.36" "JSESSIONID=1tyhclkbyils41hb2o95dnd0bh"
localhost 0:0:0:0:0:0:0:1 - - [2015-09-20 10:41:11] "GET /BBSS/resources/Font-Awesome/css/bootstrap.min.css HTTP/1.1" 404 333 "http://localhost:8081/BBSS/register" "Mozilla/5.0 (Windows NT 10.0; WOW64) AppleWebKit/537.36 (KHTML, like Gecko) Chrome/44.0.2403.157 Safari/537.36" "JSESSIONID=1tyhclkbyils41hb2o95dnd0bh"
localhost 0:0:0:0:0:0:0:1 - - [2015-09-20 10:41:34] "POST /BBSS/register HTTP/1.1" 200 - "http://localhost:8081/BBSS/register" "Mozilla/5.0 (Windows NT 10.0; WOW64) AppleWebKit/537.36 (KHTML, like Gecko) Chrome/44.0.2403.157 Safari/537.36" "JSESSIONID=1tyhclkbyils41hb2o95dnd0bh"
localhost 0:0:0:0:0:0:0:1 - - [2015-09-20 10:41:35] "GET /BBSS/resources/Font-Awesome/css/bootstrap.min.css HTTP/1.1" 404 333 "http://localhost:8081/BBSS/register" "Mozilla/5.0 (Windows NT 10.0; WOW64) AppleWebKit/537.36 (KHTML, like Gecko) Chrome/44.0.2403.157 Safari/537.36" "JSESSIONID=1tyhclkbyils41hb2o95dnd0bh"
localhost 0:0:0:0:0:0:0:1 - - [2015-09-20 10:41:37] "GET /BBSS/login HTTP/1.1" 200 - "http://localhost:8081/BBSS/register" "Mozilla/5.0 (Windows NT 10.0; WOW64) AppleWebKit/537.36 (KHTML, like Gecko) Chrome/44.0.2403.157 Safari/537.36" "JSESSIONID=1tyhclkbyils41hb2o95dnd0bh"
localhost 0:0:0:0:0:0:0:1 - - [2015-09-20 10:41:37] "GET /BBSS/resources/Font-Awesome/css/bootstrap.min.css HTTP/1.1" 404 333 "http://localhost:8081/BBSS/login" "Mozilla/5.0 (Windows NT 10.0; WOW64) AppleWebKit/537.36 (KHTML, like Gecko) Chrome/44.0.2403.157 Safari/537.36" "JSESSIONID=1tyhclkbyils41hb2o95dnd0bh"
localhost 0:0:0:0:0:0:0:1 - - [2015-09-20 10:41:37] "GET /BBSS/VerifyCodeServlet HTTP/1.1" 200 - "http://localhost:8081/BBSS/login" "Mozilla/5.0 (Windows NT 10.0; WOW64) AppleWebKit/537.36 (KHTML, like Gecko) Chrome/44.0.2403.157 Safari/537.36" "JSESSIONID=1tyhclkbyils41hb2o95dnd0bh"
localhost 0:0:0:0:0:0:0:1 - - [2015-09-20 10:41:49] "GET /BBSS/VerifyCodeServlet?0.2429445362649858 HTTP/1.1" 200 - "http://localhost:8081/BBSS/login" "Mozilla/5.0 (Windows NT 10.0; WOW64) AppleWebKit/537.36 (KHTML, like Gecko) Chrome/44.0.2403.157 Safari/537.36" "JSESSIONID=1tyhclkbyils41hb2o95dnd0bh"
localhost 0:0:0:0:0:0:0:1 - - [2015-09-20 10:41:50] "GET /BBSS/VerifyCodeServlet?0.3378493217751384 HTTP/1.1" 200 - "http://localhost:8081/BBSS/login" "Mozilla/5.0 (Windows NT 10.0; WOW64) AppleWebKit/537.36 (KHTML, like Gecko) Chrome/44.0.2403.157 Safari/537.36" "JSESSIONID=1tyhclkbyils41hb2o95dnd0bh"
localhost 0:0:0:0:0:0:0:1 - - [2015-09-20 10:41:50] "GET /BBSS/VerifyCodeServlet?0.4094677248504013 HTTP/1.1" 200 - "http://localhost:8081/BBSS/login" "Mozilla/5.0 (Windows NT 10.0; WOW64) AppleWebKit/537.36 (KHTML, like Gecko) Chrome/44.0.2403.157 Safari/537.36" "JSESSIONID=1tyhclkbyils41hb2o95dnd0bh"
localhost 0:0:0:0:0:0:0:1 - - [2015-09-20 10:41:51] "GET /BBSS/VerifyCodeServlet?0.554796882905066 HTTP/1.1" 200 - "http://localhost:8081/BBSS/login" "Mozilla/5.0 (Windows NT 10.0; WOW64) AppleWebKit/537.36 (KHTML, like Gecko) Chrome/44.0.2403.157 Safari/537.36" "JSESSIONID=1tyhclkbyils41hb2o95dnd0bh"
localhost 0:0:0:0:0:0:0:1 - - [2015-09-20 10:41:52] "GET /BBSS/VerifyCodeServlet?0.054083847207948565 HTTP/1.1" 200 - "http://localhost:8081/BBSS/login" "Mozilla/5.0 (Windows NT 10.0; WOW64) AppleWebKit/537.36 (KHTML, like Gecko) Chrome/44.0.2403.157 Safari/537.36" "JSESSIONID=1tyhclkbyils41hb2o95dnd0bh"
localhost 0:0:0:0:0:0:0:1 - - [2015-09-20 10:41:53] "GET /BBSS/VerifyCodeServlet?0.1636334026698023 HTTP/1.1" 200 - "http://localhost:8081/BBSS/login" "Mozilla/5.0 (Windows NT 10.0; WOW64) AppleWebKit/537.36 (KHTML, like Gecko) Chrome/44.0.2403.157 Safari/537.36" "JSESSIONID=1tyhclkbyils41hb2o95dnd0bh"
localhost 0:0:0:0:0:0:0:1 - - [2015-09-20 10:41:54] "GET /BBSS/VerifyCodeServlet?0.08339036954566836 HTTP/1.1" 200 - "http://localhost:8081/BBSS/login" "Mozilla/5.0 (Windows NT 10.0; WOW64) AppleWebKit/537.36 (KHTML, like Gecko) Chrome/44.0.2403.157 Safari/537.36" "JSESSIONID=1tyhclkbyils41hb2o95dnd0bh"
localhost 0:0:0:0:0:0:0:1 - - [2015-09-20 10:41:55] "GET /BBSS/VerifyCodeServlet?0.5537849855609238 HTTP/1.1" 200 - "http://localhost:8081/BBSS/login" "Mozilla/5.0 (Windows NT 10.0; WOW64) AppleWebKit/537.36 (KHTML, like Gecko) Chrome/44.0.2403.157 Safari/537.36" "JSESSIONID=1tyhclkbyils41hb2o95dnd0bh"
localhost 0:0:0:0:0:0:0:1 - - [2015-09-20 10:42:01] "POST /BBSS/login HTTP/1.1" 200 - "http://localhost:8081/BBSS/login" "Mozilla/5.0 (Windows NT 10.0; WOW64) AppleWebKit/537.36 (KHTML, like Gecko) Chrome/44.0.2403.157 Safari/537.36" "JSESSIONID=1tyhclkbyils41hb2o95dnd0bh"
