[BBSS][INFO] [2015-09-16 21:45:55] org.springframework.web.context.ContextLoader.initWebApplicationContext(285) | Root WebApplicationContext: initialization started
[BBSS][INFO] [2015-09-16 21:45:55] org.springframework.context.support.AbstractApplicationContext.prepareRefresh(513) | Refreshing Root WebApplicationContext: startup date [Wed Sep 16 21:45:55 CST 2015]; root of context hierarchy
[BBSS][INFO] [2015-09-16 21:45:55] org.springframework.beans.factory.xml.XmlBeanDefinitionReader.loadBeanDefinitions(316) | Loading XML bean definitions from class path resource [spring.xml]
[BBSS][INFO] [2015-09-16 21:45:55] org.springframework.beans.factory.xml.XmlBeanDefinitionReader.loadBeanDefinitions(316) | Loading XML bean definitions from class path resource [spring-mybatis.xml]
[BBSS][INFO] [2015-09-16 21:45:55] org.springframework.core.io.support.PropertiesLoaderSupport.loadProperties(172) | Loading properties file from class path resource [jdbc.properties]
[BBSS][INFO] [2015-09-16 21:45:55] org.springframework.beans.factory.annotation.AutowiredAnnotationBeanPostProcessor.<init>(141) | JSR-330 'javax.inject.Inject' annotation found and supported for autowiring
[BBSS][ERROR] [2015-09-16 21:45:56] com.alibaba.druid.pool.DruidAbstractDataSource.setMaxIdle(873) | maxIdle is deprecated
[BBSS][INFO] [2015-09-16 21:45:56] com.alibaba.druid.pool.DruidDataSource.init(450) | {dataSource-1} inited
[BBSS][INFO] [2015-09-16 21:45:57] org.springframework.web.context.ContextLoader.initWebApplicationContext(325) | Root WebApplicationContext: initialization completed in 1801 ms
[BBSS][INFO] [2015-09-16 21:45:57] org.springframework.web.servlet.FrameworkServlet.initServletBean(479) | FrameworkServlet 'springMvc': initialization started
[BBSS][INFO] [2015-09-16 21:45:57] org.springframework.context.support.AbstractApplicationContext.prepareRefresh(513) | Refreshing WebApplicationContext for namespace 'springMvc-servlet': startup date [Wed Sep 16 21:45:57 CST 2015]; parent: Root WebApplicationContext
[BBSS][INFO] [2015-09-16 21:45:57] org.springframework.beans.factory.xml.XmlBeanDefinitionReader.loadBeanDefinitions(316) | Loading XML bean definitions from class path resource [spring-mvc.xml]
[BBSS][INFO] [2015-09-16 21:45:57] org.springframework.beans.factory.annotation.AutowiredAnnotationBeanPostProcessor.<init>(141) | JSR-330 'javax.inject.Inject' annotation found and supported for autowiring
[BBSS][INFO] [2015-09-16 21:45:57] org.springframework.web.servlet.handler.AbstractHandlerMethodMapping.registerHandlerMethod(182) | Mapped "{[/addBook],methods=[POST],params=[],headers=[],consumes=[],produces=[],custom=[]}" onto public java.lang.String com.booksales.controller.BookController.addBook2(org.springframework.web.multipart.MultipartFile)
[BBSS][INFO] [2015-09-16 21:45:57] org.springframework.web.servlet.handler.AbstractHandlerMethodMapping.registerHandlerMethod(182) | Mapped "{[/addPicture],methods=[GET],params=[],headers=[],consumes=[],produces=[],custom=[]}" onto public java.lang.String com.booksales.controller.BookController.addPicture()
[BBSS][INFO] [2015-09-16 21:45:57] org.springframework.web.servlet.handler.AbstractHandlerMethodMapping.registerHandlerMethod(182) | Mapped "{[/addPicture],methods=[POST],params=[],headers=[],consumes=[],produces=[],custom=[]}" onto public java.lang.String com.booksales.controller.BookController.addPicture2(org.springframework.web.multipart.MultipartFile)
[BBSS][INFO] [2015-09-16 21:45:57] org.springframework.web.servlet.handler.AbstractHandlerMethodMapping.registerHandlerMethod(182) | Mapped "{[/addBook],methods=[GET],params=[],headers=[],consumes=[],produces=[],custom=[]}" onto public java.lang.String com.booksales.controller.BookController.addBook()
[BBSS][INFO] [2015-09-16 21:45:57] org.springframework.web.servlet.handler.AbstractHandlerMethodMapping.registerHandlerMethod(182) | Mapped "{[/addClassify],methods=[POST],params=[],headers=[],consumes=[],produces=[],custom=[]}" onto public java.lang.String com.booksales.controller.ClassifyController.addClassify2(org.springframework.ui.Model,com.booksales.model.Class) throws org.codehaus.jackson.JsonGenerationException,org.codehaus.jackson.map.JsonMappingException,java.io.IOException
[BBSS][INFO] [2015-09-16 21:45:57] org.springframework.web.servlet.handler.AbstractHandlerMethodMapping.registerHandlerMethod(182) | Mapped "{[/addClassify],methods=[GET],params=[],headers=[],consumes=[],produces=[],custom=[]}" onto public java.lang.String com.booksales.controller.ClassifyController.addClassify(org.springframework.ui.Model) throws org.codehaus.jackson.JsonGenerationException,org.codehaus.jackson.map.JsonMappingException,java.io.IOException
[BBSS][INFO] [2015-09-16 21:45:57] org.springframework.web.servlet.handler.AbstractHandlerMethodMapping.registerHandlerMethod(182) | Mapped "{[/addSubClassify],methods=[GET],params=[],headers=[],consumes=[],produces=[],custom=[]}" onto public java.lang.String com.booksales.controller.ClassifyController.addSubClassify(org.springframework.ui.Model) throws org.codehaus.jackson.JsonGenerationException,org.codehaus.jackson.map.JsonMappingException,java.io.IOException
[BBSS][INFO] [2015-09-16 21:45:57] org.springframework.web.servlet.handler.AbstractHandlerMethodMapping.registerHandlerMethod(182) | Mapped "{[/addSubClassify],methods=[POST],params=[],headers=[],consumes=[],produces=[],custom=[]}" onto public java.lang.String com.booksales.controller.ClassifyController.addSubClassify2(javax.servlet.http.HttpServletRequest,javax.servlet.http.HttpServletResponse) throws org.codehaus.jackson.JsonGenerationException,org.codehaus.jackson.map.JsonMappingException,java.io.IOException
[BBSS][INFO] [2015-09-16 21:45:57] org.springframework.web.servlet.handler.AbstractHandlerMethodMapping.registerHandlerMethod(182) | Mapped "{[/selectByFatherId],methods=[POST],params=[],headers=[],consumes=[],produces=[],custom=[]}" onto public java.util.List<com.booksales.model.Class> com.booksales.controller.ClassifyController.selectByFatherId(javax.servlet.http.HttpServletRequest,javax.servlet.http.HttpServletResponse) throws org.codehaus.jackson.JsonGenerationException,org.codehaus.jackson.map.JsonMappingException,java.io.IOException
[BBSS][INFO] [2015-09-16 21:45:57] org.springframework.web.servlet.handler.AbstractHandlerMethodMapping.registerHandlerMethod(182) | Mapped "{[/register],methods=[GET],params=[],headers=[],consumes=[],produces=[],custom=[]}" onto public java.lang.String com.booksales.controller.LoginController.register()
[BBSS][INFO] [2015-09-16 21:45:57] org.springframework.web.servlet.handler.AbstractHandlerMethodMapping.registerHandlerMethod(182) | Mapped "{[/login],methods=[GET],params=[],headers=[],consumes=[],produces=[],custom=[]}" onto public java.lang.String com.booksales.controller.LoginController.login()
[BBSS][INFO] [2015-09-16 21:45:57] org.springframework.web.servlet.handler.AbstractHandlerMethodMapping.registerHandlerMethod(182) | Mapped "{[/register],methods=[POST],params=[],headers=[],consumes=[],produces=[],custom=[]}" onto public java.lang.String com.booksales.controller.LoginController.register2(com.booksales.model.User,org.springframework.ui.Model) throws org.codehaus.jackson.JsonGenerationException,org.codehaus.jackson.map.JsonMappingException,java.io.IOException
[BBSS][INFO] [2015-09-16 21:45:57] org.springframework.web.servlet.handler.AbstractHandlerMethodMapping.registerHandlerMethod(182) | Mapped "{[],methods=[],params=[],headers=[],consumes=[],produces=[],custom=[]}" onto public java.lang.String com.booksales.controller.LoginController.showHome()
[BBSS][INFO] [2015-09-16 21:45:57] org.springframework.web.servlet.handler.AbstractHandlerMethodMapping.registerHandlerMethod(182) | Mapped "{[/login],methods=[POST],params=[],headers=[],consumes=[],produces=[],custom=[]}" onto public java.lang.String com.booksales.controller.LoginController.login2(javax.servlet.http.HttpServletRequest,javax.servlet.http.HttpServletResponse) throws org.codehaus.jackson.JsonGenerationException,org.codehaus.jackson.map.JsonMappingException,java.io.IOException
[BBSS][INFO] [2015-09-16 21:45:58] org.springframework.web.servlet.handler.AbstractUrlHandlerMapping.registerHandler(315) | Mapped URL path [/resources/**] onto handler 'org.springframework.web.servlet.resource.ResourceHttpRequestHandler#0'
[BBSS][INFO] [2015-09-16 21:45:58] org.springframework.web.servlet.FrameworkServlet.initServletBean(498) | FrameworkServlet 'springMvc': initialization completed in 1120 ms
[BBSS][INFO] [2015-09-16 21:46:06] org.springframework.context.support.AbstractApplicationContext.doClose(873) | Closing WebApplicationContext for namespace 'springMvc-servlet': startup date [Wed Sep 16 21:45:57 CST 2015]; parent: Root WebApplicationContext
[BBSS][INFO] [2015-09-16 21:46:06] org.springframework.context.support.AbstractApplicationContext.doClose(873) | Closing Root WebApplicationContext: startup date [Wed Sep 16 21:45:55 CST 2015]; root of context hierarchy
[BBSS][INFO] [2015-09-16 21:46:06] com.alibaba.druid.pool.DruidDataSource.close(982) | {dataSource-1} closed
